#! /usr/bin/vvp
:ivl_version "12.0 (stable)" "(v12_0-dirty)";
:ivl_delay_selection "TYPICAL";
:vpi_time_precision - 12;
:vpi_module "/usr/lib/ivl/system.vpi";
:vpi_module "/usr/lib/ivl/vhdl_sys.vpi";
:vpi_module "/usr/lib/ivl/vhdl_textio.vpi";
:vpi_module "/usr/lib/ivl/v2005_math.vpi";
:vpi_module "/usr/lib/ivl/va_math.vpi";
:vpi_module "/usr/lib/ivl/v2009.vpi";
S_0x557debf26350 .scope package, "$unit" "$unit" 2 1;
 .timescale 0 0;
S_0x557debec0ef0 .scope module, "computer_tb" "computer_tb" 3 4;
 .timescale -9 -12;
v0x557debf4cda0_0 .var "clk", 0 0;
v0x557debf4ce60_0 .var "port_in_00", 7 0;
v0x557debf4cf20_0 .var "port_in_01", 7 0;
v0x557debf4d010_0 .var "port_in_02", 7 0;
v0x557debf4d120_0 .var "port_in_03", 7 0;
v0x557debf4d280_0 .var "port_in_04", 7 0;
v0x557debf4d390_0 .var "port_in_05", 7 0;
v0x557debf4d4a0_0 .var "port_in_06", 7 0;
v0x557debf4d5b0_0 .var "port_in_07", 7 0;
v0x557debf4d700_0 .var "port_in_08", 7 0;
v0x557debf4d810_0 .var "port_in_09", 7 0;
v0x557debf4d920_0 .var "port_in_10", 7 0;
v0x557debf4da30_0 .var "port_in_11", 7 0;
v0x557debf4db40_0 .var "port_in_12", 7 0;
v0x557debf4dc50_0 .var "port_in_13", 7 0;
v0x557debf4dd60_0 .var "port_in_14", 7 0;
v0x557debf4de70_0 .var "port_in_15", 7 0;
v0x557debf4df80_0 .net "port_out_00", 7 0, v0x557debf46100_0;  1 drivers
v0x557debf4e040_0 .net "port_out_01", 7 0, v0x557debf461c0_0;  1 drivers
v0x557debf4e100_0 .net "port_out_02", 7 0, v0x557debf462a0_0;  1 drivers
v0x557debf4e1c0_0 .net "port_out_03", 7 0, v0x557debf46380_0;  1 drivers
v0x557debf4e280_0 .net "port_out_04", 7 0, v0x557debf46460_0;  1 drivers
v0x557debf4e340_0 .net "port_out_05", 7 0, v0x557debf46540_0;  1 drivers
v0x557debf4e400_0 .net "port_out_06", 7 0, v0x557debf46620_0;  1 drivers
v0x557debf4e4c0_0 .net "port_out_07", 7 0, v0x557debf46700_0;  1 drivers
v0x557debf4e580_0 .net "port_out_08", 7 0, v0x557debf467e0_0;  1 drivers
v0x557debf4e640_0 .net "port_out_09", 7 0, v0x557debf468c0_0;  1 drivers
v0x557debf4e700_0 .net "port_out_10", 7 0, v0x557debf469a0_0;  1 drivers
v0x557debf4e7c0_0 .net "port_out_11", 7 0, v0x557debf46a80_0;  1 drivers
v0x557debf4e880_0 .net "port_out_12", 7 0, v0x557debf46b60_0;  1 drivers
v0x557debf4e940_0 .net "port_out_13", 7 0, v0x557debf46c40_0;  1 drivers
v0x557debf4ea00_0 .net "port_out_14", 7 0, v0x557debf46e30_0;  1 drivers
v0x557debf4eac0_0 .net "port_out_15", 7 0, v0x557debf46f10_0;  1 drivers
v0x557debf4ed90_0 .var "reset", 0 0;
S_0x557debec1080 .scope module, "DUT" "computer" 3 19, 4 4 0, S_0x557debec0ef0;
 .timescale -9 -12;
    .port_info 0 /OUTPUT 8 "port_out_00";
    .port_info 1 /OUTPUT 8 "port_out_01";
    .port_info 2 /OUTPUT 8 "port_out_02";
    .port_info 3 /OUTPUT 8 "port_out_03";
    .port_info 4 /OUTPUT 8 "port_out_04";
    .port_info 5 /OUTPUT 8 "port_out_05";
    .port_info 6 /OUTPUT 8 "port_out_06";
    .port_info 7 /OUTPUT 8 "port_out_07";
    .port_info 8 /OUTPUT 8 "port_out_08";
    .port_info 9 /OUTPUT 8 "port_out_09";
    .port_info 10 /OUTPUT 8 "port_out_10";
    .port_info 11 /OUTPUT 8 "port_out_11";
    .port_info 12 /OUTPUT 8 "port_out_12";
    .port_info 13 /OUTPUT 8 "port_out_13";
    .port_info 14 /OUTPUT 8 "port_out_14";
    .port_info 15 /OUTPUT 8 "port_out_15";
    .port_info 16 /INPUT 8 "port_in_00";
    .port_info 17 /INPUT 8 "port_in_01";
    .port_info 18 /INPUT 8 "port_in_02";
    .port_info 19 /INPUT 8 "port_in_03";
    .port_info 20 /INPUT 8 "port_in_04";
    .port_info 21 /INPUT 8 "port_in_05";
    .port_info 22 /INPUT 8 "port_in_06";
    .port_info 23 /INPUT 8 "port_in_07";
    .port_info 24 /INPUT 8 "port_in_08";
    .port_info 25 /INPUT 8 "port_in_09";
    .port_info 26 /INPUT 8 "port_in_10";
    .port_info 27 /INPUT 8 "port_in_11";
    .port_info 28 /INPUT 8 "port_in_12";
    .port_info 29 /INPUT 8 "port_in_13";
    .port_info 30 /INPUT 8 "port_in_14";
    .port_info 31 /INPUT 8 "port_in_15";
    .port_info 32 /INPUT 1 "clk";
    .port_info 33 /INPUT 1 "reset";
v0x557debf4a580_0 .net "address_signal", 7 0, v0x557debf3e1e0_0;  1 drivers
v0x557debf4a660_0 .net "clk", 0 0, v0x557debf4cda0_0;  1 drivers
v0x557debf4a720_0 .net "cpu_data", 7 0, v0x557debf47e90_0;  1 drivers
v0x557debf4a7f0_0 .net "memory_data", 7 0, v0x557debf3e320_0;  1 drivers
v0x557debf4a890_0 .net "port_in_00", 7 0, v0x557debf4ce60_0;  1 drivers
v0x557debf4a950_0 .net "port_in_01", 7 0, v0x557debf4cf20_0;  1 drivers
v0x557debf4aa20_0 .net "port_in_02", 7 0, v0x557debf4d010_0;  1 drivers
v0x557debf4aaf0_0 .net "port_in_03", 7 0, v0x557debf4d120_0;  1 drivers
v0x557debf4abc0_0 .net "port_in_04", 7 0, v0x557debf4d280_0;  1 drivers
v0x557debf4ac90_0 .net "port_in_05", 7 0, v0x557debf4d390_0;  1 drivers
v0x557debf4ad60_0 .net "port_in_06", 7 0, v0x557debf4d4a0_0;  1 drivers
v0x557debf4ae30_0 .net "port_in_07", 7 0, v0x557debf4d5b0_0;  1 drivers
v0x557debf4af00_0 .net "port_in_08", 7 0, v0x557debf4d700_0;  1 drivers
v0x557debf4afd0_0 .net "port_in_09", 7 0, v0x557debf4d810_0;  1 drivers
v0x557debf4b0a0_0 .net "port_in_10", 7 0, v0x557debf4d920_0;  1 drivers
v0x557debf4b170_0 .net "port_in_11", 7 0, v0x557debf4da30_0;  1 drivers
v0x557debf4b240_0 .net "port_in_12", 7 0, v0x557debf4db40_0;  1 drivers
v0x557debf4b310_0 .net "port_in_13", 7 0, v0x557debf4dc50_0;  1 drivers
v0x557debf4b3e0_0 .net "port_in_14", 7 0, v0x557debf4dd60_0;  1 drivers
v0x557debf4b4b0_0 .net "port_in_15", 7 0, v0x557debf4de70_0;  1 drivers
v0x557debf4b580_0 .net "port_out_00", 7 0, v0x557debf46100_0;  alias, 1 drivers
v0x557debf4b620_0 .net "port_out_01", 7 0, v0x557debf461c0_0;  alias, 1 drivers
v0x557debf4b730_0 .net "port_out_02", 7 0, v0x557debf462a0_0;  alias, 1 drivers
v0x557debf4b840_0 .net "port_out_03", 7 0, v0x557debf46380_0;  alias, 1 drivers
v0x557debf4b950_0 .net "port_out_04", 7 0, v0x557debf46460_0;  alias, 1 drivers
v0x557debf4ba60_0 .net "port_out_05", 7 0, v0x557debf46540_0;  alias, 1 drivers
v0x557debf4bb70_0 .net "port_out_06", 7 0, v0x557debf46620_0;  alias, 1 drivers
v0x557debf4bc80_0 .net "port_out_07", 7 0, v0x557debf46700_0;  alias, 1 drivers
v0x557debf4bd90_0 .net "port_out_08", 7 0, v0x557debf467e0_0;  alias, 1 drivers
v0x557debf4bea0_0 .net "port_out_09", 7 0, v0x557debf468c0_0;  alias, 1 drivers
v0x557debf4bfb0_0 .net "port_out_10", 7 0, v0x557debf469a0_0;  alias, 1 drivers
v0x557debf4c0c0_0 .net "port_out_11", 7 0, v0x557debf46a80_0;  alias, 1 drivers
v0x557debf4c1d0_0 .net "port_out_12", 7 0, v0x557debf46b60_0;  alias, 1 drivers
v0x557debf4c4f0_0 .net "port_out_13", 7 0, v0x557debf46c40_0;  alias, 1 drivers
v0x557debf4c600_0 .net "port_out_14", 7 0, v0x557debf46e30_0;  alias, 1 drivers
v0x557debf4c710_0 .net "port_out_15", 7 0, v0x557debf46f10_0;  alias, 1 drivers
v0x557debf4c820_0 .net "reset", 0 0, v0x557debf4ed90_0;  1 drivers
v0x557debf4c8c0_0 .net "write_signal", 0 0, v0x557debf41bf0_0;  1 drivers
S_0x557debe0bb20 .scope module, "CPU" "cpu" 4 43, 5 5 0, S_0x557debec1080;
 .timescale -9 -12;
    .port_info 0 /OUTPUT 8 "address";
    .port_info 1 /OUTPUT 8 "to_memory";
    .port_info 2 /OUTPUT 1 "write";
    .port_info 3 /INPUT 8 "from_memory";
    .port_info 4 /INPUT 1 "clk";
    .port_info 5 /INPUT 1 "reset";
v0x557debf41f10_0 .net "ALU_signal", 2 0, v0x557debf40bd0_0;  1 drivers
v0x557debf41ff0_0 .net "A_signal", 0 0, v0x557debf40d00_0;  1 drivers
v0x557debf420b0_0 .net "B_signal", 0 0, v0x557debf40e10_0;  1 drivers
v0x557debf42150_0 .net "Bus1_signal", 1 0, v0x557debf40f00_0;  1 drivers
v0x557debf42240_0 .net "Bus2_signal", 1 0, v0x557debf40fa0_0;  1 drivers
v0x557debf42380_0 .net "CCR_data", 3 0, v0x557debf3d7f0_0;  1 drivers
v0x557debf42490_0 .net "CCR_signal", 0 0, v0x557debf41130_0;  1 drivers
v0x557debf42530_0 .net "IR_data", 7 0, v0x557debf3dba0_0;  1 drivers
v0x557debf42640_0 .net "IR_signal", 0 0, v0x557debf41400_0;  1 drivers
v0x557debf426e0_0 .net "MAR_signal", 0 0, v0x557debf414a0_0;  1 drivers
v0x557debf42780_0 .net "PC_Inc_signal", 0 0, v0x557debf41630_0;  1 drivers
v0x557debf42820_0 .net "PC_signal", 0 0, v0x557debf41720_0;  1 drivers
v0x557debf428c0_0 .net "address", 7 0, v0x557debf3e1e0_0;  alias, 1 drivers
v0x557debf42980_0 .net "clk", 0 0, v0x557debf4cda0_0;  alias, 1 drivers
v0x557debf42b30_0 .net "from_memory", 7 0, v0x557debf47e90_0;  alias, 1 drivers
v0x557debf42bd0_0 .net "reset", 0 0, v0x557debf4ed90_0;  alias, 1 drivers
v0x557debf42d80_0 .net "to_memory", 7 0, v0x557debf3e320_0;  alias, 1 drivers
v0x557debf42f30_0 .net "write", 0 0, v0x557debf41bf0_0;  alias, 1 drivers
S_0x557debe0bd00 .scope module, "Caminho_Dados" "data_path" 5 37, 6 5 0, S_0x557debe0bb20;
 .timescale -9 -12;
    .port_info 0 /OUTPUT 8 "address";
    .port_info 1 /OUTPUT 8 "to_memory";
    .port_info 2 /OUTPUT 8 "IR_out";
    .port_info 3 /OUTPUT 4 "CCR_Result";
    .port_info 4 /INPUT 8 "from_memory";
    .port_info 5 /INPUT 3 "ALU_Sel";
    .port_info 6 /INPUT 2 "Bus1_Sel";
    .port_info 7 /INPUT 2 "Bus2_Sel";
    .port_info 8 /INPUT 1 "IR_Load";
    .port_info 9 /INPUT 1 "MAR_Load";
    .port_info 10 /INPUT 1 "PC_Load";
    .port_info 11 /INPUT 1 "A_Load";
    .port_info 12 /INPUT 1 "B_Load";
    .port_info 13 /INPUT 1 "CCR_Load";
    .port_info 14 /INPUT 1 "Clk";
    .port_info 15 /INPUT 1 "Reset";
    .port_info 16 /INPUT 1 "PC_Inc";
v0x557debf3ceb0_0 .net "A", 7 0, v0x557debf39870_0;  1 drivers
v0x557debf3cfe0_0 .net "ALU_Result", 7 0, v0x557debf01b70_0;  1 drivers
v0x557debf3d0a0_0 .net "ALU_Sel", 2 0, v0x557debf40bd0_0;  alias, 1 drivers
v0x557debf3d140_0 .net "A_Load", 0 0, v0x557debf40d00_0;  alias, 1 drivers
v0x557debf3d1e0_0 .net "B", 7 0, v0x557debf3a140_0;  1 drivers
v0x557debf3d320_0 .net "B_Load", 0 0, v0x557debf40e10_0;  alias, 1 drivers
v0x557debf3d3c0_0 .var "Bus1", 7 0;
v0x557debf3d460_0 .net "Bus1_Sel", 1 0, v0x557debf40f00_0;  alias, 1 drivers
v0x557debf3d520_0 .var "Bus2", 7 0;
v0x557debf3d670_0 .net "Bus2_Sel", 1 0, v0x557debf40fa0_0;  alias, 1 drivers
v0x557debf3d750_0 .net "CCR_Load", 0 0, v0x557debf41130_0;  alias, 1 drivers
v0x557debf3d7f0_0 .var "CCR_Result", 3 0;
v0x557debf3d8b0_0 .net "CCR_val", 3 0, v0x557debf0f730_0;  1 drivers
v0x557debf3d970_0 .net "CCR_valF", 3 0, v0x557debf3aa80_0;  1 drivers
v0x557debf3da30_0 .net "Clk", 0 0, v0x557debf4cda0_0;  alias, 1 drivers
v0x557debf3dad0_0 .net "IR_Load", 0 0, v0x557debf41400_0;  alias, 1 drivers
v0x557debf3dba0_0 .var "IR_out", 7 0;
v0x557debf3dc40_0 .net "IR_val", 7 0, v0x557debf3b4c0_0;  1 drivers
v0x557debf3dd30_0 .net "MAR", 7 0, v0x557debf3bdb0_0;  1 drivers
v0x557debf3de00_0 .net "MAR_Load", 0 0, v0x557debf414a0_0;  alias, 1 drivers
v0x557debf3ded0_0 .net "PC", 7 0, v0x557debf3c8c0_0;  1 drivers
v0x557debf3dfa0_0 .net "PC_Inc", 0 0, v0x557debf41630_0;  alias, 1 drivers
v0x557debf3e070_0 .net "PC_Load", 0 0, v0x557debf41720_0;  alias, 1 drivers
v0x557debf3e140_0 .net "Reset", 0 0, v0x557debf4ed90_0;  alias, 1 drivers
v0x557debf3e1e0_0 .var "address", 7 0;
v0x557debf3e280_0 .net "from_memory", 7 0, v0x557debf47e90_0;  alias, 1 drivers
v0x557debf3e320_0 .var "to_memory", 7 0;
E_0x557debe6a520 .event anyedge, v0x557debf3aa80_0, v0x557debf3b4c0_0;
E_0x557debe69df0 .event anyedge, v0x557debf3bdb0_0, v0x557debf3d3c0_0;
E_0x557debe69940 .event anyedge, v0x557debf3e280_0, v0x557debf3d3c0_0, v0x557debf01b70_0, v0x557debf3d670_0;
E_0x557debe2f820 .event anyedge, v0x557debf0f690_0, v0x557debeff720_0, v0x557debf3c8c0_0, v0x557debf3d460_0;
S_0x557debe7d970 .scope module, "ALU" "alu" 6 61, 7 3 0, S_0x557debe0bd00;
 .timescale -9 -12;
    .port_info 0 /OUTPUT 8 "Result";
    .port_info 1 /OUTPUT 4 "NZVC";
    .port_info 2 /INPUT 8 "A";
    .port_info 3 /INPUT 8 "B";
    .port_info 4 /INPUT 3 "ALU_Sel";
v0x557debeff720_0 .net "A", 7 0, v0x557debf39870_0;  alias, 1 drivers
v0x557debeff7f0_0 .net "ALU_Sel", 2 0, v0x557debf40bd0_0;  alias, 1 drivers
v0x557debf0f690_0 .net "B", 7 0, v0x557debf3a140_0;  alias, 1 drivers
v0x557debf0f730_0 .var "NZVC", 3 0;
v0x557debf01b70_0 .var "Result", 7 0;
E_0x557debf27cf0 .event anyedge, v0x557debeff7f0_0, v0x557debf0f690_0, v0x557debeff720_0;
S_0x557debf39270 .scope module, "A_Reg" "reg8" 6 55, 8 3 0, S_0x557debe0bd00;
 .timescale -9 -12;
    .port_info 0 /OUTPUT 8 "Reg_Out";
    .port_info 1 /INPUT 1 "clk";
    .port_info 2 /INPUT 1 "res";
    .port_info 3 /INPUT 1 "EN";
    .port_info 4 /INPUT 8 "Reg_In";
v0x557debf01c40_0 .net "EN", 0 0, v0x557debf40d00_0;  alias, 1 drivers
v0x557debf39790_0 .net "Reg_In", 7 0, v0x557debf3d520_0;  1 drivers
v0x557debf39870_0 .var "Reg_Out", 7 0;
v0x557debf39910_0 .net "clk", 0 0, v0x557debf4cda0_0;  alias, 1 drivers
v0x557debf399b0_0 .net "res", 0 0, v0x557debf4ed90_0;  alias, 1 drivers
E_0x557debf394f0/0 .event negedge, v0x557debf399b0_0;
E_0x557debf394f0/1 .event posedge, v0x557debf39910_0;
E_0x557debf394f0 .event/or E_0x557debf394f0/0, E_0x557debf394f0/1;
S_0x557debf39550 .scope begin, "REGISTER" "REGISTER" 8 8, 8 8 0, S_0x557debf39270;
 .timescale -9 -12;
S_0x557debf39b60 .scope module, "B_Reg" "reg8" 6 56, 8 3 0, S_0x557debe0bd00;
 .timescale -9 -12;
    .port_info 0 /OUTPUT 8 "Reg_Out";
    .port_info 1 /INPUT 1 "clk";
    .port_info 2 /INPUT 1 "res";
    .port_info 3 /INPUT 1 "EN";
    .port_info 4 /INPUT 8 "Reg_In";
v0x557debf39fa0_0 .net "EN", 0 0, v0x557debf40e10_0;  alias, 1 drivers
v0x557debf3a080_0 .net "Reg_In", 7 0, v0x557debf3d520_0;  alias, 1 drivers
v0x557debf3a140_0 .var "Reg_Out", 7 0;
v0x557debf3a240_0 .net "clk", 0 0, v0x557debf4cda0_0;  alias, 1 drivers
v0x557debf3a310_0 .net "res", 0 0, v0x557debf4ed90_0;  alias, 1 drivers
S_0x557debf39dc0 .scope begin, "REGISTER" "REGISTER" 8 8, 8 8 0, S_0x557debf39b60;
 .timescale -9 -12;
S_0x557debf3a450 .scope module, "CCR_Reg" "reg4" 6 70, 8 18 0, S_0x557debe0bd00;
 .timescale -9 -12;
    .port_info 0 /OUTPUT 4 "Reg_Out";
    .port_info 1 /INPUT 1 "clk";
    .port_info 2 /INPUT 1 "res";
    .port_info 3 /INPUT 1 "EN";
    .port_info 4 /INPUT 4 "Reg_In";
v0x557debf3a8b0_0 .net "EN", 0 0, v0x557debf41130_0;  alias, 1 drivers
v0x557debf3a990_0 .net "Reg_In", 3 0, v0x557debf0f730_0;  alias, 1 drivers
v0x557debf3aa80_0 .var "Reg_Out", 3 0;
v0x557debf3ab50_0 .net "clk", 0 0, v0x557debf4cda0_0;  alias, 1 drivers
v0x557debf3ac40_0 .net "res", 0 0, v0x557debf4ed90_0;  alias, 1 drivers
S_0x557debf3a6b0 .scope begin, "REGISTER" "REGISTER" 8 23, 8 23 0, S_0x557debf3a450;
 .timescale -9 -12;
S_0x557debf3ae20 .scope module, "IR_Reg" "reg8" 6 51, 8 3 0, S_0x557debe0bd00;
 .timescale -9 -12;
    .port_info 0 /OUTPUT 8 "Reg_Out";
    .port_info 1 /INPUT 1 "clk";
    .port_info 2 /INPUT 1 "res";
    .port_info 3 /INPUT 1 "EN";
    .port_info 4 /INPUT 8 "Reg_In";
v0x557debf3b2d0_0 .net "EN", 0 0, v0x557debf41400_0;  alias, 1 drivers
v0x557debf3b3b0_0 .net "Reg_In", 7 0, v0x557debf3d520_0;  alias, 1 drivers
v0x557debf3b4c0_0 .var "Reg_Out", 7 0;
v0x557debf3b580_0 .net "clk", 0 0, v0x557debf4cda0_0;  alias, 1 drivers
v0x557debf3b620_0 .net "res", 0 0, v0x557debf4ed90_0;  alias, 1 drivers
S_0x557debf3b0d0 .scope begin, "REGISTER" "REGISTER" 8 8, 8 8 0, S_0x557debf3ae20;
 .timescale -9 -12;
S_0x557debf3b7b0 .scope module, "MAR_Reg" "reg8" 6 52, 8 3 0, S_0x557debe0bd00;
 .timescale -9 -12;
    .port_info 0 /OUTPUT 8 "Reg_Out";
    .port_info 1 /INPUT 1 "clk";
    .port_info 2 /INPUT 1 "res";
    .port_info 3 /INPUT 1 "EN";
    .port_info 4 /INPUT 8 "Reg_In";
v0x557debf3bc10_0 .net "EN", 0 0, v0x557debf414a0_0;  alias, 1 drivers
v0x557debf3bcf0_0 .net "Reg_In", 7 0, v0x557debf3d520_0;  alias, 1 drivers
v0x557debf3bdb0_0 .var "Reg_Out", 7 0;
v0x557debf3be70_0 .net "clk", 0 0, v0x557debf4cda0_0;  alias, 1 drivers
v0x557debf3bf10_0 .net "res", 0 0, v0x557debf4ed90_0;  alias, 1 drivers
S_0x557debf3ba10 .scope begin, "REGISTER" "REGISTER" 8 8, 8 8 0, S_0x557debf3b7b0;
 .timescale -9 -12;
S_0x557debf3c050 .scope begin, "MUX_BUS1" "MUX_BUS1" 6 21, 6 21 0, S_0x557debe0bd00;
 .timescale -9 -12;
S_0x557debf3c1e0 .scope begin, "MUX_BUS2" "MUX_BUS2" 6 31, 6 31 0, S_0x557debe0bd00;
 .timescale -9 -12;
S_0x557debf3c3c0 .scope module, "PC_Count" "count8" 6 54, 9 3 0, S_0x557debe0bd00;
 .timescale -9 -12;
    .port_info 0 /OUTPUT 8 "CNT";
    .port_info 1 /INPUT 1 "clk";
    .port_info 2 /INPUT 1 "res";
    .port_info 3 /INPUT 1 "load";
    .port_info 4 /INPUT 1 "inc";
    .port_info 5 /INPUT 8 "CNT_In";
v0x557debf3c8c0_0 .var "CNT", 7 0;
v0x557debf3c9c0_0 .net "CNT_In", 7 0, v0x557debf3d520_0;  alias, 1 drivers
v0x557debf3cb10_0 .net "clk", 0 0, v0x557debf4cda0_0;  alias, 1 drivers
v0x557debf3cbb0_0 .net "inc", 0 0, v0x557debf41630_0;  alias, 1 drivers
v0x557debf3cc50_0 .net "load", 0 0, v0x557debf41720_0;  alias, 1 drivers
v0x557debf3cd10_0 .net "res", 0 0, v0x557debf4ed90_0;  alias, 1 drivers
S_0x557debf3c710 .scope begin, "COUNTER" "COUNTER" 9 8, 9 8 0, S_0x557debf3c3c0;
 .timescale -9 -12;
S_0x557debf3e620 .scope module, "Unidade_Controle" "control_unit" 5 19, 10 1 0, S_0x557debe0bb20;
 .timescale -9 -12;
    .port_info 0 /OUTPUT 1 "IR_Load";
    .port_info 1 /OUTPUT 1 "MAR_Load";
    .port_info 2 /OUTPUT 1 "PC_Load";
    .port_info 3 /OUTPUT 1 "PC_Inc";
    .port_info 4 /OUTPUT 1 "A_Load";
    .port_info 5 /OUTPUT 1 "B_Load";
    .port_info 6 /OUTPUT 1 "CCR_Load";
    .port_info 7 /OUTPUT 3 "ALU_Sel";
    .port_info 8 /OUTPUT 2 "Bus1_Sel";
    .port_info 9 /OUTPUT 2 "Bus2_Sel";
    .port_info 10 /OUTPUT 1 "write";
    .port_info 11 /INPUT 8 "IR";
    .port_info 12 /INPUT 4 "CCR_Result";
    .port_info 13 /INPUT 1 "Clk";
    .port_info 14 /INPUT 1 "Reset";
P_0x557debf3e820 .param/l "ADD_AB" 0 10 32, C4<01000010>;
P_0x557debf3e860 .param/l "AND_AB" 0 10 34, C4<01000100>;
P_0x557debf3e8a0 .param/l "BCC" 0 10 51, C4<00101000>;
P_0x557debf3e8e0 .param/l "BCS" 0 10 50, C4<00100111>;
P_0x557debf3e920 .param/l "BEQ" 0 10 46, C4<00100011>;
P_0x557debf3e960 .param/l "BMI" 0 10 44, C4<00100001>;
P_0x557debf3e9a0 .param/l "BNE" 0 10 47, C4<00100100>;
P_0x557debf3e9e0 .param/l "BPL" 0 10 45, C4<00100010>;
P_0x557debf3ea20 .param/l "BRA" 0 10 43, C4<00100000>;
P_0x557debf3ea60 .param/l "BVC" 0 10 49, C4<00100110>;
P_0x557debf3eaa0 .param/l "BVS" 0 10 48, C4<00100101>;
P_0x557debf3eae0 .param/l "DECA" 0 10 38, C4<01001000>;
P_0x557debf3eb20 .param/l "DECB" 0 10 39, C4<01001001>;
P_0x557debf3eb60 .param/l "INCA" 0 10 36, C4<01000110>;
P_0x557debf3eba0 .param/l "INCB" 0 10 37, C4<01000111>;
P_0x557debf3ebe0 .param/l "LDA_DIR" 0 10 27, C4<10000111>;
P_0x557debf3ec20 .param/l "LDA_IMM" 0 10 26, C4<10000110>;
P_0x557debf3ec60 .param/l "LDB_DIR" 0 10 29, C4<10001001>;
P_0x557debf3eca0 .param/l "LDB_IMM" 0 10 28, C4<10001000>;
P_0x557debf3ece0 .param/l "NOTA" 0 10 41, C4<01001011>;
P_0x557debf3ed20 .param/l "NOTB" 0 10 42, C4<01001100>;
P_0x557debf3ed60 .param/l "OR_AB" 0 10 35, C4<01000101>;
P_0x557debf3eda0 .param/l "S0_FETCH" 0 10 55, C4<00000000>;
P_0x557debf3ede0 .param/l "S1_FETCH" 0 10 56, C4<00000001>;
P_0x557debf3ee20 .param/l "S2_FETCH" 0 10 57, C4<00000010>;
P_0x557debf3ee60 .param/l "S3_DECODE" 0 10 58, C4<00000011>;
P_0x557debf3eea0 .param/l "S4_ALU_OP" 0 10 72, C4<00010001>;
P_0x557debf3eee0 .param/l "S4_BR" 0 10 74, C4<00010011>;
P_0x557debf3ef20 .param/l "S4_LDR_DIR" 0 10 62, C4<00000111>;
P_0x557debf3ef60 .param/l "S4_LDR_IMM" 0 10 59, C4<00000100>;
P_0x557debf3efa0 .param/l "S4_STR_DIR" 0 10 67, C4<00001100>;
P_0x557debf3efe0 .param/l "S5_ALU_OP" 0 10 73, C4<00010010>;
P_0x557debf3f020 .param/l "S5_BR" 0 10 75, C4<00010100>;
P_0x557debf3f060 .param/l "S5_LDR_DIR" 0 10 63, C4<00001000>;
P_0x557debf3f0a0 .param/l "S5_LDR_IMM" 0 10 60, C4<00000101>;
P_0x557debf3f0e0 .param/l "S5_STR_DIR" 0 10 68, C4<00001101>;
P_0x557debf3f120 .param/l "S6_BR" 0 10 76, C4<00010101>;
P_0x557debf3f160 .param/l "S6_LDR_DIR" 0 10 64, C4<00001001>;
P_0x557debf3f1a0 .param/l "S6_LDR_IMM" 0 10 61, C4<00000110>;
P_0x557debf3f1e0 .param/l "S6_STR_DIR" 0 10 69, C4<00001110>;
P_0x557debf3f220 .param/l "S7_LDR_DIR" 0 10 65, C4<00001010>;
P_0x557debf3f260 .param/l "S7_STR_DIR" 0 10 70, C4<00001111>;
P_0x557debf3f2a0 .param/l "S8_LDR_DIR" 0 10 66, C4<00001011>;
P_0x557debf3f2e0 .param/l "S8_STR_DIR" 0 10 71, C4<00010000>;
P_0x557debf3f320 .param/l "STA_DIR" 0 10 30, C4<10010110>;
P_0x557debf3f360 .param/l "STB_DIR" 0 10 31, C4<10010111>;
P_0x557debf3f3a0 .param/l "SUB_AB" 0 10 33, C4<01000011>;
P_0x557debf3f3e0 .param/l "XOR_AB" 0 10 40, C4<01001010>;
v0x557debf40bd0_0 .var "ALU_Sel", 2 0;
v0x557debf40d00_0 .var "A_Load", 0 0;
v0x557debf40e10_0 .var "B_Load", 0 0;
v0x557debf40f00_0 .var "Bus1_Sel", 1 0;
v0x557debf40fa0_0 .var "Bus2_Sel", 1 0;
v0x557debf41090_0 .net "C", 0 0, L_0x557debf4f010;  1 drivers
v0x557debf41130_0 .var "CCR_Load", 0 0;
v0x557debf41220_0 .net "CCR_Result", 3 0, v0x557debf3d7f0_0;  alias, 1 drivers
v0x557debf412c0_0 .net "Clk", 0 0, v0x557debf4cda0_0;  alias, 1 drivers
v0x557debf41360_0 .net "IR", 7 0, v0x557debf3dba0_0;  alias, 1 drivers
v0x557debf41400_0 .var "IR_Load", 0 0;
v0x557debf414a0_0 .var "MAR_Load", 0 0;
v0x557debf41590_0 .net "N", 0 0, L_0x557debf4ee30;  1 drivers
v0x557debf41630_0 .var "PC_Inc", 0 0;
v0x557debf41720_0 .var "PC_Load", 0 0;
v0x557debf41810_0 .net "Reset", 0 0, v0x557debf4ed90_0;  alias, 1 drivers
v0x557debf418b0_0 .net "V", 0 0, L_0x557debf4ef70;  1 drivers
v0x557debf41970_0 .net "Z", 0 0, L_0x557debf4eed0;  1 drivers
v0x557debf41a30_0 .var "current_state", 7 0;
v0x557debf41b10_0 .var "next_state", 7 0;
v0x557debf41bf0_0 .var "write", 0 0;
E_0x557debf3c630 .event anyedge, v0x557debf3dba0_0, v0x557debf41a30_0;
E_0x557debf40b70 .event anyedge, v0x557debf3d7f0_0, v0x557debf3dba0_0, v0x557debf41a30_0;
L_0x557debf4ee30 .part v0x557debf3d7f0_0, 3, 1;
L_0x557debf4eed0 .part v0x557debf3d7f0_0, 2, 1;
L_0x557debf4ef70 .part v0x557debf3d7f0_0, 1, 1;
L_0x557debf4f010 .part v0x557debf3d7f0_0, 0, 1;
S_0x557debf43090 .scope module, "Memoria" "memory" 4 52, 11 7 0, S_0x557debec1080;
 .timescale -9 -12;
    .port_info 0 /OUTPUT 8 "port_out_00";
    .port_info 1 /OUTPUT 8 "port_out_01";
    .port_info 2 /OUTPUT 8 "port_out_02";
    .port_info 3 /OUTPUT 8 "port_out_03";
    .port_info 4 /OUTPUT 8 "port_out_04";
    .port_info 5 /OUTPUT 8 "port_out_05";
    .port_info 6 /OUTPUT 8 "port_out_06";
    .port_info 7 /OUTPUT 8 "port_out_07";
    .port_info 8 /OUTPUT 8 "port_out_08";
    .port_info 9 /OUTPUT 8 "port_out_09";
    .port_info 10 /OUTPUT 8 "port_out_10";
    .port_info 11 /OUTPUT 8 "port_out_11";
    .port_info 12 /OUTPUT 8 "port_out_12";
    .port_info 13 /OUTPUT 8 "port_out_13";
    .port_info 14 /OUTPUT 8 "port_out_14";
    .port_info 15 /OUTPUT 8 "port_out_15";
    .port_info 16 /OUTPUT 8 "data_out";
    .port_info 17 /INPUT 8 "address";
    .port_info 18 /INPUT 8 "data_in";
    .port_info 19 /INPUT 8 "port_in_00";
    .port_info 20 /INPUT 8 "port_in_01";
    .port_info 21 /INPUT 8 "port_in_02";
    .port_info 22 /INPUT 8 "port_in_03";
    .port_info 23 /INPUT 8 "port_in_04";
    .port_info 24 /INPUT 8 "port_in_05";
    .port_info 25 /INPUT 8 "port_in_06";
    .port_info 26 /INPUT 8 "port_in_07";
    .port_info 27 /INPUT 8 "port_in_08";
    .port_info 28 /INPUT 8 "port_in_09";
    .port_info 29 /INPUT 8 "port_in_10";
    .port_info 30 /INPUT 8 "port_in_11";
    .port_info 31 /INPUT 8 "port_in_12";
    .port_info 32 /INPUT 8 "port_in_13";
    .port_info 33 /INPUT 8 "port_in_14";
    .port_info 34 /INPUT 8 "port_in_15";
    .port_info 35 /INPUT 1 "write";
    .port_info 36 /INPUT 1 "clk";
    .port_info 37 /INPUT 1 "reset";
L_0x557debf17800 .functor AND 1, v0x557debf41bf0_0, L_0x557debf5f250, C4<1>, C4<1>;
L_0x557debeef2d0 .functor AND 1, L_0x557debf17800, L_0x557debf5f4d0, C4<1>, C4<1>;
v0x557debf474a0_0 .net *"_ivl_11", 0 0, L_0x557debf17800;  1 drivers
v0x557debf47580_0 .net *"_ivl_12", 31 0, L_0x557debf5f3e0;  1 drivers
L_0x7f2d737b70a8 .functor BUFT 1, C4<000000000000000000000000>, C4<0>, C4<0>, C4<0>;
v0x557debf47660_0 .net *"_ivl_15", 23 0, L_0x7f2d737b70a8;  1 drivers
L_0x7f2d737b70f0 .functor BUFT 1, C4<00000000000000000000000011011111>, C4<0>, C4<0>, C4<0>;
v0x557debf47720_0 .net/2u *"_ivl_16", 31 0, L_0x7f2d737b70f0;  1 drivers
v0x557debf47800_0 .net *"_ivl_18", 0 0, L_0x557debf5f4d0;  1 drivers
v0x557debf47910_0 .net *"_ivl_2", 31 0, L_0x557debf4f150;  1 drivers
L_0x7f2d737b7018 .functor BUFT 1, C4<000000000000000000000000>, C4<0>, C4<0>, C4<0>;
v0x557debf479f0_0 .net *"_ivl_5", 23 0, L_0x7f2d737b7018;  1 drivers
L_0x7f2d737b7060 .functor BUFT 1, C4<00000000000000000000000010000000>, C4<0>, C4<0>, C4<0>;
v0x557debf47ad0_0 .net/2u *"_ivl_6", 31 0, L_0x7f2d737b7060;  1 drivers
v0x557debf47bb0_0 .net *"_ivl_8", 0 0, L_0x557debf5f250;  1 drivers
v0x557debf47c70_0 .net "address", 7 0, v0x557debf3e1e0_0;  alias, 1 drivers
v0x557debf47d30_0 .net "clk", 0 0, v0x557debf4cda0_0;  alias, 1 drivers
v0x557debf47dd0_0 .net "data_in", 7 0, v0x557debf3e320_0;  alias, 1 drivers
v0x557debf47e90_0 .var "data_out", 7 0;
v0x557debf47f50_0 .net "nreset", 0 0, L_0x557debf4f0b0;  1 drivers
v0x557debf47ff0_0 .net "port_in_00", 7 0, v0x557debf4ce60_0;  alias, 1 drivers
v0x557debf480b0_0 .net "port_in_01", 7 0, v0x557debf4cf20_0;  alias, 1 drivers
v0x557debf48190_0 .net "port_in_02", 7 0, v0x557debf4d010_0;  alias, 1 drivers
v0x557debf48380_0 .net "port_in_03", 7 0, v0x557debf4d120_0;  alias, 1 drivers
v0x557debf48460_0 .net "port_in_04", 7 0, v0x557debf4d280_0;  alias, 1 drivers
v0x557debf48540_0 .net "port_in_05", 7 0, v0x557debf4d390_0;  alias, 1 drivers
v0x557debf48620_0 .net "port_in_06", 7 0, v0x557debf4d4a0_0;  alias, 1 drivers
v0x557debf48700_0 .net "port_in_07", 7 0, v0x557debf4d5b0_0;  alias, 1 drivers
v0x557debf487e0_0 .net "port_in_08", 7 0, v0x557debf4d700_0;  alias, 1 drivers
v0x557debf488c0_0 .net "port_in_09", 7 0, v0x557debf4d810_0;  alias, 1 drivers
v0x557debf489a0_0 .net "port_in_10", 7 0, v0x557debf4d920_0;  alias, 1 drivers
v0x557debf48a80_0 .net "port_in_11", 7 0, v0x557debf4da30_0;  alias, 1 drivers
v0x557debf48b60_0 .net "port_in_12", 7 0, v0x557debf4db40_0;  alias, 1 drivers
v0x557debf48c40_0 .net "port_in_13", 7 0, v0x557debf4dc50_0;  alias, 1 drivers
v0x557debf48d20_0 .net "port_in_14", 7 0, v0x557debf4dd60_0;  alias, 1 drivers
v0x557debf48e00_0 .net "port_in_15", 7 0, v0x557debf4de70_0;  alias, 1 drivers
v0x557debf48ee0_0 .net "port_out_00", 7 0, v0x557debf46100_0;  alias, 1 drivers
v0x557debf48fa0_0 .net "port_out_01", 7 0, v0x557debf461c0_0;  alias, 1 drivers
v0x557debf49040_0 .net "port_out_02", 7 0, v0x557debf462a0_0;  alias, 1 drivers
v0x557debf492f0_0 .net "port_out_03", 7 0, v0x557debf46380_0;  alias, 1 drivers
v0x557debf49390_0 .net "port_out_04", 7 0, v0x557debf46460_0;  alias, 1 drivers
v0x557debf49460_0 .net "port_out_05", 7 0, v0x557debf46540_0;  alias, 1 drivers
v0x557debf49530_0 .net "port_out_06", 7 0, v0x557debf46620_0;  alias, 1 drivers
v0x557debf49600_0 .net "port_out_07", 7 0, v0x557debf46700_0;  alias, 1 drivers
v0x557debf496d0_0 .net "port_out_08", 7 0, v0x557debf467e0_0;  alias, 1 drivers
v0x557debf497a0_0 .net "port_out_09", 7 0, v0x557debf468c0_0;  alias, 1 drivers
v0x557debf49870_0 .net "port_out_10", 7 0, v0x557debf469a0_0;  alias, 1 drivers
v0x557debf49940_0 .net "port_out_11", 7 0, v0x557debf46a80_0;  alias, 1 drivers
v0x557debf49a10_0 .net "port_out_12", 7 0, v0x557debf46b60_0;  alias, 1 drivers
v0x557debf49ae0_0 .net "port_out_13", 7 0, v0x557debf46c40_0;  alias, 1 drivers
v0x557debf49bb0_0 .net "port_out_14", 7 0, v0x557debf46e30_0;  alias, 1 drivers
v0x557debf49c80_0 .net "port_out_15", 7 0, v0x557debf46f10_0;  alias, 1 drivers
v0x557debf49d50_0 .net "ram_we", 0 0, L_0x557debeef2d0;  1 drivers
v0x557debf49e20_0 .net "reset", 0 0, v0x557debf4ed90_0;  alias, 1 drivers
v0x557debf49ec0_0 .net "rom_data_out", 7 0, v0x557debf45090_0;  1 drivers
v0x557debf49f90_0 .net "rw_data_out", 7 0, v0x557debf458e0_0;  1 drivers
v0x557debf4a060_0 .net "write", 0 0, v0x557debf41bf0_0;  alias, 1 drivers
E_0x557debe6a990/0 .event anyedge, v0x557debf48e00_0, v0x557debf48d20_0, v0x557debf48c40_0, v0x557debf48b60_0;
E_0x557debe6a990/1 .event anyedge, v0x557debf48a80_0, v0x557debf489a0_0, v0x557debf488c0_0, v0x557debf487e0_0;
E_0x557debe6a990/2 .event anyedge, v0x557debf48700_0, v0x557debf48620_0, v0x557debf48540_0, v0x557debf48460_0;
E_0x557debe6a990/3 .event anyedge, v0x557debf48380_0, v0x557debf48190_0, v0x557debf480b0_0, v0x557debf47ff0_0;
E_0x557debe6a990/4 .event anyedge, v0x557debf458e0_0, v0x557debf45090_0, v0x557debf3e1e0_0;
E_0x557debe6a990 .event/or E_0x557debe6a990/0, E_0x557debe6a990/1, E_0x557debe6a990/2, E_0x557debe6a990/3, E_0x557debe6a990/4;
L_0x557debf4f0b0 .reduce/nor v0x557debf4ed90_0;
L_0x557debf4f150 .concat [ 8 24 0 0], v0x557debf3e1e0_0, L_0x7f2d737b7018;
L_0x557debf5f250 .cmp/ge 32, L_0x557debf4f150, L_0x7f2d737b7060;
L_0x557debf5f3e0 .concat [ 8 24 0 0], v0x557debf3e1e0_0, L_0x7f2d737b70a8;
L_0x557debf5f4d0 .cmp/ge 32, L_0x7f2d737b70f0, L_0x557debf5f3e0;
S_0x557debf43680 .scope begin, "Multiplexing_to_Memory_Data_Bus" "Multiplexing_to_Memory_Data_Bus" 11 49, 11 49 0, S_0x557debf43090;
 .timescale -9 -12;
S_0x557debf43880 .scope module, "ROM" "rom_128x8_sync" 11 92, 12 1 0, S_0x557debf43090;
 .timescale -9 -12;
    .port_info 0 /OUTPUT 8 "data_out";
    .port_info 1 /INPUT 8 "address";
    .port_info 2 /INPUT 1 "clk";
P_0x557debf43a80 .param/l "ADD_AB" 0 12 21, C4<01000010>;
P_0x557debf43ac0 .param/l "AND_AB" 0 12 23, C4<01000100>;
P_0x557debf43b00 .param/l "BCC" 0 12 42, C4<00101000>;
P_0x557debf43b40 .param/l "BCS" 0 12 41, C4<00100111>;
P_0x557debf43b80 .param/l "BEQ" 0 12 37, C4<00100011>;
P_0x557debf43bc0 .param/l "BMI" 0 12 35, C4<00100001>;
P_0x557debf43c00 .param/l "BNE" 0 12 38, C4<00100100>;
P_0x557debf43c40 .param/l "BPL" 0 12 36, C4<00100010>;
P_0x557debf43c80 .param/l "BRA" 0 12 34, C4<00100000>;
P_0x557debf43cc0 .param/l "BVC" 0 12 40, C4<00100110>;
P_0x557debf43d00 .param/l "BVS" 0 12 39, C4<00100101>;
P_0x557debf43d40 .param/l "DECA" 0 12 27, C4<01001000>;
P_0x557debf43d80 .param/l "DECB" 0 12 28, C4<01001001>;
P_0x557debf43dc0 .param/l "INCA" 0 12 25, C4<01000110>;
P_0x557debf43e00 .param/l "INCB" 0 12 26, C4<01000111>;
P_0x557debf43e40 .param/l "LDA_DIR" 0 12 14, C4<10000111>;
P_0x557debf43e80 .param/l "LDA_IMM" 0 12 13, C4<10000110>;
P_0x557debf43ec0 .param/l "LDB_DIR" 0 12 16, C4<10001001>;
P_0x557debf43f00 .param/l "LDB_IMM" 0 12 15, C4<10001000>;
P_0x557debf43f40 .param/l "NOTA" 0 12 30, C4<01001011>;
P_0x557debf43f80 .param/l "NOTB" 0 12 31, C4<01001100>;
P_0x557debf43fc0 .param/l "OR_AB" 0 12 24, C4<01000101>;
P_0x557debf44000 .param/l "STA_DIR" 0 12 17, C4<10010110>;
P_0x557debf44040 .param/l "STB_DIR" 0 12 18, C4<10010111>;
P_0x557debf44080 .param/l "SUB_AB" 0 12 22, C4<01000011>;
P_0x557debf440c0 .param/l "XOR_AB" 0 12 29, C4<01001010>;
v0x557debf44d60_0 .var "EN", 0 0;
v0x557debf44e40 .array "ROM", 127 0, 7 0;
v0x557debf44f00_0 .net "address", 7 0, v0x557debf3e1e0_0;  alias, 1 drivers
v0x557debf44ff0_0 .net "clk", 0 0, v0x557debf4cda0_0;  alias, 1 drivers
v0x557debf45090_0 .var "data_out", 7 0;
E_0x557debf44c80 .event posedge, v0x557debf39910_0;
E_0x557debf44d00 .event anyedge, v0x557debf3e1e0_0;
S_0x557debf45240 .scope module, "RW" "rw_96x8_sync" 11 93, 13 1 0, S_0x557debf43090;
 .timescale -9 -12;
    .port_info 0 /OUTPUT 8 "data_out";
    .port_info 1 /INPUT 8 "address";
    .port_info 2 /INPUT 1 "WE";
    .port_info 3 /INPUT 8 "data_in";
    .port_info 4 /INPUT 1 "clk";
v0x557debf45420_0 .var "EN", 0 0;
v0x557debf454c0 .array "RW", 223 128, 7 0;
v0x557debf45580_0 .net "WE", 0 0, L_0x557debeef2d0;  alias, 1 drivers
v0x557debf45620_0 .net "address", 7 0, v0x557debf3e1e0_0;  alias, 1 drivers
v0x557debf456e0_0 .net "clk", 0 0, v0x557debf4cda0_0;  alias, 1 drivers
v0x557debf457d0_0 .net "data_in", 7 0, v0x557debf3e320_0;  alias, 1 drivers
v0x557debf458e0_0 .var "data_out", 7 0;
S_0x557debf45a60 .scope module, "portas_fora" "port_out8_sync" 11 94, 14 1 0, S_0x557debf43090;
 .timescale -9 -12;
    .port_info 0 /OUTPUT 8 "port_out_00";
    .port_info 1 /OUTPUT 8 "port_out_01";
    .port_info 2 /OUTPUT 8 "port_out_02";
    .port_info 3 /OUTPUT 8 "port_out_03";
    .port_info 4 /OUTPUT 8 "port_out_04";
    .port_info 5 /OUTPUT 8 "port_out_05";
    .port_info 6 /OUTPUT 8 "port_out_06";
    .port_info 7 /OUTPUT 8 "port_out_07";
    .port_info 8 /OUTPUT 8 "port_out_08";
    .port_info 9 /OUTPUT 8 "port_out_09";
    .port_info 10 /OUTPUT 8 "port_out_10";
    .port_info 11 /OUTPUT 8 "port_out_11";
    .port_info 12 /OUTPUT 8 "port_out_12";
    .port_info 13 /OUTPUT 8 "port_out_13";
    .port_info 14 /OUTPUT 8 "port_out_14";
    .port_info 15 /OUTPUT 8 "port_out_15";
    .port_info 16 /INPUT 8 "address";
    .port_info 17 /INPUT 8 "data_in";
    .port_info 18 /INPUT 1 "write";
    .port_info 19 /INPUT 1 "clk";
    .port_info 20 /INPUT 1 "reset";
v0x557debf45ec0_0 .net "address", 7 0, v0x557debf3e1e0_0;  alias, 1 drivers
v0x557debf45fa0_0 .net "clk", 0 0, v0x557debf4cda0_0;  alias, 1 drivers
v0x557debf46060_0 .net "data_in", 7 0, v0x557debf3e320_0;  alias, 1 drivers
v0x557debf46100_0 .var "port_out_00", 7 0;
v0x557debf461c0_0 .var "port_out_01", 7 0;
v0x557debf462a0_0 .var "port_out_02", 7 0;
v0x557debf46380_0 .var "port_out_03", 7 0;
v0x557debf46460_0 .var "port_out_04", 7 0;
v0x557debf46540_0 .var "port_out_05", 7 0;
v0x557debf46620_0 .var "port_out_06", 7 0;
v0x557debf46700_0 .var "port_out_07", 7 0;
v0x557debf467e0_0 .var "port_out_08", 7 0;
v0x557debf468c0_0 .var "port_out_09", 7 0;
v0x557debf469a0_0 .var "port_out_10", 7 0;
v0x557debf46a80_0 .var "port_out_11", 7 0;
v0x557debf46b60_0 .var "port_out_12", 7 0;
v0x557debf46c40_0 .var "port_out_13", 7 0;
v0x557debf46e30_0 .var "port_out_14", 7 0;
v0x557debf46f10_0 .var "port_out_15", 7 0;
v0x557debf46ff0_0 .net "reset", 0 0, L_0x557debf4f0b0;  alias, 1 drivers
v0x557debf470b0_0 .net "write", 0 0, v0x557debf41bf0_0;  alias, 1 drivers
E_0x557debf45e40/0 .event negedge, v0x557debf46ff0_0;
E_0x557debf45e40/1 .event posedge, v0x557debf39910_0;
E_0x557debf45e40 .event/or E_0x557debf45e40/0, E_0x557debf45e40/1;
    .scope S_0x557debf3e620;
T_0 ;
    %wait E_0x557debf394f0;
    %load/vec4 v0x557debf41810_0;
    %nor/r;
    %flag_set/vec4 8;
    %jmp/0xz  T_0.0, 8;
    %pushi/vec4 0, 0, 8;
    %assign/vec4 v0x557debf41a30_0, 0;
    %jmp T_0.1;
T_0.0 ;
    %load/vec4 v0x557debf41b10_0;
    %assign/vec4 v0x557debf41a30_0, 0;
T_0.1 ;
    %jmp T_0;
    .thread T_0;
    .scope S_0x557debf3e620;
T_1 ;
    %wait E_0x557debf40b70;
    %pushi/vec4 0, 0, 8;
    %store/vec4 v0x557debf41b10_0, 0, 8;
    %load/vec4 v0x557debf41a30_0;
    %dup/vec4;
    %pushi/vec4 0, 0, 8;
    %cmp/u;
    %jmp/1 T_1.0, 6;
    %dup/vec4;
    %pushi/vec4 1, 0, 8;
    %cmp/u;
    %jmp/1 T_1.1, 6;
    %dup/vec4;
    %pushi/vec4 2, 0, 8;
    %cmp/u;
    %jmp/1 T_1.2, 6;
    %dup/vec4;
    %pushi/vec4 3, 0, 8;
    %cmp/u;
    %jmp/1 T_1.3, 6;
    %dup/vec4;
    %pushi/vec4 4, 0, 8;
    %cmp/u;
    %jmp/1 T_1.4, 6;
    %dup/vec4;
    %pushi/vec4 5, 0, 8;
    %cmp/u;
    %jmp/1 T_1.5, 6;
    %dup/vec4;
    %pushi/vec4 6, 0, 8;
    %cmp/u;
    %jmp/1 T_1.6, 6;
    %dup/vec4;
    %pushi/vec4 17, 0, 8;
    %cmp/u;
    %jmp/1 T_1.7, 6;
    %dup/vec4;
    %pushi/vec4 18, 0, 8;
    %cmp/u;
    %jmp/1 T_1.8, 6;
    %dup/vec4;
    %pushi/vec4 7, 0, 8;
    %cmp/u;
    %jmp/1 T_1.9, 6;
    %dup/vec4;
    %pushi/vec4 8, 0, 8;
    %cmp/u;
    %jmp/1 T_1.10, 6;
    %dup/vec4;
    %pushi/vec4 9, 0, 8;
    %cmp/u;
    %jmp/1 T_1.11, 6;
    %dup/vec4;
    %pushi/vec4 10, 0, 8;
    %cmp/u;
    %jmp/1 T_1.12, 6;
    %dup/vec4;
    %pushi/vec4 11, 0, 8;
    %cmp/u;
    %jmp/1 T_1.13, 6;
    %dup/vec4;
    %pushi/vec4 12, 0, 8;
    %cmp/u;
    %jmp/1 T_1.14, 6;
    %dup/vec4;
    %pushi/vec4 13, 0, 8;
    %cmp/u;
    %jmp/1 T_1.15, 6;
    %dup/vec4;
    %pushi/vec4 14, 0, 8;
    %cmp/u;
    %jmp/1 T_1.16, 6;
    %dup/vec4;
    %pushi/vec4 15, 0, 8;
    %cmp/u;
    %jmp/1 T_1.17, 6;
    %dup/vec4;
    %pushi/vec4 16, 0, 8;
    %cmp/u;
    %jmp/1 T_1.18, 6;
    %dup/vec4;
    %pushi/vec4 19, 0, 8;
    %cmp/u;
    %jmp/1 T_1.19, 6;
    %dup/vec4;
    %pushi/vec4 20, 0, 8;
    %cmp/u;
    %jmp/1 T_1.20, 6;
    %dup/vec4;
    %pushi/vec4 21, 0, 8;
    %cmp/u;
    %jmp/1 T_1.21, 6;
    %pushi/vec4 0, 0, 8;
    %store/vec4 v0x557debf41b10_0, 0, 8;
    %jmp T_1.23;
T_1.0 ;
    %pushi/vec4 1, 0, 8;
    %store/vec4 v0x557debf41b10_0, 0, 8;
    %jmp T_1.23;
T_1.1 ;
    %pushi/vec4 2, 0, 8;
    %store/vec4 v0x557debf41b10_0, 0, 8;
    %jmp T_1.23;
T_1.2 ;
    %pushi/vec4 3, 0, 8;
    %store/vec4 v0x557debf41b10_0, 0, 8;
    %jmp T_1.23;
T_1.3 ;
    %load/vec4 v0x557debf41360_0;
    %dup/vec4;
    %pushi/vec4 134, 0, 8;
    %cmp/u;
    %jmp/1 T_1.24, 6;
    %dup/vec4;
    %pushi/vec4 136, 0, 8;
    %cmp/u;
    %jmp/1 T_1.25, 6;
    %dup/vec4;
    %pushi/vec4 135, 0, 8;
    %cmp/u;
    %jmp/1 T_1.26, 6;
    %dup/vec4;
    %pushi/vec4 137, 0, 8;
    %cmp/u;
    %jmp/1 T_1.27, 6;
    %dup/vec4;
    %pushi/vec4 150, 0, 8;
    %cmp/u;
    %jmp/1 T_1.28, 6;
    %dup/vec4;
    %pushi/vec4 151, 0, 8;
    %cmp/u;
    %jmp/1 T_1.29, 6;
    %dup/vec4;
    %pushi/vec4 66, 0, 8;
    %cmp/u;
    %jmp/1 T_1.30, 6;
    %dup/vec4;
    %pushi/vec4 67, 0, 8;
    %cmp/u;
    %jmp/1 T_1.31, 6;
    %dup/vec4;
    %pushi/vec4 68, 0, 8;
    %cmp/u;
    %jmp/1 T_1.32, 6;
    %dup/vec4;
    %pushi/vec4 69, 0, 8;
    %cmp/u;
    %jmp/1 T_1.33, 6;
    %dup/vec4;
    %pushi/vec4 74, 0, 8;
    %cmp/u;
    %jmp/1 T_1.34, 6;
    %dup/vec4;
    %pushi/vec4 70, 0, 8;
    %cmp/u;
    %jmp/1 T_1.35, 6;
    %dup/vec4;
    %pushi/vec4 71, 0, 8;
    %cmp/u;
    %jmp/1 T_1.36, 6;
    %dup/vec4;
    %pushi/vec4 72, 0, 8;
    %cmp/u;
    %jmp/1 T_1.37, 6;
    %dup/vec4;
    %pushi/vec4 73, 0, 8;
    %cmp/u;
    %jmp/1 T_1.38, 6;
    %dup/vec4;
    %pushi/vec4 75, 0, 8;
    %cmp/u;
    %jmp/1 T_1.39, 6;
    %dup/vec4;
    %pushi/vec4 76, 0, 8;
    %cmp/u;
    %jmp/1 T_1.40, 6;
    %dup/vec4;
    %pushi/vec4 32, 0, 8;
    %cmp/u;
    %jmp/1 T_1.41, 6;
    %dup/vec4;
    %pushi/vec4 33, 0, 8;
    %cmp/u;
    %jmp/1 T_1.42, 6;
    %dup/vec4;
    %pushi/vec4 34, 0, 8;
    %cmp/u;
    %jmp/1 T_1.43, 6;
    %dup/vec4;
    %pushi/vec4 35, 0, 8;
    %cmp/u;
    %jmp/1 T_1.44, 6;
    %dup/vec4;
    %pushi/vec4 36, 0, 8;
    %cmp/u;
    %jmp/1 T_1.45, 6;
    %dup/vec4;
    %pushi/vec4 37, 0, 8;
    %cmp/u;
    %jmp/1 T_1.46, 6;
    %dup/vec4;
    %pushi/vec4 38, 0, 8;
    %cmp/u;
    %jmp/1 T_1.47, 6;
    %dup/vec4;
    %pushi/vec4 39, 0, 8;
    %cmp/u;
    %jmp/1 T_1.48, 6;
    %dup/vec4;
    %pushi/vec4 40, 0, 8;
    %cmp/u;
    %jmp/1 T_1.49, 6;
    %pushi/vec4 0, 0, 8;
    %store/vec4 v0x557debf41b10_0, 0, 8;
    %jmp T_1.51;
T_1.24 ;
    %pushi/vec4 4, 0, 8;
    %store/vec4 v0x557debf41b10_0, 0, 8;
    %jmp T_1.51;
T_1.25 ;
    %pushi/vec4 4, 0, 8;
    %store/vec4 v0x557debf41b10_0, 0, 8;
    %jmp T_1.51;
T_1.26 ;
    %pushi/vec4 7, 0, 8;
    %store/vec4 v0x557debf41b10_0, 0, 8;
    %jmp T_1.51;
T_1.27 ;
    %pushi/vec4 7, 0, 8;
    %store/vec4 v0x557debf41b10_0, 0, 8;
    %jmp T_1.51;
T_1.28 ;
    %pushi/vec4 12, 0, 8;
    %store/vec4 v0x557debf41b10_0, 0, 8;
    %jmp T_1.51;
T_1.29 ;
    %pushi/vec4 12, 0, 8;
    %store/vec4 v0x557debf41b10_0, 0, 8;
    %jmp T_1.51;
T_1.30 ;
    %pushi/vec4 17, 0, 8;
    %store/vec4 v0x557debf41b10_0, 0, 8;
    %jmp T_1.51;
T_1.31 ;
    %pushi/vec4 17, 0, 8;
    %store/vec4 v0x557debf41b10_0, 0, 8;
    %jmp T_1.51;
T_1.32 ;
    %pushi/vec4 17, 0, 8;
    %store/vec4 v0x557debf41b10_0, 0, 8;
    %jmp T_1.51;
T_1.33 ;
    %pushi/vec4 17, 0, 8;
    %store/vec4 v0x557debf41b10_0, 0, 8;
    %jmp T_1.51;
T_1.34 ;
    %pushi/vec4 17, 0, 8;
    %store/vec4 v0x557debf41b10_0, 0, 8;
    %jmp T_1.51;
T_1.35 ;
    %pushi/vec4 17, 0, 8;
    %store/vec4 v0x557debf41b10_0, 0, 8;
    %jmp T_1.51;
T_1.36 ;
    %pushi/vec4 17, 0, 8;
    %store/vec4 v0x557debf41b10_0, 0, 8;
    %jmp T_1.51;
T_1.37 ;
    %pushi/vec4 17, 0, 8;
    %store/vec4 v0x557debf41b10_0, 0, 8;
    %jmp T_1.51;
T_1.38 ;
    %pushi/vec4 17, 0, 8;
    %store/vec4 v0x557debf41b10_0, 0, 8;
    %jmp T_1.51;
T_1.39 ;
    %pushi/vec4 17, 0, 8;
    %store/vec4 v0x557debf41b10_0, 0, 8;
    %jmp T_1.51;
T_1.40 ;
    %pushi/vec4 17, 0, 8;
    %store/vec4 v0x557debf41b10_0, 0, 8;
    %jmp T_1.51;
T_1.41 ;
    %pushi/vec4 19, 0, 8;
    %store/vec4 v0x557debf41b10_0, 0, 8;
    %jmp T_1.51;
T_1.42 ;
    %pushi/vec4 19, 0, 8;
    %store/vec4 v0x557debf41b10_0, 0, 8;
    %jmp T_1.51;
T_1.43 ;
    %pushi/vec4 19, 0, 8;
    %store/vec4 v0x557debf41b10_0, 0, 8;
    %jmp T_1.51;
T_1.44 ;
    %pushi/vec4 19, 0, 8;
    %store/vec4 v0x557debf41b10_0, 0, 8;
    %jmp T_1.51;
T_1.45 ;
    %pushi/vec4 19, 0, 8;
    %store/vec4 v0x557debf41b10_0, 0, 8;
    %jmp T_1.51;
T_1.46 ;
    %pushi/vec4 19, 0, 8;
    %store/vec4 v0x557debf41b10_0, 0, 8;
    %jmp T_1.51;
T_1.47 ;
    %pushi/vec4 19, 0, 8;
    %store/vec4 v0x557debf41b10_0, 0, 8;
    %jmp T_1.51;
T_1.48 ;
    %pushi/vec4 19, 0, 8;
    %store/vec4 v0x557debf41b10_0, 0, 8;
    %jmp T_1.51;
T_1.49 ;
    %pushi/vec4 19, 0, 8;
    %store/vec4 v0x557debf41b10_0, 0, 8;
    %jmp T_1.51;
T_1.51 ;
    %pop/vec4 1;
    %jmp T_1.23;
T_1.4 ;
    %pushi/vec4 5, 0, 8;
    %store/vec4 v0x557debf41b10_0, 0, 8;
    %jmp T_1.23;
T_1.5 ;
    %pushi/vec4 6, 0, 8;
    %store/vec4 v0x557debf41b10_0, 0, 8;
    %jmp T_1.23;
T_1.6 ;
    %pushi/vec4 0, 0, 8;
    %store/vec4 v0x557debf41b10_0, 0, 8;
    %jmp T_1.23;
T_1.7 ;
    %pushi/vec4 18, 0, 8;
    %store/vec4 v0x557debf41b10_0, 0, 8;
    %jmp T_1.23;
T_1.8 ;
    %pushi/vec4 0, 0, 8;
    %store/vec4 v0x557debf41b10_0, 0, 8;
    %jmp T_1.23;
T_1.9 ;
    %pushi/vec4 8, 0, 8;
    %store/vec4 v0x557debf41b10_0, 0, 8;
    %jmp T_1.23;
T_1.10 ;
    %pushi/vec4 9, 0, 8;
    %store/vec4 v0x557debf41b10_0, 0, 8;
    %jmp T_1.23;
T_1.11 ;
    %pushi/vec4 10, 0, 8;
    %store/vec4 v0x557debf41b10_0, 0, 8;
    %jmp T_1.23;
T_1.12 ;
    %pushi/vec4 11, 0, 8;
    %store/vec4 v0x557debf41b10_0, 0, 8;
    %jmp T_1.23;
T_1.13 ;
    %pushi/vec4 0, 0, 8;
    %store/vec4 v0x557debf41b10_0, 0, 8;
    %jmp T_1.23;
T_1.14 ;
    %pushi/vec4 13, 0, 8;
    %store/vec4 v0x557debf41b10_0, 0, 8;
    %jmp T_1.23;
T_1.15 ;
    %pushi/vec4 14, 0, 8;
    %store/vec4 v0x557debf41b10_0, 0, 8;
    %jmp T_1.23;
T_1.16 ;
    %pushi/vec4 15, 0, 8;
    %store/vec4 v0x557debf41b10_0, 0, 8;
    %jmp T_1.23;
T_1.17 ;
    %pushi/vec4 16, 0, 8;
    %store/vec4 v0x557debf41b10_0, 0, 8;
    %jmp T_1.23;
T_1.18 ;
    %pushi/vec4 0, 0, 8;
    %store/vec4 v0x557debf41b10_0, 0, 8;
    %jmp T_1.23;
T_1.19 ;
    %pushi/vec4 20, 0, 8;
    %store/vec4 v0x557debf41b10_0, 0, 8;
    %jmp T_1.23;
T_1.20 ;
    %load/vec4 v0x557debf41360_0;
    %cmpi/e 32, 0, 8;
    %jmp/0xz  T_1.52, 4;
    %pushi/vec4 21, 0, 8;
    %store/vec4 v0x557debf41b10_0, 0, 8;
    %jmp T_1.53;
T_1.52 ;
    %load/vec4 v0x557debf41360_0;
    %cmpi/e 35, 0, 8;
    %flag_get/vec4 4;
    %jmp/0 T_1.56, 4;
    %load/vec4 v0x557debf41970_0;
    %and;
T_1.56;
    %flag_set/vec4 8;
    %jmp/0xz  T_1.54, 8;
    %pushi/vec4 21, 0, 8;
    %store/vec4 v0x557debf41b10_0, 0, 8;
    %jmp T_1.55;
T_1.54 ;
    %load/vec4 v0x557debf41360_0;
    %cmpi/e 36, 0, 8;
    %flag_get/vec4 4;
    %jmp/0 T_1.59, 4;
    %load/vec4 v0x557debf41970_0;
    %nor/r;
    %and;
T_1.59;
    %flag_set/vec4 8;
    %jmp/0xz  T_1.57, 8;
    %pushi/vec4 21, 0, 8;
    %store/vec4 v0x557debf41b10_0, 0, 8;
    %jmp T_1.58;
T_1.57 ;
    %load/vec4 v0x557debf41360_0;
    %cmpi/e 33, 0, 8;
    %flag_get/vec4 4;
    %jmp/0 T_1.62, 4;
    %load/vec4 v0x557debf41590_0;
    %and;
T_1.62;
    %flag_set/vec4 8;
    %jmp/0xz  T_1.60, 8;
    %pushi/vec4 21, 0, 8;
    %store/vec4 v0x557debf41b10_0, 0, 8;
    %jmp T_1.61;
T_1.60 ;
    %load/vec4 v0x557debf41360_0;
    %cmpi/e 34, 0, 8;
    %flag_get/vec4 4;
    %jmp/0 T_1.65, 4;
    %load/vec4 v0x557debf41590_0;
    %nor/r;
    %and;
T_1.65;
    %flag_set/vec4 8;
    %jmp/0xz  T_1.63, 8;
    %pushi/vec4 21, 0, 8;
    %store/vec4 v0x557debf41b10_0, 0, 8;
    %jmp T_1.64;
T_1.63 ;
    %load/vec4 v0x557debf41360_0;
    %cmpi/e 37, 0, 8;
    %flag_get/vec4 4;
    %jmp/0 T_1.68, 4;
    %load/vec4 v0x557debf418b0_0;
    %and;
T_1.68;
    %flag_set/vec4 8;
    %jmp/0xz  T_1.66, 8;
    %pushi/vec4 21, 0, 8;
    %store/vec4 v0x557debf41b10_0, 0, 8;
    %jmp T_1.67;
T_1.66 ;
    %load/vec4 v0x557debf41360_0;
    %cmpi/e 38, 0, 8;
    %flag_get/vec4 4;
    %jmp/0 T_1.71, 4;
    %load/vec4 v0x557debf418b0_0;
    %nor/r;
    %and;
T_1.71;
    %flag_set/vec4 8;
    %jmp/0xz  T_1.69, 8;
    %pushi/vec4 21, 0, 8;
    %store/vec4 v0x557debf41b10_0, 0, 8;
    %jmp T_1.70;
T_1.69 ;
    %load/vec4 v0x557debf41360_0;
    %cmpi/e 39, 0, 8;
    %flag_get/vec4 4;
    %jmp/0 T_1.74, 4;
    %load/vec4 v0x557debf41090_0;
    %and;
T_1.74;
    %flag_set/vec4 8;
    %jmp/0xz  T_1.72, 8;
    %pushi/vec4 21, 0, 8;
    %store/vec4 v0x557debf41b10_0, 0, 8;
    %jmp T_1.73;
T_1.72 ;
    %load/vec4 v0x557debf41360_0;
    %cmpi/e 40, 0, 8;
    %flag_get/vec4 4;
    %jmp/0 T_1.77, 4;
    %load/vec4 v0x557debf41090_0;
    %nor/r;
    %and;
T_1.77;
    %flag_set/vec4 8;
    %jmp/0xz  T_1.75, 8;
    %pushi/vec4 21, 0, 8;
    %store/vec4 v0x557debf41b10_0, 0, 8;
    %jmp T_1.76;
T_1.75 ;
    %pushi/vec4 0, 0, 8;
    %store/vec4 v0x557debf41b10_0, 0, 8;
T_1.76 ;
T_1.73 ;
T_1.70 ;
T_1.67 ;
T_1.64 ;
T_1.61 ;
T_1.58 ;
T_1.55 ;
T_1.53 ;
    %jmp T_1.23;
T_1.21 ;
    %pushi/vec4 0, 0, 8;
    %store/vec4 v0x557debf41b10_0, 0, 8;
    %jmp T_1.23;
T_1.23 ;
    %pop/vec4 1;
    %jmp T_1;
    .thread T_1, $push;
    .scope S_0x557debf3e620;
T_2 ;
    %wait E_0x557debf3c630;
    %pushi/vec4 0, 0, 8;
    %split/vec4 1;
    %store/vec4 v0x557debf41bf0_0, 0, 1;
    %split/vec4 1;
    %store/vec4 v0x557debf41130_0, 0, 1;
    %split/vec4 1;
    %store/vec4 v0x557debf40e10_0, 0, 1;
    %split/vec4 1;
    %store/vec4 v0x557debf40d00_0, 0, 1;
    %split/vec4 1;
    %store/vec4 v0x557debf41630_0, 0, 1;
    %split/vec4 1;
    %store/vec4 v0x557debf41720_0, 0, 1;
    %split/vec4 1;
    %store/vec4 v0x557debf414a0_0, 0, 1;
    %store/vec4 v0x557debf41400_0, 0, 1;
    %pushi/vec4 0, 0, 3;
    %store/vec4 v0x557debf40bd0_0, 0, 3;
    %pushi/vec4 0, 0, 2;
    %store/vec4 v0x557debf40f00_0, 0, 2;
    %pushi/vec4 0, 0, 2;
    %store/vec4 v0x557debf40fa0_0, 0, 2;
    %load/vec4 v0x557debf41a30_0;
    %dup/vec4;
    %pushi/vec4 0, 0, 8;
    %cmp/u;
    %jmp/1 T_2.0, 6;
    %dup/vec4;
    %pushi/vec4 1, 0, 8;
    %cmp/u;
    %jmp/1 T_2.1, 6;
    %dup/vec4;
    %pushi/vec4 2, 0, 8;
    %cmp/u;
    %jmp/1 T_2.2, 6;
    %dup/vec4;
    %pushi/vec4 3, 0, 8;
    %cmp/u;
    %jmp/1 T_2.3, 6;
    %dup/vec4;
    %pushi/vec4 4, 0, 8;
    %cmp/u;
    %jmp/1 T_2.4, 6;
    %dup/vec4;
    %pushi/vec4 5, 0, 8;
    %cmp/u;
    %jmp/1 T_2.5, 6;
    %dup/vec4;
    %pushi/vec4 6, 0, 8;
    %cmp/u;
    %jmp/1 T_2.6, 6;
    %dup/vec4;
    %pushi/vec4 17, 0, 8;
    %cmp/u;
    %jmp/1 T_2.7, 6;
    %dup/vec4;
    %pushi/vec4 18, 0, 8;
    %cmp/u;
    %jmp/1 T_2.8, 6;
    %dup/vec4;
    %pushi/vec4 7, 0, 8;
    %cmp/u;
    %jmp/1 T_2.9, 6;
    %dup/vec4;
    %pushi/vec4 8, 0, 8;
    %cmp/u;
    %jmp/1 T_2.10, 6;
    %dup/vec4;
    %pushi/vec4 9, 0, 8;
    %cmp/u;
    %jmp/1 T_2.11, 6;
    %dup/vec4;
    %pushi/vec4 10, 0, 8;
    %cmp/u;
    %jmp/1 T_2.12, 6;
    %dup/vec4;
    %pushi/vec4 11, 0, 8;
    %cmp/u;
    %jmp/1 T_2.13, 6;
    %dup/vec4;
    %pushi/vec4 12, 0, 8;
    %cmp/u;
    %jmp/1 T_2.14, 6;
    %dup/vec4;
    %pushi/vec4 13, 0, 8;
    %cmp/u;
    %jmp/1 T_2.15, 6;
    %dup/vec4;
    %pushi/vec4 14, 0, 8;
    %cmp/u;
    %jmp/1 T_2.16, 6;
    %dup/vec4;
    %pushi/vec4 15, 0, 8;
    %cmp/u;
    %jmp/1 T_2.17, 6;
    %dup/vec4;
    %pushi/vec4 16, 0, 8;
    %cmp/u;
    %jmp/1 T_2.18, 6;
    %dup/vec4;
    %pushi/vec4 19, 0, 8;
    %cmp/u;
    %jmp/1 T_2.19, 6;
    %dup/vec4;
    %pushi/vec4 20, 0, 8;
    %cmp/u;
    %jmp/1 T_2.20, 6;
    %dup/vec4;
    %pushi/vec4 21, 0, 8;
    %cmp/u;
    %jmp/1 T_2.21, 6;
    %jmp T_2.22;
T_2.0 ;
    %pushi/vec4 1, 0, 1;
    %store/vec4 v0x557debf414a0_0, 0, 1;
    %pushi/vec4 0, 0, 2;
    %store/vec4 v0x557debf40f00_0, 0, 2;
    %pushi/vec4 1, 0, 2;
    %store/vec4 v0x557debf40fa0_0, 0, 2;
    %jmp T_2.22;
T_2.1 ;
    %pushi/vec4 1, 0, 1;
    %store/vec4 v0x557debf41400_0, 0, 1;
    %pushi/vec4 1, 0, 1;
    %store/vec4 v0x557debf41630_0, 0, 1;
    %pushi/vec4 2, 0, 2;
    %store/vec4 v0x557debf40fa0_0, 0, 2;
    %jmp T_2.22;
T_2.2 ;
    %pushi/vec4 1, 0, 1;
    %store/vec4 v0x557debf414a0_0, 0, 1;
    %pushi/vec4 0, 0, 2;
    %store/vec4 v0x557debf40f00_0, 0, 2;
    %pushi/vec4 1, 0, 2;
    %store/vec4 v0x557debf40fa0_0, 0, 2;
    %jmp T_2.22;
T_2.3 ;
    %jmp T_2.22;
T_2.4 ;
    %load/vec4 v0x557debf41360_0;
    %cmpi/e 134, 0, 8;
    %jmp/0xz  T_2.23, 4;
    %pushi/vec4 1, 0, 1;
    %store/vec4 v0x557debf40d00_0, 0, 1;
T_2.23 ;
    %load/vec4 v0x557debf41360_0;
    %cmpi/e 136, 0, 8;
    %jmp/0xz  T_2.25, 4;
    %pushi/vec4 1, 0, 1;
    %store/vec4 v0x557debf40e10_0, 0, 1;
T_2.25 ;
    %pushi/vec4 2, 0, 2;
    %store/vec4 v0x557debf40fa0_0, 0, 2;
    %jmp T_2.22;
T_2.5 ;
    %load/vec4 v0x557debf41360_0;
    %cmpi/e 134, 0, 8;
    %jmp/0xz  T_2.27, 4;
    %pushi/vec4 1, 0, 1;
    %store/vec4 v0x557debf40d00_0, 0, 1;
T_2.27 ;
    %load/vec4 v0x557debf41360_0;
    %cmpi/e 136, 0, 8;
    %jmp/0xz  T_2.29, 4;
    %pushi/vec4 1, 0, 1;
    %store/vec4 v0x557debf40e10_0, 0, 1;
T_2.29 ;
    %pushi/vec4 2, 0, 2;
    %store/vec4 v0x557debf40fa0_0, 0, 2;
    %jmp T_2.22;
T_2.6 ;
    %jmp T_2.22;
T_2.7 ;
    %pushi/vec4 1, 0, 1;
    %store/vec4 v0x557debf41130_0, 0, 1;
    %pushi/vec4 0, 0, 2;
    %store/vec4 v0x557debf40fa0_0, 0, 2;
    %load/vec4 v0x557debf41360_0;
    %dup/vec4;
    %pushi/vec4 66, 0, 8;
    %cmp/u;
    %jmp/1 T_2.31, 6;
    %dup/vec4;
    %pushi/vec4 67, 0, 8;
    %cmp/u;
    %jmp/1 T_2.32, 6;
    %dup/vec4;
    %pushi/vec4 68, 0, 8;
    %cmp/u;
    %jmp/1 T_2.33, 6;
    %dup/vec4;
    %pushi/vec4 69, 0, 8;
    %cmp/u;
    %jmp/1 T_2.34, 6;
    %dup/vec4;
    %pushi/vec4 74, 0, 8;
    %cmp/u;
    %jmp/1 T_2.35, 6;
    %dup/vec4;
    %pushi/vec4 70, 0, 8;
    %cmp/u;
    %jmp/1 T_2.36, 6;
    %dup/vec4;
    %pushi/vec4 72, 0, 8;
    %cmp/u;
    %jmp/1 T_2.37, 6;
    %dup/vec4;
    %pushi/vec4 75, 0, 8;
    %cmp/u;
    %jmp/1 T_2.38, 6;
    %dup/vec4;
    %pushi/vec4 71, 0, 8;
    %cmp/u;
    %jmp/1 T_2.39, 6;
    %dup/vec4;
    %pushi/vec4 73, 0, 8;
    %cmp/u;
    %jmp/1 T_2.40, 6;
    %dup/vec4;
    %pushi/vec4 76, 0, 8;
    %cmp/u;
    %jmp/1 T_2.41, 6;
    %jmp T_2.42;
T_2.31 ;
    %pushi/vec4 1, 0, 1;
    %store/vec4 v0x557debf40d00_0, 0, 1;
    %pushi/vec4 1, 0, 2;
    %store/vec4 v0x557debf40f00_0, 0, 2;
    %pushi/vec4 0, 0, 3;
    %store/vec4 v0x557debf40bd0_0, 0, 3;
    %jmp T_2.42;
T_2.32 ;
    %pushi/vec4 1, 0, 1;
    %store/vec4 v0x557debf40d00_0, 0, 1;
    %pushi/vec4 1, 0, 2;
    %store/vec4 v0x557debf40f00_0, 0, 2;
    %pushi/vec4 2, 0, 3;
    %store/vec4 v0x557debf40bd0_0, 0, 3;
    %jmp T_2.42;
T_2.33 ;
    %pushi/vec4 1, 0, 1;
    %store/vec4 v0x557debf40d00_0, 0, 1;
    %pushi/vec4 1, 0, 2;
    %store/vec4 v0x557debf40f00_0, 0, 2;
    %pushi/vec4 3, 0, 3;
    %store/vec4 v0x557debf40bd0_0, 0, 3;
    %jmp T_2.42;
T_2.34 ;
    %pushi/vec4 1, 0, 1;
    %store/vec4 v0x557debf40d00_0, 0, 1;
    %pushi/vec4 1, 0, 2;
    %store/vec4 v0x557debf40f00_0, 0, 2;
    %pushi/vec4 4, 0, 3;
    %store/vec4 v0x557debf40bd0_0, 0, 3;
    %jmp T_2.42;
T_2.35 ;
    %pushi/vec4 1, 0, 1;
    %store/vec4 v0x557debf40d00_0, 0, 1;
    %pushi/vec4 1, 0, 2;
    %store/vec4 v0x557debf40f00_0, 0, 2;
    %pushi/vec4 5, 0, 3;
    %store/vec4 v0x557debf40bd0_0, 0, 3;
    %jmp T_2.42;
T_2.36 ;
    %pushi/vec4 1, 0, 1;
    %store/vec4 v0x557debf40d00_0, 0, 1;
    %pushi/vec4 1, 0, 2;
    %store/vec4 v0x557debf40f00_0, 0, 2;
    %pushi/vec4 1, 0, 3;
    %store/vec4 v0x557debf40bd0_0, 0, 3;
    %jmp T_2.42;
T_2.37 ;
    %pushi/vec4 1, 0, 1;
    %store/vec4 v0x557debf40d00_0, 0, 1;
    %pushi/vec4 1, 0, 2;
    %store/vec4 v0x557debf40f00_0, 0, 2;
    %pushi/vec4 6, 0, 3;
    %store/vec4 v0x557debf40bd0_0, 0, 3;
    %jmp T_2.42;
T_2.38 ;
    %pushi/vec4 1, 0, 1;
    %store/vec4 v0x557debf40d00_0, 0, 1;
    %pushi/vec4 1, 0, 2;
    %store/vec4 v0x557debf40f00_0, 0, 2;
    %pushi/vec4 7, 0, 3;
    %store/vec4 v0x557debf40bd0_0, 0, 3;
    %jmp T_2.42;
T_2.39 ;
    %pushi/vec4 1, 0, 1;
    %store/vec4 v0x557debf40e10_0, 0, 1;
    %pushi/vec4 2, 0, 2;
    %store/vec4 v0x557debf40f00_0, 0, 2;
    %pushi/vec4 1, 0, 3;
    %store/vec4 v0x557debf40bd0_0, 0, 3;
    %jmp T_2.42;
T_2.40 ;
    %pushi/vec4 1, 0, 1;
    %store/vec4 v0x557debf40e10_0, 0, 1;
    %pushi/vec4 2, 0, 2;
    %store/vec4 v0x557debf40f00_0, 0, 2;
    %pushi/vec4 6, 0, 3;
    %store/vec4 v0x557debf40bd0_0, 0, 3;
    %jmp T_2.42;
T_2.41 ;
    %pushi/vec4 1, 0, 1;
    %store/vec4 v0x557debf40e10_0, 0, 1;
    %pushi/vec4 2, 0, 2;
    %store/vec4 v0x557debf40f00_0, 0, 2;
    %pushi/vec4 7, 0, 3;
    %store/vec4 v0x557debf40bd0_0, 0, 3;
    %jmp T_2.42;
T_2.42 ;
    %pop/vec4 1;
    %jmp T_2.22;
T_2.8 ;
    %jmp T_2.22;
T_2.9 ;
    %pushi/vec4 1, 0, 1;
    %store/vec4 v0x557debf414a0_0, 0, 1;
    %pushi/vec4 1, 0, 1;
    %store/vec4 v0x557debf41630_0, 0, 1;
    %pushi/vec4 1, 0, 3;
    %store/vec4 v0x557debf40bd0_0, 0, 3;
    %pushi/vec4 2, 0, 2;
    %store/vec4 v0x557debf40fa0_0, 0, 2;
    %jmp T_2.22;
T_2.10 ;
    %jmp T_2.22;
T_2.11 ;
    %pushi/vec4 1, 0, 3;
    %store/vec4 v0x557debf40bd0_0, 0, 3;
    %pushi/vec4 2, 0, 2;
    %store/vec4 v0x557debf40fa0_0, 0, 2;
    %jmp T_2.22;
T_2.12 ;
    %jmp T_2.22;
T_2.13 ;
    %pushi/vec4 1, 0, 1;
    %store/vec4 v0x557debf41130_0, 0, 1;
    %pushi/vec4 2, 0, 2;
    %store/vec4 v0x557debf40fa0_0, 0, 2;
    %load/vec4 v0x557debf41360_0;
    %cmpi/e 135, 0, 8;
    %jmp/0xz  T_2.43, 4;
    %pushi/vec4 1, 0, 1;
    %store/vec4 v0x557debf40d00_0, 0, 1;
T_2.43 ;
    %load/vec4 v0x557debf41360_0;
    %cmpi/e 137, 0, 8;
    %jmp/0xz  T_2.45, 4;
    %pushi/vec4 1, 0, 1;
    %store/vec4 v0x557debf40e10_0, 0, 1;
T_2.45 ;
    %jmp T_2.22;
T_2.14 ;
    %pushi/vec4 1, 0, 1;
    %store/vec4 v0x557debf41630_0, 0, 1;
    %pushi/vec4 1, 0, 3;
    %store/vec4 v0x557debf40bd0_0, 0, 3;
    %pushi/vec4 2, 0, 2;
    %store/vec4 v0x557debf40fa0_0, 0, 2;
    %jmp T_2.22;
T_2.15 ;
    %jmp T_2.22;
T_2.16 ;
    %pushi/vec4 1, 0, 1;
    %store/vec4 v0x557debf41630_0, 0, 1;
    %pushi/vec4 1, 0, 3;
    %store/vec4 v0x557debf40bd0_0, 0, 3;
    %pushi/vec4 2, 0, 2;
    %store/vec4 v0x557debf40fa0_0, 0, 2;
    %jmp T_2.22;
T_2.17 ;
    %jmp T_2.22;
T_2.18 ;
    %pushi/vec4 1, 0, 1;
    %store/vec4 v0x557debf41bf0_0, 0, 1;
    %load/vec4 v0x557debf41360_0;
    %cmpi/e 150, 0, 8;
    %jmp/0xz  T_2.47, 4;
    %pushi/vec4 1, 0, 2;
    %store/vec4 v0x557debf40f00_0, 0, 2;
T_2.47 ;
    %load/vec4 v0x557debf41360_0;
    %cmpi/e 151, 0, 8;
    %jmp/0xz  T_2.49, 4;
    %pushi/vec4 2, 0, 2;
    %store/vec4 v0x557debf40f00_0, 0, 2;
T_2.49 ;
    %jmp T_2.22;
T_2.19 ;
    %pushi/vec4 1, 0, 1;
    %store/vec4 v0x557debf414a0_0, 0, 1;
    %pushi/vec4 1, 0, 1;
    %store/vec4 v0x557debf41630_0, 0, 1;
    %pushi/vec4 1, 0, 3;
    %store/vec4 v0x557debf40bd0_0, 0, 3;
    %pushi/vec4 2, 0, 2;
    %store/vec4 v0x557debf40fa0_0, 0, 2;
    %jmp T_2.22;
T_2.20 ;
    %pushi/vec4 1, 0, 1;
    %store/vec4 v0x557debf414a0_0, 0, 1;
    %pushi/vec4 1, 0, 1;
    %store/vec4 v0x557debf41630_0, 0, 1;
    %pushi/vec4 1, 0, 3;
    %store/vec4 v0x557debf40bd0_0, 0, 3;
    %pushi/vec4 2, 0, 2;
    %store/vec4 v0x557debf40fa0_0, 0, 2;
    %jmp T_2.22;
T_2.21 ;
    %pushi/vec4 1, 0, 1;
    %store/vec4 v0x557debf41720_0, 0, 1;
    %pushi/vec4 2, 0, 2;
    %store/vec4 v0x557debf40fa0_0, 0, 2;
    %jmp T_2.22;
T_2.22 ;
    %pop/vec4 1;
    %jmp T_2;
    .thread T_2, $push;
    .scope S_0x557debf3ae20;
T_3 ;
    %wait E_0x557debf394f0;
    %fork t_1, S_0x557debf3b0d0;
    %jmp t_0;
    .scope S_0x557debf3b0d0;
t_1 ;
    %load/vec4 v0x557debf3b620_0;
    %nor/r;
    %flag_set/vec4 8;
    %jmp/0xz  T_3.0, 8;
    %pushi/vec4 0, 0, 8;
    %assign/vec4 v0x557debf3b4c0_0, 0;
    %jmp T_3.1;
T_3.0 ;
    %load/vec4 v0x557debf3b2d0_0;
    %flag_set/vec4 8;
    %jmp/0xz  T_3.2, 8;
    %load/vec4 v0x557debf3b3b0_0;
    %assign/vec4 v0x557debf3b4c0_0, 0;
T_3.2 ;
T_3.1 ;
    %end;
    .scope S_0x557debf3ae20;
t_0 %join;
    %jmp T_3;
    .thread T_3;
    .scope S_0x557debf3b7b0;
T_4 ;
    %wait E_0x557debf394f0;
    %fork t_3, S_0x557debf3ba10;
    %jmp t_2;
    .scope S_0x557debf3ba10;
t_3 ;
    %load/vec4 v0x557debf3bf10_0;
    %nor/r;
    %flag_set/vec4 8;
    %jmp/0xz  T_4.0, 8;
    %pushi/vec4 0, 0, 8;
    %assign/vec4 v0x557debf3bdb0_0, 0;
    %jmp T_4.1;
T_4.0 ;
    %load/vec4 v0x557debf3bc10_0;
    %flag_set/vec4 8;
    %jmp/0xz  T_4.2, 8;
    %load/vec4 v0x557debf3bcf0_0;
    %assign/vec4 v0x557debf3bdb0_0, 0;
T_4.2 ;
T_4.1 ;
    %end;
    .scope S_0x557debf3b7b0;
t_2 %join;
    %jmp T_4;
    .thread T_4;
    .scope S_0x557debf3c3c0;
T_5 ;
    %wait E_0x557debf394f0;
    %fork t_5, S_0x557debf3c710;
    %jmp t_4;
    .scope S_0x557debf3c710;
t_5 ;
    %load/vec4 v0x557debf3cd10_0;
    %nor/r;
    %flag_set/vec4 8;
    %jmp/0xz  T_5.0, 8;
    %pushi/vec4 0, 0, 8;
    %assign/vec4 v0x557debf3c8c0_0, 0;
    %jmp T_5.1;
T_5.0 ;
    %load/vec4 v0x557debf3cc50_0;
    %flag_set/vec4 8;
    %jmp/0xz  T_5.2, 8;
    %load/vec4 v0x557debf3c9c0_0;
    %assign/vec4 v0x557debf3c8c0_0, 0;
    %jmp T_5.3;
T_5.2 ;
    %load/vec4 v0x557debf3c8c0_0;
    %load/vec4 v0x557debf3cbb0_0;
    %pad/u 8;
    %add;
    %assign/vec4 v0x557debf3c8c0_0, 0;
T_5.3 ;
T_5.1 ;
    %end;
    .scope S_0x557debf3c3c0;
t_4 %join;
    %jmp T_5;
    .thread T_5;
    .scope S_0x557debf39270;
T_6 ;
    %wait E_0x557debf394f0;
    %fork t_7, S_0x557debf39550;
    %jmp t_6;
    .scope S_0x557debf39550;
t_7 ;
    %load/vec4 v0x557debf399b0_0;
    %nor/r;
    %flag_set/vec4 8;
    %jmp/0xz  T_6.0, 8;
    %pushi/vec4 0, 0, 8;
    %assign/vec4 v0x557debf39870_0, 0;
    %jmp T_6.1;
T_6.0 ;
    %load/vec4 v0x557debf01c40_0;
    %flag_set/vec4 8;
    %jmp/0xz  T_6.2, 8;
    %load/vec4 v0x557debf39790_0;
    %assign/vec4 v0x557debf39870_0, 0;
T_6.2 ;
T_6.1 ;
    %end;
    .scope S_0x557debf39270;
t_6 %join;
    %jmp T_6;
    .thread T_6;
    .scope S_0x557debf39b60;
T_7 ;
    %wait E_0x557debf394f0;
    %fork t_9, S_0x557debf39dc0;
    %jmp t_8;
    .scope S_0x557debf39dc0;
t_9 ;
    %load/vec4 v0x557debf3a310_0;
    %nor/r;
    %flag_set/vec4 8;
    %jmp/0xz  T_7.0, 8;
    %pushi/vec4 0, 0, 8;
    %assign/vec4 v0x557debf3a140_0, 0;
    %jmp T_7.1;
T_7.0 ;
    %load/vec4 v0x557debf39fa0_0;
    %flag_set/vec4 8;
    %jmp/0xz  T_7.2, 8;
    %load/vec4 v0x557debf3a080_0;
    %assign/vec4 v0x557debf3a140_0, 0;
T_7.2 ;
T_7.1 ;
    %end;
    .scope S_0x557debf39b60;
t_8 %join;
    %jmp T_7;
    .thread T_7;
    .scope S_0x557debe7d970;
T_8 ;
    %wait E_0x557debf27cf0;
    %load/vec4 v0x557debeff7f0_0;
    %dup/vec4;
    %pushi/vec4 0, 0, 3;
    %cmp/u;
    %jmp/1 T_8.0, 6;
    %dup/vec4;
    %pushi/vec4 1, 0, 3;
    %cmp/u;
    %jmp/1 T_8.1, 6;
    %dup/vec4;
    %pushi/vec4 2, 0, 3;
    %cmp/u;
    %jmp/1 T_8.2, 6;
    %dup/vec4;
    %pushi/vec4 3, 0, 3;
    %cmp/u;
    %jmp/1 T_8.3, 6;
    %dup/vec4;
    %pushi/vec4 4, 0, 3;
    %cmp/u;
    %jmp/1 T_8.4, 6;
    %dup/vec4;
    %pushi/vec4 5, 0, 3;
    %cmp/u;
    %jmp/1 T_8.5, 6;
    %dup/vec4;
    %pushi/vec4 6, 0, 3;
    %cmp/u;
    %jmp/1 T_8.6, 6;
    %dup/vec4;
    %pushi/vec4 7, 0, 3;
    %cmp/u;
    %jmp/1 T_8.7, 6;
    %pushi/vec4 255, 255, 8;
    %store/vec4 v0x557debf01b70_0, 0, 8;
    %pushi/vec4 15, 15, 4;
    %store/vec4 v0x557debf0f730_0, 0, 4;
    %jmp T_8.9;
T_8.0 ;
    %load/vec4 v0x557debeff720_0;
    %pad/u 9;
    %load/vec4 v0x557debf0f690_0;
    %pad/u 9;
    %add;
    %split/vec4 8;
    %store/vec4 v0x557debf01b70_0, 0, 8;
    %ix/load 4, 0, 0;
    %flag_set/imm 4, 0;
    %store/vec4 v0x557debf0f730_0, 4, 1;
    %load/vec4 v0x557debf01b70_0;
    %parti/s 1, 7, 4;
    %ix/load 4, 3, 0;
    %flag_set/imm 4, 0;
    %store/vec4 v0x557debf0f730_0, 4, 1;
    %load/vec4 v0x557debf01b70_0;
    %pad/u 32;
    %cmpi/e 0, 0, 32;
    %jmp/0xz  T_8.10, 4;
    %pushi/vec4 1, 0, 1;
    %ix/load 4, 2, 0;
    %flag_set/imm 4, 0;
    %store/vec4 v0x557debf0f730_0, 4, 1;
    %jmp T_8.11;
T_8.10 ;
    %pushi/vec4 0, 0, 1;
    %ix/load 4, 2, 0;
    %flag_set/imm 4, 0;
    %store/vec4 v0x557debf0f730_0, 4, 1;
T_8.11 ;
    %load/vec4 v0x557debeff720_0;
    %parti/s 1, 7, 4;
    %pad/u 32;
    %cmpi/e 0, 0, 32;
    %flag_get/vec4 4;
    %jmp/0 T_8.15, 4;
    %load/vec4 v0x557debf0f690_0;
    %parti/s 1, 7, 4;
    %pad/u 32;
    %pushi/vec4 0, 0, 32;
    %cmp/e;
    %flag_get/vec4 4;
    %and;
T_8.15;
    %flag_set/vec4 9;
    %flag_get/vec4 9;
    %jmp/0 T_8.14, 9;
    %load/vec4 v0x557debf01b70_0;
    %parti/s 1, 7, 4;
    %pad/u 32;
    %pushi/vec4 1, 0, 32;
    %cmp/e;
    %flag_get/vec4 4;
    %and;
T_8.14;
    %flag_set/vec4 8;
    %jmp/0xz  T_8.12, 8;
    %pushi/vec4 1, 0, 1;
    %ix/load 4, 1, 0;
    %flag_set/imm 4, 0;
    %store/vec4 v0x557debf0f730_0, 4, 1;
    %jmp T_8.13;
T_8.12 ;
    %load/vec4 v0x557debeff720_0;
    %parti/s 1, 7, 4;
    %pad/u 32;
    %cmpi/e 1, 0, 32;
    %flag_get/vec4 4;
    %jmp/0 T_8.19, 4;
    %load/vec4 v0x557debf0f690_0;
    %parti/s 1, 7, 4;
    %pad/u 32;
    %pushi/vec4 1, 0, 32;
    %cmp/e;
    %flag_get/vec4 4;
    %and;
T_8.19;
    %flag_set/vec4 9;
    %flag_get/vec4 9;
    %jmp/0 T_8.18, 9;
    %load/vec4 v0x557debf01b70_0;
    %parti/s 1, 7, 4;
    %pad/u 32;
    %pushi/vec4 0, 0, 32;
    %cmp/e;
    %flag_get/vec4 4;
    %and;
T_8.18;
    %flag_set/vec4 8;
    %jmp/0xz  T_8.16, 8;
    %pushi/vec4 1, 0, 1;
    %ix/load 4, 1, 0;
    %flag_set/imm 4, 0;
    %store/vec4 v0x557debf0f730_0, 4, 1;
    %jmp T_8.17;
T_8.16 ;
    %pushi/vec4 0, 0, 1;
    %ix/load 4, 1, 0;
    %flag_set/imm 4, 0;
    %store/vec4 v0x557debf0f730_0, 4, 1;
T_8.17 ;
T_8.13 ;
    %jmp T_8.9;
T_8.1 ;
    %load/vec4 v0x557debeff720_0;
    %pad/u 9;
    %addi 1, 0, 9;
    %split/vec4 8;
    %store/vec4 v0x557debf01b70_0, 0, 8;
    %ix/load 4, 0, 0;
    %flag_set/imm 4, 0;
    %store/vec4 v0x557debf0f730_0, 4, 1;
    %load/vec4 v0x557debf01b70_0;
    %parti/s 1, 7, 4;
    %ix/load 4, 3, 0;
    %flag_set/imm 4, 0;
    %store/vec4 v0x557debf0f730_0, 4, 1;
    %load/vec4 v0x557debf01b70_0;
    %pad/u 32;
    %cmpi/e 0, 0, 32;
    %jmp/0xz  T_8.20, 4;
    %pushi/vec4 1, 0, 1;
    %ix/load 4, 2, 0;
    %flag_set/imm 4, 0;
    %store/vec4 v0x557debf0f730_0, 4, 1;
    %jmp T_8.21;
T_8.20 ;
    %pushi/vec4 0, 0, 1;
    %ix/load 4, 2, 0;
    %flag_set/imm 4, 0;
    %store/vec4 v0x557debf0f730_0, 4, 1;
T_8.21 ;
    %load/vec4 v0x557debeff720_0;
    %parti/s 1, 7, 4;
    %pad/u 32;
    %cmpi/e 0, 0, 32;
    %flag_get/vec4 4;
    %jmp/0 T_8.24, 4;
    %load/vec4 v0x557debf01b70_0;
    %parti/s 1, 7, 4;
    %pad/u 32;
    %pushi/vec4 1, 0, 32;
    %cmp/e;
    %flag_get/vec4 4;
    %and;
T_8.24;
    %flag_set/vec4 8;
    %jmp/0xz  T_8.22, 8;
    %pushi/vec4 1, 0, 1;
    %ix/load 4, 1, 0;
    %flag_set/imm 4, 0;
    %store/vec4 v0x557debf0f730_0, 4, 1;
    %jmp T_8.23;
T_8.22 ;
    %pushi/vec4 0, 0, 1;
    %ix/load 4, 1, 0;
    %flag_set/imm 4, 0;
    %store/vec4 v0x557debf0f730_0, 4, 1;
T_8.23 ;
    %jmp T_8.9;
T_8.2 ;
    %load/vec4 v0x557debeff720_0;
    %pad/u 9;
    %load/vec4 v0x557debf0f690_0;
    %pad/u 9;
    %sub;
    %split/vec4 8;
    %store/vec4 v0x557debf01b70_0, 0, 8;
    %ix/load 4, 0, 0;
    %flag_set/imm 4, 0;
    %store/vec4 v0x557debf0f730_0, 4, 1;
    %load/vec4 v0x557debf01b70_0;
    %parti/s 1, 7, 4;
    %ix/load 4, 3, 0;
    %flag_set/imm 4, 0;
    %store/vec4 v0x557debf0f730_0, 4, 1;
    %load/vec4 v0x557debf01b70_0;
    %pad/u 32;
    %cmpi/e 0, 0, 32;
    %jmp/0xz  T_8.25, 4;
    %pushi/vec4 1, 0, 1;
    %ix/load 4, 2, 0;
    %flag_set/imm 4, 0;
    %store/vec4 v0x557debf0f730_0, 4, 1;
    %jmp T_8.26;
T_8.25 ;
    %pushi/vec4 0, 0, 1;
    %ix/load 4, 2, 0;
    %flag_set/imm 4, 0;
    %store/vec4 v0x557debf0f730_0, 4, 1;
T_8.26 ;
    %load/vec4 v0x557debeff720_0;
    %parti/s 1, 7, 4;
    %pad/u 32;
    %cmpi/e 0, 0, 32;
    %flag_get/vec4 4;
    %jmp/0 T_8.30, 4;
    %load/vec4 v0x557debf0f690_0;
    %parti/s 1, 7, 4;
    %pad/u 32;
    %pushi/vec4 1, 0, 32;
    %cmp/e;
    %flag_get/vec4 4;
    %and;
T_8.30;
    %flag_set/vec4 9;
    %flag_get/vec4 9;
    %jmp/0 T_8.29, 9;
    %load/vec4 v0x557debf01b70_0;
    %parti/s 1, 7, 4;
    %pad/u 32;
    %pushi/vec4 1, 0, 32;
    %cmp/e;
    %flag_get/vec4 4;
    %and;
T_8.29;
    %flag_set/vec4 8;
    %jmp/0xz  T_8.27, 8;
    %pushi/vec4 1, 0, 1;
    %ix/load 4, 1, 0;
    %flag_set/imm 4, 0;
    %store/vec4 v0x557debf0f730_0, 4, 1;
    %jmp T_8.28;
T_8.27 ;
    %load/vec4 v0x557debeff720_0;
    %parti/s 1, 7, 4;
    %pad/u 32;
    %cmpi/e 1, 0, 32;
    %flag_get/vec4 4;
    %jmp/0 T_8.34, 4;
    %load/vec4 v0x557debf0f690_0;
    %parti/s 1, 7, 4;
    %pad/u 32;
    %pushi/vec4 0, 0, 32;
    %cmp/e;
    %flag_get/vec4 4;
    %and;
T_8.34;
    %flag_set/vec4 9;
    %flag_get/vec4 9;
    %jmp/0 T_8.33, 9;
    %load/vec4 v0x557debf01b70_0;
    %parti/s 1, 7, 4;
    %pad/u 32;
    %pushi/vec4 0, 0, 32;
    %cmp/e;
    %flag_get/vec4 4;
    %and;
T_8.33;
    %flag_set/vec4 8;
    %jmp/0xz  T_8.31, 8;
    %pushi/vec4 1, 0, 1;
    %ix/load 4, 1, 0;
    %flag_set/imm 4, 0;
    %store/vec4 v0x557debf0f730_0, 4, 1;
    %jmp T_8.32;
T_8.31 ;
    %pushi/vec4 0, 0, 1;
    %ix/load 4, 1, 0;
    %flag_set/imm 4, 0;
    %store/vec4 v0x557debf0f730_0, 4, 1;
T_8.32 ;
T_8.28 ;
    %jmp T_8.9;
T_8.3 ;
    %load/vec4 v0x557debeff720_0;
    %pad/u 9;
    %subi 1, 0, 9;
    %split/vec4 8;
    %store/vec4 v0x557debf01b70_0, 0, 8;
    %ix/load 4, 0, 0;
    %flag_set/imm 4, 0;
    %store/vec4 v0x557debf0f730_0, 4, 1;
    %load/vec4 v0x557debf01b70_0;
    %parti/s 1, 7, 4;
    %ix/load 4, 3, 0;
    %flag_set/imm 4, 0;
    %store/vec4 v0x557debf0f730_0, 4, 1;
    %load/vec4 v0x557debf01b70_0;
    %pad/u 32;
    %cmpi/e 0, 0, 32;
    %jmp/0xz  T_8.35, 4;
    %pushi/vec4 1, 0, 1;
    %ix/load 4, 2, 0;
    %flag_set/imm 4, 0;
    %store/vec4 v0x557debf0f730_0, 4, 1;
    %jmp T_8.36;
T_8.35 ;
    %pushi/vec4 0, 0, 1;
    %ix/load 4, 2, 0;
    %flag_set/imm 4, 0;
    %store/vec4 v0x557debf0f730_0, 4, 1;
T_8.36 ;
    %load/vec4 v0x557debeff720_0;
    %parti/s 1, 7, 4;
    %pad/u 32;
    %cmpi/e 1, 0, 32;
    %flag_get/vec4 4;
    %jmp/0 T_8.39, 4;
    %load/vec4 v0x557debf01b70_0;
    %parti/s 1, 7, 4;
    %pad/u 32;
    %pushi/vec4 0, 0, 32;
    %cmp/e;
    %flag_get/vec4 4;
    %and;
T_8.39;
    %flag_set/vec4 8;
    %jmp/0xz  T_8.37, 8;
    %pushi/vec4 1, 0, 1;
    %ix/load 4, 1, 0;
    %flag_set/imm 4, 0;
    %store/vec4 v0x557debf0f730_0, 4, 1;
    %jmp T_8.38;
T_8.37 ;
    %pushi/vec4 0, 0, 1;
    %ix/load 4, 1, 0;
    %flag_set/imm 4, 0;
    %store/vec4 v0x557debf0f730_0, 4, 1;
T_8.38 ;
    %jmp T_8.9;
T_8.4 ;
    %load/vec4 v0x557debeff720_0;
    %load/vec4 v0x557debf0f690_0;
    %and;
    %store/vec4 v0x557debf01b70_0, 0, 8;
    %load/vec4 v0x557debf01b70_0;
    %parti/s 1, 7, 4;
    %ix/load 4, 3, 0;
    %flag_set/imm 4, 0;
    %store/vec4 v0x557debf0f730_0, 4, 1;
    %load/vec4 v0x557debf01b70_0;
    %pad/u 32;
    %cmpi/e 0, 0, 32;
    %jmp/0xz  T_8.40, 4;
    %pushi/vec4 1, 0, 1;
    %ix/load 4, 2, 0;
    %flag_set/imm 4, 0;
    %store/vec4 v0x557debf0f730_0, 4, 1;
    %jmp T_8.41;
T_8.40 ;
    %pushi/vec4 0, 0, 1;
    %ix/load 4, 2, 0;
    %flag_set/imm 4, 0;
    %store/vec4 v0x557debf0f730_0, 4, 1;
T_8.41 ;
    %pushi/vec4 0, 0, 1;
    %ix/load 4, 1, 0;
    %flag_set/imm 4, 0;
    %store/vec4 v0x557debf0f730_0, 4, 1;
    %pushi/vec4 0, 0, 1;
    %ix/load 4, 0, 0;
    %flag_set/imm 4, 0;
    %store/vec4 v0x557debf0f730_0, 4, 1;
    %jmp T_8.9;
T_8.5 ;
    %load/vec4 v0x557debeff720_0;
    %load/vec4 v0x557debf0f690_0;
    %or;
    %store/vec4 v0x557debf01b70_0, 0, 8;
    %load/vec4 v0x557debf01b70_0;
    %parti/s 1, 7, 4;
    %ix/load 4, 3, 0;
    %flag_set/imm 4, 0;
    %store/vec4 v0x557debf0f730_0, 4, 1;
    %load/vec4 v0x557debf01b70_0;
    %pad/u 32;
    %cmpi/e 0, 0, 32;
    %jmp/0xz  T_8.42, 4;
    %pushi/vec4 1, 0, 1;
    %ix/load 4, 2, 0;
    %flag_set/imm 4, 0;
    %store/vec4 v0x557debf0f730_0, 4, 1;
    %jmp T_8.43;
T_8.42 ;
    %pushi/vec4 0, 0, 1;
    %ix/load 4, 2, 0;
    %flag_set/imm 4, 0;
    %store/vec4 v0x557debf0f730_0, 4, 1;
T_8.43 ;
    %pushi/vec4 0, 0, 1;
    %ix/load 4, 1, 0;
    %flag_set/imm 4, 0;
    %store/vec4 v0x557debf0f730_0, 4, 1;
    %pushi/vec4 0, 0, 1;
    %ix/load 4, 0, 0;
    %flag_set/imm 4, 0;
    %store/vec4 v0x557debf0f730_0, 4, 1;
    %jmp T_8.9;
T_8.6 ;
    %load/vec4 v0x557debeff720_0;
    %load/vec4 v0x557debf0f690_0;
    %xor;
    %store/vec4 v0x557debf01b70_0, 0, 8;
    %load/vec4 v0x557debf01b70_0;
    %parti/s 1, 7, 4;
    %ix/load 4, 3, 0;
    %flag_set/imm 4, 0;
    %store/vec4 v0x557debf0f730_0, 4, 1;
    %load/vec4 v0x557debf01b70_0;
    %pad/u 32;
    %cmpi/e 0, 0, 32;
    %jmp/0xz  T_8.44, 4;
    %pushi/vec4 1, 0, 1;
    %ix/load 4, 2, 0;
    %flag_set/imm 4, 0;
    %store/vec4 v0x557debf0f730_0, 4, 1;
    %jmp T_8.45;
T_8.44 ;
    %pushi/vec4 0, 0, 1;
    %ix/load 4, 2, 0;
    %flag_set/imm 4, 0;
    %store/vec4 v0x557debf0f730_0, 4, 1;
T_8.45 ;
    %pushi/vec4 0, 0, 1;
    %ix/load 4, 1, 0;
    %flag_set/imm 4, 0;
    %store/vec4 v0x557debf0f730_0, 4, 1;
    %pushi/vec4 0, 0, 1;
    %ix/load 4, 0, 0;
    %flag_set/imm 4, 0;
    %store/vec4 v0x557debf0f730_0, 4, 1;
    %jmp T_8.9;
T_8.7 ;
    %load/vec4 v0x557debeff720_0;
    %inv;
    %store/vec4 v0x557debf01b70_0, 0, 8;
    %load/vec4 v0x557debf01b70_0;
    %parti/s 1, 7, 4;
    %ix/load 4, 3, 0;
    %flag_set/imm 4, 0;
    %store/vec4 v0x557debf0f730_0, 4, 1;
    %load/vec4 v0x557debf01b70_0;
    %pad/u 32;
    %cmpi/e 0, 0, 32;
    %jmp/0xz  T_8.46, 4;
    %pushi/vec4 1, 0, 1;
    %ix/load 4, 2, 0;
    %flag_set/imm 4, 0;
    %store/vec4 v0x557debf0f730_0, 4, 1;
    %jmp T_8.47;
T_8.46 ;
    %pushi/vec4 0, 0, 1;
    %ix/load 4, 2, 0;
    %flag_set/imm 4, 0;
    %store/vec4 v0x557debf0f730_0, 4, 1;
T_8.47 ;
    %pushi/vec4 0, 0, 1;
    %ix/load 4, 1, 0;
    %flag_set/imm 4, 0;
    %store/vec4 v0x557debf0f730_0, 4, 1;
    %pushi/vec4 0, 0, 1;
    %ix/load 4, 0, 0;
    %flag_set/imm 4, 0;
    %store/vec4 v0x557debf0f730_0, 4, 1;
    %jmp T_8.9;
T_8.9 ;
    %pop/vec4 1;
    %jmp T_8;
    .thread T_8, $push;
    .scope S_0x557debf3a450;
T_9 ;
    %wait E_0x557debf394f0;
    %fork t_11, S_0x557debf3a6b0;
    %jmp t_10;
    .scope S_0x557debf3a6b0;
t_11 ;
    %load/vec4 v0x557debf3ac40_0;
    %nor/r;
    %flag_set/vec4 8;
    %jmp/0xz  T_9.0, 8;
    %pushi/vec4 0, 0, 4;
    %assign/vec4 v0x557debf3aa80_0, 0;
    %jmp T_9.1;
T_9.0 ;
    %load/vec4 v0x557debf3a8b0_0;
    %flag_set/vec4 8;
    %jmp/0xz  T_9.2, 8;
    %load/vec4 v0x557debf3a990_0;
    %assign/vec4 v0x557debf3aa80_0, 0;
T_9.2 ;
T_9.1 ;
    %end;
    .scope S_0x557debf3a450;
t_10 %join;
    %jmp T_9;
    .thread T_9;
    .scope S_0x557debe0bd00;
T_10 ;
    %wait E_0x557debe2f820;
    %fork t_13, S_0x557debf3c050;
    %jmp t_12;
    .scope S_0x557debf3c050;
t_13 ;
    %load/vec4 v0x557debf3d460_0;
    %dup/vec4;
    %pushi/vec4 0, 0, 2;
    %cmp/u;
    %jmp/1 T_10.0, 6;
    %dup/vec4;
    %pushi/vec4 1, 0, 2;
    %cmp/u;
    %jmp/1 T_10.1, 6;
    %dup/vec4;
    %pushi/vec4 2, 0, 2;
    %cmp/u;
    %jmp/1 T_10.2, 6;
    %pushi/vec4 255, 255, 8;
    %store/vec4 v0x557debf3d3c0_0, 0, 8;
    %jmp T_10.4;
T_10.0 ;
    %load/vec4 v0x557debf3ded0_0;
    %store/vec4 v0x557debf3d3c0_0, 0, 8;
    %jmp T_10.4;
T_10.1 ;
    %load/vec4 v0x557debf3ceb0_0;
    %store/vec4 v0x557debf3d3c0_0, 0, 8;
    %jmp T_10.4;
T_10.2 ;
    %load/vec4 v0x557debf3d1e0_0;
    %store/vec4 v0x557debf3d3c0_0, 0, 8;
    %jmp T_10.4;
T_10.4 ;
    %pop/vec4 1;
    %end;
    .scope S_0x557debe0bd00;
t_12 %join;
    %jmp T_10;
    .thread T_10, $push;
    .scope S_0x557debe0bd00;
T_11 ;
    %wait E_0x557debe69940;
    %fork t_15, S_0x557debf3c1e0;
    %jmp t_14;
    .scope S_0x557debf3c1e0;
t_15 ;
    %load/vec4 v0x557debf3d670_0;
    %dup/vec4;
    %pushi/vec4 0, 0, 2;
    %cmp/u;
    %jmp/1 T_11.0, 6;
    %dup/vec4;
    %pushi/vec4 1, 0, 2;
    %cmp/u;
    %jmp/1 T_11.1, 6;
    %dup/vec4;
    %pushi/vec4 2, 0, 2;
    %cmp/u;
    %jmp/1 T_11.2, 6;
    %pushi/vec4 255, 255, 8;
    %store/vec4 v0x557debf3d520_0, 0, 8;
    %jmp T_11.4;
T_11.0 ;
    %load/vec4 v0x557debf3cfe0_0;
    %store/vec4 v0x557debf3d520_0, 0, 8;
    %jmp T_11.4;
T_11.1 ;
    %load/vec4 v0x557debf3d3c0_0;
    %store/vec4 v0x557debf3d520_0, 0, 8;
    %jmp T_11.4;
T_11.2 ;
    %load/vec4 v0x557debf3e280_0;
    %store/vec4 v0x557debf3d520_0, 0, 8;
    %jmp T_11.4;
T_11.4 ;
    %pop/vec4 1;
    %end;
    .scope S_0x557debe0bd00;
t_14 %join;
    %jmp T_11;
    .thread T_11, $push;
    .scope S_0x557debe0bd00;
T_12 ;
    %wait E_0x557debe69df0;
    %load/vec4 v0x557debf3d3c0_0;
    %store/vec4 v0x557debf3e320_0, 0, 8;
    %load/vec4 v0x557debf3dd30_0;
    %store/vec4 v0x557debf3e1e0_0, 0, 8;
    %jmp T_12;
    .thread T_12, $push;
    .scope S_0x557debe0bd00;
T_13 ;
    %wait E_0x557debe6a520;
    %load/vec4 v0x557debf3d970_0;
    %store/vec4 v0x557debf3d7f0_0, 0, 4;
    %load/vec4 v0x557debf3dc40_0;
    %store/vec4 v0x557debf3dba0_0, 0, 8;
    %jmp T_13;
    .thread T_13, $push;
    .scope S_0x557debf43880;
T_14 ;
    %pushi/vec4 135, 0, 8;
    %ix/load 4, 0, 0;
    %flag_set/imm 4, 0;
    %store/vec4a v0x557debf44e40, 4, 0;
    %pushi/vec4 240, 0, 8;
    %ix/load 4, 1, 0;
    %flag_set/imm 4, 0;
    %store/vec4a v0x557debf44e40, 4, 0;
    %pushi/vec4 136, 0, 8;
    %ix/load 4, 2, 0;
    %flag_set/imm 4, 0;
    %store/vec4a v0x557debf44e40, 4, 0;
    %pushi/vec4 10, 0, 8;
    %ix/load 4, 3, 0;
    %flag_set/imm 4, 0;
    %store/vec4a v0x557debf44e40, 4, 0;
    %pushi/vec4 66, 0, 8;
    %ix/load 4, 4, 0;
    %flag_set/imm 4, 0;
    %store/vec4a v0x557debf44e40, 4, 0;
    %pushi/vec4 150, 0, 8;
    %ix/load 4, 5, 0;
    %flag_set/imm 4, 0;
    %store/vec4a v0x557debf44e40, 4, 0;
    %pushi/vec4 130, 0, 8;
    %ix/load 4, 6, 0;
    %flag_set/imm 4, 0;
    %store/vec4a v0x557debf44e40, 4, 0;
    %end;
    .thread T_14;
    .scope S_0x557debf43880;
T_15 ;
    %wait E_0x557debf44d00;
    %load/vec4 v0x557debf44f00_0;
    %pad/u 32;
    %cmpi/u 0, 0, 32;
    %flag_inv 5; GE is !LT
    %flag_get/vec4 5;
    %jmp/0 T_15.2, 5;
    %load/vec4 v0x557debf44f00_0;
    %pad/u 32;
    %cmpi/u 127, 0, 32;
    %flag_get/vec4 4;
    %flag_get/vec4 5;
    %or;
    %and;
T_15.2;
    %flag_set/vec4 8;
    %jmp/0xz  T_15.0, 8;
    %pushi/vec4 1, 0, 1;
    %store/vec4 v0x557debf44d60_0, 0, 1;
    %jmp T_15.1;
T_15.0 ;
    %pushi/vec4 0, 0, 1;
    %store/vec4 v0x557debf44d60_0, 0, 1;
T_15.1 ;
    %jmp T_15;
    .thread T_15, $push;
    .scope S_0x557debf43880;
T_16 ;
    %wait E_0x557debf44c80;
    %load/vec4 v0x557debf44d60_0;
    %flag_set/vec4 8;
    %jmp/0xz  T_16.0, 8;
    %load/vec4 v0x557debf44f00_0;
    %pad/u 9;
    %ix/vec4 4;
    %load/vec4a v0x557debf44e40, 4;
    %store/vec4 v0x557debf45090_0, 0, 8;
T_16.0 ;
    %jmp T_16;
    .thread T_16;
    .scope S_0x557debf45240;
T_17 ;
    %wait E_0x557debf44d00;
    %load/vec4 v0x557debf45620_0;
    %pad/u 32;
    %cmpi/u 128, 0, 32;
    %flag_inv 5; GE is !LT
    %flag_get/vec4 5;
    %jmp/0 T_17.2, 5;
    %load/vec4 v0x557debf45620_0;
    %pad/u 32;
    %cmpi/u 223, 0, 32;
    %flag_get/vec4 4;
    %flag_get/vec4 5;
    %or;
    %and;
T_17.2;
    %flag_set/vec4 8;
    %jmp/0xz  T_17.0, 8;
    %pushi/vec4 1, 0, 1;
    %store/vec4 v0x557debf45420_0, 0, 1;
    %jmp T_17.1;
T_17.0 ;
    %pushi/vec4 0, 0, 1;
    %store/vec4 v0x557debf45420_0, 0, 1;
T_17.1 ;
    %jmp T_17;
    .thread T_17, $push;
    .scope S_0x557debf45240;
T_18 ;
    %wait E_0x557debf44c80;
    %load/vec4 v0x557debf45580_0;
    %flag_set/vec4 9;
    %flag_get/vec4 9;
    %jmp/0 T_18.2, 9;
    %load/vec4 v0x557debf45420_0;
    %and;
T_18.2;
    %flag_set/vec4 8;
    %jmp/0xz  T_18.0, 8;
    %load/vec4 v0x557debf457d0_0;
    %load/vec4 v0x557debf45620_0;
    %pad/u 9;
    %subi 128, 0, 9;
    %ix/vec4 4;
    %store/vec4a v0x557debf454c0, 4, 0;
    %jmp T_18.1;
T_18.0 ;
    %load/vec4 v0x557debf45580_0;
    %nor/r;
    %flag_set/vec4 9;
    %flag_get/vec4 9;
    %jmp/0 T_18.5, 9;
    %load/vec4 v0x557debf45420_0;
    %and;
T_18.5;
    %flag_set/vec4 8;
    %jmp/0xz  T_18.3, 8;
    %load/vec4 v0x557debf45620_0;
    %pad/u 9;
    %subi 128, 0, 9;
    %ix/vec4 4;
    %load/vec4a v0x557debf454c0, 4;
    %store/vec4 v0x557debf458e0_0, 0, 8;
T_18.3 ;
T_18.1 ;
    %jmp T_18;
    .thread T_18;
    .scope S_0x557debf45a60;
T_19 ;
    %wait E_0x557debf45e40;
    %load/vec4 v0x557debf46ff0_0;
    %nor/r;
    %flag_set/vec4 8;
    %jmp/0xz  T_19.0, 8;
    %pushi/vec4 0, 0, 8;
    %assign/vec4 v0x557debf46100_0, 0;
    %jmp T_19.1;
T_19.0 ;
    %load/vec4 v0x557debf45ec0_0;
    %cmpi/e 224, 0, 8;
    %flag_get/vec4 4;
    %jmp/0 T_19.4, 4;
    %load/vec4 v0x557debf470b0_0;
    %and;
T_19.4;
    %flag_set/vec4 8;
    %jmp/0xz  T_19.2, 8;
    %load/vec4 v0x557debf46060_0;
    %assign/vec4 v0x557debf46100_0, 0;
T_19.2 ;
T_19.1 ;
    %jmp T_19;
    .thread T_19;
    .scope S_0x557debf45a60;
T_20 ;
    %wait E_0x557debf45e40;
    %load/vec4 v0x557debf46ff0_0;
    %nor/r;
    %flag_set/vec4 8;
    %jmp/0xz  T_20.0, 8;
    %pushi/vec4 0, 0, 8;
    %assign/vec4 v0x557debf461c0_0, 0;
    %jmp T_20.1;
T_20.0 ;
    %load/vec4 v0x557debf45ec0_0;
    %cmpi/e 225, 0, 8;
    %flag_get/vec4 4;
    %jmp/0 T_20.4, 4;
    %load/vec4 v0x557debf470b0_0;
    %and;
T_20.4;
    %flag_set/vec4 8;
    %jmp/0xz  T_20.2, 8;
    %load/vec4 v0x557debf46060_0;
    %assign/vec4 v0x557debf461c0_0, 0;
T_20.2 ;
T_20.1 ;
    %jmp T_20;
    .thread T_20;
    .scope S_0x557debf45a60;
T_21 ;
    %wait E_0x557debf45e40;
    %load/vec4 v0x557debf46ff0_0;
    %nor/r;
    %flag_set/vec4 8;
    %jmp/0xz  T_21.0, 8;
    %pushi/vec4 0, 0, 8;
    %assign/vec4 v0x557debf462a0_0, 0;
    %jmp T_21.1;
T_21.0 ;
    %load/vec4 v0x557debf45ec0_0;
    %cmpi/e 226, 0, 8;
    %flag_get/vec4 4;
    %jmp/0 T_21.4, 4;
    %load/vec4 v0x557debf470b0_0;
    %and;
T_21.4;
    %flag_set/vec4 8;
    %jmp/0xz  T_21.2, 8;
    %load/vec4 v0x557debf46060_0;
    %assign/vec4 v0x557debf462a0_0, 0;
T_21.2 ;
T_21.1 ;
    %jmp T_21;
    .thread T_21;
    .scope S_0x557debf45a60;
T_22 ;
    %wait E_0x557debf45e40;
    %load/vec4 v0x557debf46ff0_0;
    %nor/r;
    %flag_set/vec4 8;
    %jmp/0xz  T_22.0, 8;
    %pushi/vec4 0, 0, 8;
    %assign/vec4 v0x557debf46380_0, 0;
    %jmp T_22.1;
T_22.0 ;
    %load/vec4 v0x557debf45ec0_0;
    %cmpi/e 227, 0, 8;
    %flag_get/vec4 4;
    %jmp/0 T_22.4, 4;
    %load/vec4 v0x557debf470b0_0;
    %and;
T_22.4;
    %flag_set/vec4 8;
    %jmp/0xz  T_22.2, 8;
    %load/vec4 v0x557debf46060_0;
    %assign/vec4 v0x557debf46380_0, 0;
T_22.2 ;
T_22.1 ;
    %jmp T_22;
    .thread T_22;
    .scope S_0x557debf45a60;
T_23 ;
    %wait E_0x557debf45e40;
    %load/vec4 v0x557debf46ff0_0;
    %nor/r;
    %flag_set/vec4 8;
    %jmp/0xz  T_23.0, 8;
    %pushi/vec4 0, 0, 8;
    %assign/vec4 v0x557debf46460_0, 0;
    %jmp T_23.1;
T_23.0 ;
    %load/vec4 v0x557debf45ec0_0;
    %cmpi/e 228, 0, 8;
    %flag_get/vec4 4;
    %jmp/0 T_23.4, 4;
    %load/vec4 v0x557debf470b0_0;
    %and;
T_23.4;
    %flag_set/vec4 8;
    %jmp/0xz  T_23.2, 8;
    %load/vec4 v0x557debf46060_0;
    %assign/vec4 v0x557debf46460_0, 0;
T_23.2 ;
T_23.1 ;
    %jmp T_23;
    .thread T_23;
    .scope S_0x557debf45a60;
T_24 ;
    %wait E_0x557debf45e40;
    %load/vec4 v0x557debf46ff0_0;
    %nor/r;
    %flag_set/vec4 8;
    %jmp/0xz  T_24.0, 8;
    %pushi/vec4 0, 0, 8;
    %assign/vec4 v0x557debf46540_0, 0;
    %jmp T_24.1;
T_24.0 ;
    %load/vec4 v0x557debf45ec0_0;
    %cmpi/e 229, 0, 8;
    %flag_get/vec4 4;
    %jmp/0 T_24.4, 4;
    %load/vec4 v0x557debf470b0_0;
    %and;
T_24.4;
    %flag_set/vec4 8;
    %jmp/0xz  T_24.2, 8;
    %load/vec4 v0x557debf46060_0;
    %assign/vec4 v0x557debf46540_0, 0;
T_24.2 ;
T_24.1 ;
    %jmp T_24;
    .thread T_24;
    .scope S_0x557debf45a60;
T_25 ;
    %wait E_0x557debf45e40;
    %load/vec4 v0x557debf46ff0_0;
    %nor/r;
    %flag_set/vec4 8;
    %jmp/0xz  T_25.0, 8;
    %pushi/vec4 0, 0, 8;
    %assign/vec4 v0x557debf46620_0, 0;
    %jmp T_25.1;
T_25.0 ;
    %load/vec4 v0x557debf45ec0_0;
    %cmpi/e 230, 0, 8;
    %flag_get/vec4 4;
    %jmp/0 T_25.4, 4;
    %load/vec4 v0x557debf470b0_0;
    %and;
T_25.4;
    %flag_set/vec4 8;
    %jmp/0xz  T_25.2, 8;
    %load/vec4 v0x557debf46060_0;
    %assign/vec4 v0x557debf46620_0, 0;
T_25.2 ;
T_25.1 ;
    %jmp T_25;
    .thread T_25;
    .scope S_0x557debf45a60;
T_26 ;
    %wait E_0x557debf45e40;
    %load/vec4 v0x557debf46ff0_0;
    %nor/r;
    %flag_set/vec4 8;
    %jmp/0xz  T_26.0, 8;
    %pushi/vec4 0, 0, 8;
    %assign/vec4 v0x557debf46700_0, 0;
    %jmp T_26.1;
T_26.0 ;
    %load/vec4 v0x557debf45ec0_0;
    %cmpi/e 231, 0, 8;
    %flag_get/vec4 4;
    %jmp/0 T_26.4, 4;
    %load/vec4 v0x557debf470b0_0;
    %and;
T_26.4;
    %flag_set/vec4 8;
    %jmp/0xz  T_26.2, 8;
    %load/vec4 v0x557debf46060_0;
    %assign/vec4 v0x557debf46700_0, 0;
T_26.2 ;
T_26.1 ;
    %jmp T_26;
    .thread T_26;
    .scope S_0x557debf45a60;
T_27 ;
    %wait E_0x557debf45e40;
    %load/vec4 v0x557debf46ff0_0;
    %nor/r;
    %flag_set/vec4 8;
    %jmp/0xz  T_27.0, 8;
    %pushi/vec4 0, 0, 8;
    %assign/vec4 v0x557debf467e0_0, 0;
    %jmp T_27.1;
T_27.0 ;
    %load/vec4 v0x557debf45ec0_0;
    %cmpi/e 232, 0, 8;
    %flag_get/vec4 4;
    %jmp/0 T_27.4, 4;
    %load/vec4 v0x557debf470b0_0;
    %and;
T_27.4;
    %flag_set/vec4 8;
    %jmp/0xz  T_27.2, 8;
    %load/vec4 v0x557debf46060_0;
    %assign/vec4 v0x557debf467e0_0, 0;
T_27.2 ;
T_27.1 ;
    %jmp T_27;
    .thread T_27;
    .scope S_0x557debf45a60;
T_28 ;
    %wait E_0x557debf45e40;
    %load/vec4 v0x557debf46ff0_0;
    %nor/r;
    %flag_set/vec4 8;
    %jmp/0xz  T_28.0, 8;
    %pushi/vec4 0, 0, 8;
    %assign/vec4 v0x557debf468c0_0, 0;
    %jmp T_28.1;
T_28.0 ;
    %load/vec4 v0x557debf45ec0_0;
    %cmpi/e 233, 0, 8;
    %flag_get/vec4 4;
    %jmp/0 T_28.4, 4;
    %load/vec4 v0x557debf470b0_0;
    %and;
T_28.4;
    %flag_set/vec4 8;
    %jmp/0xz  T_28.2, 8;
    %load/vec4 v0x557debf46060_0;
    %assign/vec4 v0x557debf468c0_0, 0;
T_28.2 ;
T_28.1 ;
    %jmp T_28;
    .thread T_28;
    .scope S_0x557debf45a60;
T_29 ;
    %wait E_0x557debf45e40;
    %load/vec4 v0x557debf46ff0_0;
    %nor/r;
    %flag_set/vec4 8;
    %jmp/0xz  T_29.0, 8;
    %pushi/vec4 0, 0, 8;
    %assign/vec4 v0x557debf469a0_0, 0;
    %jmp T_29.1;
T_29.0 ;
    %load/vec4 v0x557debf45ec0_0;
    %cmpi/e 234, 0, 8;
    %flag_get/vec4 4;
    %jmp/0 T_29.4, 4;
    %load/vec4 v0x557debf470b0_0;
    %and;
T_29.4;
    %flag_set/vec4 8;
    %jmp/0xz  T_29.2, 8;
    %load/vec4 v0x557debf46060_0;
    %assign/vec4 v0x557debf469a0_0, 0;
T_29.2 ;
T_29.1 ;
    %jmp T_29;
    .thread T_29;
    .scope S_0x557debf45a60;
T_30 ;
    %wait E_0x557debf45e40;
    %load/vec4 v0x557debf46ff0_0;
    %nor/r;
    %flag_set/vec4 8;
    %jmp/0xz  T_30.0, 8;
    %pushi/vec4 0, 0, 8;
    %assign/vec4 v0x557debf46a80_0, 0;
    %jmp T_30.1;
T_30.0 ;
    %load/vec4 v0x557debf45ec0_0;
    %cmpi/e 235, 0, 8;
    %flag_get/vec4 4;
    %jmp/0 T_30.4, 4;
    %load/vec4 v0x557debf470b0_0;
    %and;
T_30.4;
    %flag_set/vec4 8;
    %jmp/0xz  T_30.2, 8;
    %load/vec4 v0x557debf46060_0;
    %assign/vec4 v0x557debf46a80_0, 0;
T_30.2 ;
T_30.1 ;
    %jmp T_30;
    .thread T_30;
    .scope S_0x557debf45a60;
T_31 ;
    %wait E_0x557debf45e40;
    %load/vec4 v0x557debf46ff0_0;
    %nor/r;
    %flag_set/vec4 8;
    %jmp/0xz  T_31.0, 8;
    %pushi/vec4 0, 0, 8;
    %assign/vec4 v0x557debf46b60_0, 0;
    %jmp T_31.1;
T_31.0 ;
    %load/vec4 v0x557debf45ec0_0;
    %cmpi/e 236, 0, 8;
    %flag_get/vec4 4;
    %jmp/0 T_31.4, 4;
    %load/vec4 v0x557debf470b0_0;
    %and;
T_31.4;
    %flag_set/vec4 8;
    %jmp/0xz  T_31.2, 8;
    %load/vec4 v0x557debf46060_0;
    %assign/vec4 v0x557debf46b60_0, 0;
T_31.2 ;
T_31.1 ;
    %jmp T_31;
    .thread T_31;
    .scope S_0x557debf45a60;
T_32 ;
    %wait E_0x557debf45e40;
    %load/vec4 v0x557debf46ff0_0;
    %nor/r;
    %flag_set/vec4 8;
    %jmp/0xz  T_32.0, 8;
    %pushi/vec4 0, 0, 8;
    %assign/vec4 v0x557debf46c40_0, 0;
    %jmp T_32.1;
T_32.0 ;
    %load/vec4 v0x557debf45ec0_0;
    %cmpi/e 237, 0, 8;
    %flag_get/vec4 4;
    %jmp/0 T_32.4, 4;
    %load/vec4 v0x557debf470b0_0;
    %and;
T_32.4;
    %flag_set/vec4 8;
    %jmp/0xz  T_32.2, 8;
    %load/vec4 v0x557debf46060_0;
    %assign/vec4 v0x557debf46c40_0, 0;
T_32.2 ;
T_32.1 ;
    %jmp T_32;
    .thread T_32;
    .scope S_0x557debf45a60;
T_33 ;
    %wait E_0x557debf45e40;
    %load/vec4 v0x557debf46ff0_0;
    %nor/r;
    %flag_set/vec4 8;
    %jmp/0xz  T_33.0, 8;
    %pushi/vec4 0, 0, 8;
    %assign/vec4 v0x557debf46e30_0, 0;
    %jmp T_33.1;
T_33.0 ;
    %load/vec4 v0x557debf45ec0_0;
    %cmpi/e 238, 0, 8;
    %flag_get/vec4 4;
    %jmp/0 T_33.4, 4;
    %load/vec4 v0x557debf470b0_0;
    %and;
T_33.4;
    %flag_set/vec4 8;
    %jmp/0xz  T_33.2, 8;
    %load/vec4 v0x557debf46060_0;
    %assign/vec4 v0x557debf46e30_0, 0;
T_33.2 ;
T_33.1 ;
    %jmp T_33;
    .thread T_33;
    .scope S_0x557debf45a60;
T_34 ;
    %wait E_0x557debf45e40;
    %load/vec4 v0x557debf46ff0_0;
    %nor/r;
    %flag_set/vec4 8;
    %jmp/0xz  T_34.0, 8;
    %pushi/vec4 0, 0, 8;
    %assign/vec4 v0x557debf46f10_0, 0;
    %jmp T_34.1;
T_34.0 ;
    %load/vec4 v0x557debf45ec0_0;
    %cmpi/e 239, 0, 8;
    %flag_get/vec4 4;
    %jmp/0 T_34.4, 4;
    %load/vec4 v0x557debf470b0_0;
    %and;
T_34.4;
    %flag_set/vec4 8;
    %jmp/0xz  T_34.2, 8;
    %load/vec4 v0x557debf46060_0;
    %assign/vec4 v0x557debf46f10_0, 0;
T_34.2 ;
T_34.1 ;
    %jmp T_34;
    .thread T_34;
    .scope S_0x557debf43090;
T_35 ;
    %wait E_0x557debe6a990;
    %fork t_17, S_0x557debf43680;
    %jmp t_16;
    .scope S_0x557debf43680;
t_17 ;
    %load/vec4 v0x557debf47c70_0;
    %pad/u 32;
    %cmpi/u 0, 0, 32;
    %flag_inv 5; GE is !LT
    %flag_get/vec4 5;
    %jmp/0 T_35.2, 5;
    %load/vec4 v0x557debf47c70_0;
    %pad/u 32;
    %cmpi/u 127, 0, 32;
    %flag_get/vec4 4;
    %flag_get/vec4 5;
    %or;
    %and;
T_35.2;
    %flag_set/vec4 8;
    %jmp/0xz  T_35.0, 8;
    %load/vec4 v0x557debf49ec0_0;
    %store/vec4 v0x557debf47e90_0, 0, 8;
    %jmp T_35.1;
T_35.0 ;
    %load/vec4 v0x557debf47c70_0;
    %pad/u 32;
    %cmpi/u 128, 0, 32;
    %flag_inv 5; GE is !LT
    %flag_get/vec4 5;
    %jmp/0 T_35.5, 5;
    %load/vec4 v0x557debf47c70_0;
    %pad/u 32;
    %cmpi/u 223, 0, 32;
    %flag_get/vec4 4;
    %flag_get/vec4 5;
    %or;
    %and;
T_35.5;
    %flag_set/vec4 8;
    %jmp/0xz  T_35.3, 8;
    %load/vec4 v0x557debf49f90_0;
    %store/vec4 v0x557debf47e90_0, 0, 8;
    %jmp T_35.4;
T_35.3 ;
    %load/vec4 v0x557debf47c70_0;
    %cmpi/e 240, 0, 8;
    %jmp/0xz  T_35.6, 4;
    %load/vec4 v0x557debf47ff0_0;
    %store/vec4 v0x557debf47e90_0, 0, 8;
    %jmp T_35.7;
T_35.6 ;
    %load/vec4 v0x557debf47c70_0;
    %cmpi/e 241, 0, 8;
    %jmp/0xz  T_35.8, 4;
    %load/vec4 v0x557debf480b0_0;
    %store/vec4 v0x557debf47e90_0, 0, 8;
    %jmp T_35.9;
T_35.8 ;
    %load/vec4 v0x557debf47c70_0;
    %cmpi/e 242, 0, 8;
    %jmp/0xz  T_35.10, 4;
    %load/vec4 v0x557debf48190_0;
    %store/vec4 v0x557debf47e90_0, 0, 8;
    %jmp T_35.11;
T_35.10 ;
    %load/vec4 v0x557debf47c70_0;
    %cmpi/e 243, 0, 8;
    %jmp/0xz  T_35.12, 4;
    %load/vec4 v0x557debf48380_0;
    %store/vec4 v0x557debf47e90_0, 0, 8;
    %jmp T_35.13;
T_35.12 ;
    %load/vec4 v0x557debf47c70_0;
    %cmpi/e 244, 0, 8;
    %jmp/0xz  T_35.14, 4;
    %load/vec4 v0x557debf48460_0;
    %store/vec4 v0x557debf47e90_0, 0, 8;
    %jmp T_35.15;
T_35.14 ;
    %load/vec4 v0x557debf47c70_0;
    %cmpi/e 245, 0, 8;
    %jmp/0xz  T_35.16, 4;
    %load/vec4 v0x557debf48540_0;
    %store/vec4 v0x557debf47e90_0, 0, 8;
    %jmp T_35.17;
T_35.16 ;
    %load/vec4 v0x557debf47c70_0;
    %cmpi/e 246, 0, 8;
    %jmp/0xz  T_35.18, 4;
    %load/vec4 v0x557debf48620_0;
    %store/vec4 v0x557debf47e90_0, 0, 8;
    %jmp T_35.19;
T_35.18 ;
    %load/vec4 v0x557debf47c70_0;
    %cmpi/e 247, 0, 8;
    %jmp/0xz  T_35.20, 4;
    %load/vec4 v0x557debf48700_0;
    %store/vec4 v0x557debf47e90_0, 0, 8;
    %jmp T_35.21;
T_35.20 ;
    %load/vec4 v0x557debf47c70_0;
    %cmpi/e 248, 0, 8;
    %jmp/0xz  T_35.22, 4;
    %load/vec4 v0x557debf487e0_0;
    %store/vec4 v0x557debf47e90_0, 0, 8;
    %jmp T_35.23;
T_35.22 ;
    %load/vec4 v0x557debf47c70_0;
    %cmpi/e 249, 0, 8;
    %jmp/0xz  T_35.24, 4;
    %load/vec4 v0x557debf488c0_0;
    %store/vec4 v0x557debf47e90_0, 0, 8;
    %jmp T_35.25;
T_35.24 ;
    %load/vec4 v0x557debf47c70_0;
    %cmpi/e 250, 0, 8;
    %jmp/0xz  T_35.26, 4;
    %load/vec4 v0x557debf489a0_0;
    %store/vec4 v0x557debf47e90_0, 0, 8;
    %jmp T_35.27;
T_35.26 ;
    %load/vec4 v0x557debf47c70_0;
    %cmpi/e 251, 0, 8;
    %jmp/0xz  T_35.28, 4;
    %load/vec4 v0x557debf48a80_0;
    %store/vec4 v0x557debf47e90_0, 0, 8;
    %jmp T_35.29;
T_35.28 ;
    %load/vec4 v0x557debf47c70_0;
    %cmpi/e 252, 0, 8;
    %jmp/0xz  T_35.30, 4;
    %load/vec4 v0x557debf48b60_0;
    %store/vec4 v0x557debf47e90_0, 0, 8;
    %jmp T_35.31;
T_35.30 ;
    %load/vec4 v0x557debf47c70_0;
    %cmpi/e 253, 0, 8;
    %jmp/0xz  T_35.32, 4;
    %load/vec4 v0x557debf48c40_0;
    %store/vec4 v0x557debf47e90_0, 0, 8;
    %jmp T_35.33;
T_35.32 ;
    %load/vec4 v0x557debf47c70_0;
    %cmpi/e 254, 0, 8;
    %jmp/0xz  T_35.34, 4;
    %load/vec4 v0x557debf48d20_0;
    %store/vec4 v0x557debf47e90_0, 0, 8;
    %jmp T_35.35;
T_35.34 ;
    %load/vec4 v0x557debf47c70_0;
    %cmpi/e 255, 0, 8;
    %jmp/0xz  T_35.36, 4;
    %load/vec4 v0x557debf48e00_0;
    %store/vec4 v0x557debf47e90_0, 0, 8;
T_35.36 ;
T_35.35 ;
T_35.33 ;
T_35.31 ;
T_35.29 ;
T_35.27 ;
T_35.25 ;
T_35.23 ;
T_35.21 ;
T_35.19 ;
T_35.17 ;
T_35.15 ;
T_35.13 ;
T_35.11 ;
T_35.9 ;
T_35.7 ;
T_35.4 ;
T_35.1 ;
    %end;
    .scope S_0x557debf43090;
t_16 %join;
    %jmp T_35;
    .thread T_35, $push;
    .scope S_0x557debec0ef0;
T_36 ;
    %delay 5000, 0;
    %load/vec4 v0x557debf4cda0_0;
    %inv;
    %store/vec4 v0x557debf4cda0_0, 0, 1;
    %jmp T_36;
    .thread T_36;
    .scope S_0x557debec0ef0;
T_37 ;
    %vpi_call/w 3 40 "$dumpfile", "computer.vcd" {0 0 0};
    %vpi_call/w 3 41 "$dumpvars", 32'sb00000000000000000000000000000000, S_0x557debec0ef0 {0 0 0};
    %pushi/vec4 0, 0, 1;
    %store/vec4 v0x557debf4cda0_0, 0, 1;
    %pushi/vec4 0, 0, 1;
    %store/vec4 v0x557debf4ed90_0, 0, 1;
    %pushi/vec4 14, 0, 8;
    %store/vec4 v0x557debf4ce60_0, 0, 8;
    %pushi/vec4 0, 0, 8;
    %store/vec4 v0x557debf4cf20_0, 0, 8;
    %pushi/vec4 0, 0, 8;
    %store/vec4 v0x557debf4d010_0, 0, 8;
    %pushi/vec4 0, 0, 8;
    %store/vec4 v0x557debf4d120_0, 0, 8;
    %pushi/vec4 0, 0, 8;
    %store/vec4 v0x557debf4d280_0, 0, 8;
    %pushi/vec4 0, 0, 8;
    %store/vec4 v0x557debf4d390_0, 0, 8;
    %pushi/vec4 0, 0, 8;
    %store/vec4 v0x557debf4d4a0_0, 0, 8;
    %pushi/vec4 0, 0, 8;
    %store/vec4 v0x557debf4d5b0_0, 0, 8;
    %pushi/vec4 0, 0, 8;
    %store/vec4 v0x557debf4d700_0, 0, 8;
    %pushi/vec4 0, 0, 8;
    %store/vec4 v0x557debf4d810_0, 0, 8;
    %pushi/vec4 0, 0, 8;
    %store/vec4 v0x557debf4d920_0, 0, 8;
    %pushi/vec4 0, 0, 8;
    %store/vec4 v0x557debf4da30_0, 0, 8;
    %pushi/vec4 0, 0, 8;
    %store/vec4 v0x557debf4db40_0, 0, 8;
    %pushi/vec4 0, 0, 8;
    %store/vec4 v0x557debf4dc50_0, 0, 8;
    %pushi/vec4 0, 0, 8;
    %store/vec4 v0x557debf4dd60_0, 0, 8;
    %pushi/vec4 0, 0, 8;
    %store/vec4 v0x557debf4de70_0, 0, 8;
    %delay 10000, 0;
    %pushi/vec4 1, 0, 1;
    %store/vec4 v0x557debf4ed90_0, 0, 1;
    %vpi_call/w 3 52 "$display", "Sistema resetado. Iniciando execu\303\247\303\243o..." {0 0 0};
    %delay 400000, 0;
    %vpi_call/w 3 56 "$display", "Fim da simula\303\247\303\243o." {0 0 0};
    %vpi_call/w 3 57 "$finish" {0 0 0};
    %end;
    .thread T_37;
# The file index is used to find the file name in the following table.
:file_names 15;
    "N/A";
    "<interactive>";
    "-";
    "computer_tb.v";
    "./computer.v";
    "./cpu.v";
    "./data_path.v";
    "./ALU.v";
    "./registers.v";
    "./count8.v";
    "./control_unit_marcos.v";
    "./memory.v";
    "./rom_128x8_programada.v";
    "./rw_96x8_sync.v";
    "./port_out8_sync.v";
