#! /c/Source/iverilog-install/bin/vvp
:ivl_version "12.0 (devel)" "(s20150603-1539-g2693dd32b)";
:ivl_delay_selection "TYPICAL";
:vpi_time_precision + 0;
:vpi_module "E:\Marcos01\iverilog\lib\ivl\system.vpi";
:vpi_module "E:\Marcos01\iverilog\lib\ivl\vhdl_sys.vpi";
:vpi_module "E:\Marcos01\iverilog\lib\ivl\vhdl_textio.vpi";
:vpi_module "E:\Marcos01\iverilog\lib\ivl\v2005_math.vpi";
:vpi_module "E:\Marcos01\iverilog\lib\ivl\va_math.vpi";
:vpi_module "E:\Marcos01\iverilog\lib\ivl\v2009.vpi";
S_000001b74c8c2db0 .scope package, "$unit" "$unit" 2 1;
 .timescale 0 0;
S_000001b74c8c2f40 .scope module, "control_unit" "control_unit" 3 1;
 .timescale 0 0;
    .port_info 0 /OUTPUT 1 "IR_Load";
    .port_info 1 /OUTPUT 1 "MAR_Load";
    .port_info 2 /OUTPUT 1 "PC_Load";
    .port_info 3 /OUTPUT 1 "PC_Inc";
    .port_info 4 /OUTPUT 1 "A_Load";
    .port_info 5 /OUTPUT 1 "B_Load";
    .port_info 6 /OUTPUT 1 "CCR_Load";
    .port_info 7 /OUTPUT 3 "ALU_Sel";
    .port_info 8 /OUTPUT 2 "Bus1_Sel";
    .port_info 9 /OUTPUT 2 "Bus2_Sel";
    .port_info 10 /OUTPUT 1 "write";
    .port_info 11 /INPUT 8 "IR";
    .port_info 12 /INPUT 4 "CCR_Result";
    .port_info 13 /INPUT 1 "Clk";
    .port_info 14 /INPUT 1 "Reset";
P_000001b74c927fb0 .param/l "ADD_AB" 0 3 32, C4<01000010>;
P_000001b74c927fe8 .param/l "AND_AB" 0 3 34, C4<01000100>;
P_000001b74c928020 .param/l "BCC" 0 3 51, C4<00101000>;
P_000001b74c928058 .param/l "BCS" 0 3 50, C4<00100111>;
P_000001b74c928090 .param/l "BEQ" 0 3 46, C4<00100011>;
P_000001b74c9280c8 .param/l "BMI" 0 3 44, C4<00100001>;
P_000001b74c928100 .param/l "BNE" 0 3 47, C4<00100100>;
P_000001b74c928138 .param/l "BPL" 0 3 45, C4<00100010>;
P_000001b74c928170 .param/l "BRA" 0 3 43, C4<00100000>;
P_000001b74c9281a8 .param/l "BVC" 0 3 49, C4<00100110>;
P_000001b74c9281e0 .param/l "BVS" 0 3 48, C4<00100101>;
P_000001b74c928218 .param/l "DECA" 0 3 38, C4<01001000>;
P_000001b74c928250 .param/l "DECB" 0 3 39, C4<01001001>;
P_000001b74c928288 .param/l "INCA" 0 3 36, C4<01000110>;
P_000001b74c9282c0 .param/l "INCB" 0 3 37, C4<01000111>;
P_000001b74c9282f8 .param/l "LDA_DIR" 0 3 27, C4<10000111>;
P_000001b74c928330 .param/l "LDA_IMM" 0 3 26, C4<10000110>;
P_000001b74c928368 .param/l "LDB_DIR" 0 3 29, C4<10001001>;
P_000001b74c9283a0 .param/l "LDB_IMM" 0 3 28, C4<10001000>;
P_000001b74c9283d8 .param/l "NOTA" 0 3 41, C4<01001011>;
P_000001b74c928410 .param/l "NOTB" 0 3 42, C4<01001100>;
P_000001b74c928448 .param/l "OR_AB" 0 3 35, C4<01000101>;
P_000001b74c928480 .param/l "S0_FETCH" 0 3 55, C4<00000000>;
P_000001b74c9284b8 .param/l "S1_FETCH" 0 3 56, C4<00000001>;
P_000001b74c9284f0 .param/l "S2_FETCH" 0 3 57, C4<00000010>;
P_000001b74c928528 .param/l "S3_DECODE" 0 3 58, C4<00000011>;
P_000001b74c928560 .param/l "S4_ALU_OP" 0 3 72, C4<00010001>;
P_000001b74c928598 .param/l "S4_BR" 0 3 74, C4<00010011>;
P_000001b74c9285d0 .param/l "S4_LDR_DIR" 0 3 62, C4<00000111>;
P_000001b74c928608 .param/l "S4_LDR_IMM" 0 3 59, C4<00000100>;
P_000001b74c928640 .param/l "S4_STR_DIR" 0 3 67, C4<00001100>;
P_000001b74c928678 .param/l "S5_ALU_OP" 0 3 73, C4<00010010>;
P_000001b74c9286b0 .param/l "S5_BR" 0 3 75, C4<00010100>;
P_000001b74c9286e8 .param/l "S5_LDR_DIR" 0 3 63, C4<00001000>;
P_000001b74c928720 .param/l "S5_LDR_IMM" 0 3 60, C4<00000101>;
P_000001b74c928758 .param/l "S5_STR_DIR" 0 3 68, C4<00001101>;
P_000001b74c928790 .param/l "S6_BR" 0 3 76, C4<00010101>;
P_000001b74c9287c8 .param/l "S6_LDR_DIR" 0 3 64, C4<00001001>;
P_000001b74c928800 .param/l "S6_LDR_IMM" 0 3 61, C4<00000110>;
P_000001b74c928838 .param/l "S6_STR_DIR" 0 3 69, C4<00001110>;
P_000001b74c928870 .param/l "S7_LDR_DIR" 0 3 65, C4<00001010>;
P_000001b74c9288a8 .param/l "S7_STR_DIR" 0 3 70, C4<00001111>;
P_000001b74c9288e0 .param/l "S8_LDR_DIR" 0 3 66, C4<00001011>;
P_000001b74c928918 .param/l "S8_STR_DIR" 0 3 71, C4<00010000>;
P_000001b74c928950 .param/l "STA_DIR" 0 3 30, C4<10010110>;
P_000001b74c928988 .param/l "STB_DIR" 0 3 31, C4<10010111>;
P_000001b74c9289c0 .param/l "SUB_AB" 0 3 33, C4<01000011>;
P_000001b74c9289f8 .param/l "XOR_AB" 0 3 40, C4<01001010>;
v000001b74c8c3260_0 .var "ALU_Sel", 2 0;
v000001b74c8f4ab0_0 .var "A_Load", 0 0;
v000001b74c8f4b50_0 .var "B_Load", 0 0;
v000001b74c8f4bf0_0 .var "Bus1_Sel", 1 0;
v000001b74c97f030_0 .var "Bus2_Sel", 1 0;
v000001b74c97fe40_0 .net "C", 0 0, L_000001b74c97f300;  1 drivers
v000001b74c97f580_0 .var "CCR_Load", 0 0;
o000001b74c9290a8 .functor BUFZ 4, C4<zzzz>; HiZ drive
v000001b74c97fa80_0 .net "CCR_Result", 3 0, o000001b74c9290a8;  0 drivers
o000001b74c9290d8 .functor BUFZ 1, C4<z>; HiZ drive
v000001b74c97fee0_0 .net "Clk", 0 0, o000001b74c9290d8;  0 drivers
o000001b74c929108 .functor BUFZ 8, C4<zzzzzzzz>; HiZ drive
v000001b74c97f620_0 .net "IR", 7 0, o000001b74c929108;  0 drivers
v000001b74c97fbc0_0 .var "IR_Load", 0 0;
v000001b74c97f440_0 .var "MAR_Load", 0 0;
v000001b74c97fd00_0 .net "N", 0 0, L_000001b74c97f800;  1 drivers
v000001b74c97ff80_0 .var "PC_Inc", 0 0;
v000001b74c97fda0_0 .var "PC_Load", 0 0;
o000001b74c929228 .functor BUFZ 1, C4<z>; HiZ drive
v000001b74c980020_0 .net "Reset", 0 0, o000001b74c929228;  0 drivers
v000001b74c97f4e0_0 .net "V", 0 0, L_000001b74c97f260;  1 drivers
v000001b74c97f120_0 .net "Z", 0 0, L_000001b74c97f8a0;  1 drivers
v000001b74c97f6c0_0 .var "current_state", 7 0;
v000001b74c97f1c0_0 .var "next_state", 7 0;
v000001b74c97f760_0 .var "write", 0 0;
E_000001b74c922150 .event anyedge, v000001b74c97f620_0, v000001b74c97f6c0_0;
E_000001b74c922350 .event anyedge, v000001b74c97fa80_0, v000001b74c97f620_0, v000001b74c97f6c0_0;
E_000001b74c922190/0 .event negedge, v000001b74c980020_0;
E_000001b74c922190/1 .event posedge, v000001b74c97fee0_0;
E_000001b74c922190 .event/or E_000001b74c922190/0, E_000001b74c922190/1;
L_000001b74c97f800 .part o000001b74c9290a8, 3, 1;
L_000001b74c97f8a0 .part o000001b74c9290a8, 2, 1;
L_000001b74c97f260 .part o000001b74c9290a8, 1, 1;
L_000001b74c97f300 .part o000001b74c9290a8, 0, 1;
    .scope S_000001b74c8c2f40;
T_0 ;
    %wait E_000001b74c922190;
    %load/vec4 v000001b74c980020_0;
    %nor/r;
    %flag_set/vec4 8;
    %jmp/0xz  T_0.0, 8;
    %pushi/vec4 0, 0, 8;
    %assign/vec4 v000001b74c97f6c0_0, 0;
    %jmp T_0.1;
T_0.0 ;
    %load/vec4 v000001b74c97f1c0_0;
    %assign/vec4 v000001b74c97f6c0_0, 0;
T_0.1 ;
    %jmp T_0;
    .thread T_0;
    .scope S_000001b74c8c2f40;
T_1 ;
    %wait E_000001b74c922350;
    %pushi/vec4 0, 0, 8;
    %store/vec4 v000001b74c97f1c0_0, 0, 8;
    %load/vec4 v000001b74c97f6c0_0;
    %dup/vec4;
    %pushi/vec4 0, 0, 8;
    %cmp/u;
    %jmp/1 T_1.0, 6;
    %dup/vec4;
    %pushi/vec4 1, 0, 8;
    %cmp/u;
    %jmp/1 T_1.1, 6;
    %dup/vec4;
    %pushi/vec4 2, 0, 8;
    %cmp/u;
    %jmp/1 T_1.2, 6;
    %dup/vec4;
    %pushi/vec4 3, 0, 8;
    %cmp/u;
    %jmp/1 T_1.3, 6;
    %dup/vec4;
    %pushi/vec4 4, 0, 8;
    %cmp/u;
    %jmp/1 T_1.4, 6;
    %dup/vec4;
    %pushi/vec4 5, 0, 8;
    %cmp/u;
    %jmp/1 T_1.5, 6;
    %dup/vec4;
    %pushi/vec4 6, 0, 8;
    %cmp/u;
    %jmp/1 T_1.6, 6;
    %dup/vec4;
    %pushi/vec4 17, 0, 8;
    %cmp/u;
    %jmp/1 T_1.7, 6;
    %dup/vec4;
    %pushi/vec4 18, 0, 8;
    %cmp/u;
    %jmp/1 T_1.8, 6;
    %dup/vec4;
    %pushi/vec4 7, 0, 8;
    %cmp/u;
    %jmp/1 T_1.9, 6;
    %dup/vec4;
    %pushi/vec4 8, 0, 8;
    %cmp/u;
    %jmp/1 T_1.10, 6;
    %dup/vec4;
    %pushi/vec4 9, 0, 8;
    %cmp/u;
    %jmp/1 T_1.11, 6;
    %dup/vec4;
    %pushi/vec4 10, 0, 8;
    %cmp/u;
    %jmp/1 T_1.12, 6;
    %dup/vec4;
    %pushi/vec4 11, 0, 8;
    %cmp/u;
    %jmp/1 T_1.13, 6;
    %dup/vec4;
    %pushi/vec4 12, 0, 8;
    %cmp/u;
    %jmp/1 T_1.14, 6;
    %dup/vec4;
    %pushi/vec4 13, 0, 8;
    %cmp/u;
    %jmp/1 T_1.15, 6;
    %dup/vec4;
    %pushi/vec4 14, 0, 8;
    %cmp/u;
    %jmp/1 T_1.16, 6;
    %dup/vec4;
    %pushi/vec4 15, 0, 8;
    %cmp/u;
    %jmp/1 T_1.17, 6;
    %dup/vec4;
    %pushi/vec4 16, 0, 8;
    %cmp/u;
    %jmp/1 T_1.18, 6;
    %dup/vec4;
    %pushi/vec4 19, 0, 8;
    %cmp/u;
    %jmp/1 T_1.19, 6;
    %dup/vec4;
    %pushi/vec4 20, 0, 8;
    %cmp/u;
    %jmp/1 T_1.20, 6;
    %dup/vec4;
    %pushi/vec4 21, 0, 8;
    %cmp/u;
    %jmp/1 T_1.21, 6;
    %pushi/vec4 0, 0, 8;
    %store/vec4 v000001b74c97f1c0_0, 0, 8;
    %jmp T_1.23;
T_1.0 ;
    %pushi/vec4 1, 0, 8;
    %store/vec4 v000001b74c97f1c0_0, 0, 8;
    %jmp T_1.23;
T_1.1 ;
    %pushi/vec4 2, 0, 8;
    %store/vec4 v000001b74c97f1c0_0, 0, 8;
    %jmp T_1.23;
T_1.2 ;
    %pushi/vec4 3, 0, 8;
    %store/vec4 v000001b74c97f1c0_0, 0, 8;
    %jmp T_1.23;
T_1.3 ;
    %load/vec4 v000001b74c97f620_0;
    %dup/vec4;
    %pushi/vec4 134, 0, 8;
    %cmp/u;
    %jmp/1 T_1.24, 6;
    %dup/vec4;
    %pushi/vec4 136, 0, 8;
    %cmp/u;
    %jmp/1 T_1.25, 6;
    %dup/vec4;
    %pushi/vec4 135, 0, 8;
    %cmp/u;
    %jmp/1 T_1.26, 6;
    %dup/vec4;
    %pushi/vec4 137, 0, 8;
    %cmp/u;
    %jmp/1 T_1.27, 6;
    %dup/vec4;
    %pushi/vec4 150, 0, 8;
    %cmp/u;
    %jmp/1 T_1.28, 6;
    %dup/vec4;
    %pushi/vec4 151, 0, 8;
    %cmp/u;
    %jmp/1 T_1.29, 6;
    %dup/vec4;
    %pushi/vec4 66, 0, 8;
    %cmp/u;
    %jmp/1 T_1.30, 6;
    %dup/vec4;
    %pushi/vec4 67, 0, 8;
    %cmp/u;
    %jmp/1 T_1.31, 6;
    %dup/vec4;
    %pushi/vec4 68, 0, 8;
    %cmp/u;
    %jmp/1 T_1.32, 6;
    %dup/vec4;
    %pushi/vec4 69, 0, 8;
    %cmp/u;
    %jmp/1 T_1.33, 6;
    %dup/vec4;
    %pushi/vec4 74, 0, 8;
    %cmp/u;
    %jmp/1 T_1.34, 6;
    %dup/vec4;
    %pushi/vec4 70, 0, 8;
    %cmp/u;
    %jmp/1 T_1.35, 6;
    %dup/vec4;
    %pushi/vec4 71, 0, 8;
    %cmp/u;
    %jmp/1 T_1.36, 6;
    %dup/vec4;
    %pushi/vec4 72, 0, 8;
    %cmp/u;
    %jmp/1 T_1.37, 6;
    %dup/vec4;
    %pushi/vec4 73, 0, 8;
    %cmp/u;
    %jmp/1 T_1.38, 6;
    %dup/vec4;
    %pushi/vec4 75, 0, 8;
    %cmp/u;
    %jmp/1 T_1.39, 6;
    %dup/vec4;
    %pushi/vec4 76, 0, 8;
    %cmp/u;
    %jmp/1 T_1.40, 6;
    %dup/vec4;
    %pushi/vec4 32, 0, 8;
    %cmp/u;
    %jmp/1 T_1.41, 6;
    %dup/vec4;
    %pushi/vec4 33, 0, 8;
    %cmp/u;
    %jmp/1 T_1.42, 6;
    %dup/vec4;
    %pushi/vec4 34, 0, 8;
    %cmp/u;
    %jmp/1 T_1.43, 6;
    %dup/vec4;
    %pushi/vec4 35, 0, 8;
    %cmp/u;
    %jmp/1 T_1.44, 6;
    %dup/vec4;
    %pushi/vec4 36, 0, 8;
    %cmp/u;
    %jmp/1 T_1.45, 6;
    %dup/vec4;
    %pushi/vec4 37, 0, 8;
    %cmp/u;
    %jmp/1 T_1.46, 6;
    %dup/vec4;
    %pushi/vec4 38, 0, 8;
    %cmp/u;
    %jmp/1 T_1.47, 6;
    %dup/vec4;
    %pushi/vec4 39, 0, 8;
    %cmp/u;
    %jmp/1 T_1.48, 6;
    %dup/vec4;
    %pushi/vec4 40, 0, 8;
    %cmp/u;
    %jmp/1 T_1.49, 6;
    %pushi/vec4 0, 0, 8;
    %store/vec4 v000001b74c97f1c0_0, 0, 8;
    %jmp T_1.51;
T_1.24 ;
    %pushi/vec4 4, 0, 8;
    %store/vec4 v000001b74c97f1c0_0, 0, 8;
    %jmp T_1.51;
T_1.25 ;
    %pushi/vec4 4, 0, 8;
    %store/vec4 v000001b74c97f1c0_0, 0, 8;
    %jmp T_1.51;
T_1.26 ;
    %pushi/vec4 7, 0, 8;
    %store/vec4 v000001b74c97f1c0_0, 0, 8;
    %jmp T_1.51;
T_1.27 ;
    %pushi/vec4 7, 0, 8;
    %store/vec4 v000001b74c97f1c0_0, 0, 8;
    %jmp T_1.51;
T_1.28 ;
    %pushi/vec4 12, 0, 8;
    %store/vec4 v000001b74c97f1c0_0, 0, 8;
    %jmp T_1.51;
T_1.29 ;
    %pushi/vec4 12, 0, 8;
    %store/vec4 v000001b74c97f1c0_0, 0, 8;
    %jmp T_1.51;
T_1.30 ;
    %pushi/vec4 17, 0, 8;
    %store/vec4 v000001b74c97f1c0_0, 0, 8;
    %jmp T_1.51;
T_1.31 ;
    %pushi/vec4 17, 0, 8;
    %store/vec4 v000001b74c97f1c0_0, 0, 8;
    %jmp T_1.51;
T_1.32 ;
    %pushi/vec4 17, 0, 8;
    %store/vec4 v000001b74c97f1c0_0, 0, 8;
    %jmp T_1.51;
T_1.33 ;
    %pushi/vec4 17, 0, 8;
    %store/vec4 v000001b74c97f1c0_0, 0, 8;
    %jmp T_1.51;
T_1.34 ;
    %pushi/vec4 17, 0, 8;
    %store/vec4 v000001b74c97f1c0_0, 0, 8;
    %jmp T_1.51;
T_1.35 ;
    %pushi/vec4 17, 0, 8;
    %store/vec4 v000001b74c97f1c0_0, 0, 8;
    %jmp T_1.51;
T_1.36 ;
    %pushi/vec4 17, 0, 8;
    %store/vec4 v000001b74c97f1c0_0, 0, 8;
    %jmp T_1.51;
T_1.37 ;
    %pushi/vec4 17, 0, 8;
    %store/vec4 v000001b74c97f1c0_0, 0, 8;
    %jmp T_1.51;
T_1.38 ;
    %pushi/vec4 17, 0, 8;
    %store/vec4 v000001b74c97f1c0_0, 0, 8;
    %jmp T_1.51;
T_1.39 ;
    %pushi/vec4 17, 0, 8;
    %store/vec4 v000001b74c97f1c0_0, 0, 8;
    %jmp T_1.51;
T_1.40 ;
    %pushi/vec4 17, 0, 8;
    %store/vec4 v000001b74c97f1c0_0, 0, 8;
    %jmp T_1.51;
T_1.41 ;
    %pushi/vec4 19, 0, 8;
    %store/vec4 v000001b74c97f1c0_0, 0, 8;
    %jmp T_1.51;
T_1.42 ;
    %pushi/vec4 19, 0, 8;
    %store/vec4 v000001b74c97f1c0_0, 0, 8;
    %jmp T_1.51;
T_1.43 ;
    %pushi/vec4 19, 0, 8;
    %store/vec4 v000001b74c97f1c0_0, 0, 8;
    %jmp T_1.51;
T_1.44 ;
    %pushi/vec4 19, 0, 8;
    %store/vec4 v000001b74c97f1c0_0, 0, 8;
    %jmp T_1.51;
T_1.45 ;
    %pushi/vec4 19, 0, 8;
    %store/vec4 v000001b74c97f1c0_0, 0, 8;
    %jmp T_1.51;
T_1.46 ;
    %pushi/vec4 19, 0, 8;
    %store/vec4 v000001b74c97f1c0_0, 0, 8;
    %jmp T_1.51;
T_1.47 ;
    %pushi/vec4 19, 0, 8;
    %store/vec4 v000001b74c97f1c0_0, 0, 8;
    %jmp T_1.51;
T_1.48 ;
    %pushi/vec4 19, 0, 8;
    %store/vec4 v000001b74c97f1c0_0, 0, 8;
    %jmp T_1.51;
T_1.49 ;
    %pushi/vec4 19, 0, 8;
    %store/vec4 v000001b74c97f1c0_0, 0, 8;
    %jmp T_1.51;
T_1.51 ;
    %pop/vec4 1;
    %jmp T_1.23;
T_1.4 ;
    %pushi/vec4 5, 0, 8;
    %store/vec4 v000001b74c97f1c0_0, 0, 8;
    %jmp T_1.23;
T_1.5 ;
    %pushi/vec4 6, 0, 8;
    %store/vec4 v000001b74c97f1c0_0, 0, 8;
    %jmp T_1.23;
T_1.6 ;
    %pushi/vec4 0, 0, 8;
    %store/vec4 v000001b74c97f1c0_0, 0, 8;
    %jmp T_1.23;
T_1.7 ;
    %pushi/vec4 18, 0, 8;
    %store/vec4 v000001b74c97f1c0_0, 0, 8;
    %jmp T_1.23;
T_1.8 ;
    %pushi/vec4 0, 0, 8;
    %store/vec4 v000001b74c97f1c0_0, 0, 8;
    %jmp T_1.23;
T_1.9 ;
    %pushi/vec4 8, 0, 8;
    %store/vec4 v000001b74c97f1c0_0, 0, 8;
    %jmp T_1.23;
T_1.10 ;
    %pushi/vec4 9, 0, 8;
    %store/vec4 v000001b74c97f1c0_0, 0, 8;
    %jmp T_1.23;
T_1.11 ;
    %pushi/vec4 10, 0, 8;
    %store/vec4 v000001b74c97f1c0_0, 0, 8;
    %jmp T_1.23;
T_1.12 ;
    %pushi/vec4 11, 0, 8;
    %store/vec4 v000001b74c97f1c0_0, 0, 8;
    %jmp T_1.23;
T_1.13 ;
    %pushi/vec4 0, 0, 8;
    %store/vec4 v000001b74c97f1c0_0, 0, 8;
    %jmp T_1.23;
T_1.14 ;
    %pushi/vec4 13, 0, 8;
    %store/vec4 v000001b74c97f1c0_0, 0, 8;
    %jmp T_1.23;
T_1.15 ;
    %pushi/vec4 14, 0, 8;
    %store/vec4 v000001b74c97f1c0_0, 0, 8;
    %jmp T_1.23;
T_1.16 ;
    %pushi/vec4 15, 0, 8;
    %store/vec4 v000001b74c97f1c0_0, 0, 8;
    %jmp T_1.23;
T_1.17 ;
    %pushi/vec4 16, 0, 8;
    %store/vec4 v000001b74c97f1c0_0, 0, 8;
    %jmp T_1.23;
T_1.18 ;
    %pushi/vec4 0, 0, 8;
    %store/vec4 v000001b74c97f1c0_0, 0, 8;
    %jmp T_1.23;
T_1.19 ;
    %pushi/vec4 20, 0, 8;
    %store/vec4 v000001b74c97f1c0_0, 0, 8;
    %jmp T_1.23;
T_1.20 ;
    %load/vec4 v000001b74c97f620_0;
    %cmpi/e 32, 0, 8;
    %jmp/0xz  T_1.52, 4;
    %pushi/vec4 21, 0, 8;
    %store/vec4 v000001b74c97f1c0_0, 0, 8;
    %jmp T_1.53;
T_1.52 ;
    %load/vec4 v000001b74c97f620_0;
    %cmpi/e 35, 0, 8;
    %flag_get/vec4 4;
    %jmp/0 T_1.56, 4;
    %load/vec4 v000001b74c97f120_0;
    %and;
T_1.56;
    %flag_set/vec4 8;
    %jmp/0xz  T_1.54, 8;
    %pushi/vec4 21, 0, 8;
    %store/vec4 v000001b74c97f1c0_0, 0, 8;
    %jmp T_1.55;
T_1.54 ;
    %load/vec4 v000001b74c97f620_0;
    %cmpi/e 36, 0, 8;
    %flag_get/vec4 4;
    %jmp/0 T_1.59, 4;
    %load/vec4 v000001b74c97f120_0;
    %nor/r;
    %and;
T_1.59;
    %flag_set/vec4 8;
    %jmp/0xz  T_1.57, 8;
    %pushi/vec4 21, 0, 8;
    %store/vec4 v000001b74c97f1c0_0, 0, 8;
    %jmp T_1.58;
T_1.57 ;
    %load/vec4 v000001b74c97f620_0;
    %cmpi/e 33, 0, 8;
    %flag_get/vec4 4;
    %jmp/0 T_1.62, 4;
    %load/vec4 v000001b74c97fd00_0;
    %and;
T_1.62;
    %flag_set/vec4 8;
    %jmp/0xz  T_1.60, 8;
    %pushi/vec4 21, 0, 8;
    %store/vec4 v000001b74c97f1c0_0, 0, 8;
    %jmp T_1.61;
T_1.60 ;
    %load/vec4 v000001b74c97f620_0;
    %cmpi/e 34, 0, 8;
    %flag_get/vec4 4;
    %jmp/0 T_1.65, 4;
    %load/vec4 v000001b74c97fd00_0;
    %nor/r;
    %and;
T_1.65;
    %flag_set/vec4 8;
    %jmp/0xz  T_1.63, 8;
    %pushi/vec4 21, 0, 8;
    %store/vec4 v000001b74c97f1c0_0, 0, 8;
    %jmp T_1.64;
T_1.63 ;
    %load/vec4 v000001b74c97f620_0;
    %cmpi/e 37, 0, 8;
    %flag_get/vec4 4;
    %jmp/0 T_1.68, 4;
    %load/vec4 v000001b74c97f4e0_0;
    %and;
T_1.68;
    %flag_set/vec4 8;
    %jmp/0xz  T_1.66, 8;
    %pushi/vec4 21, 0, 8;
    %store/vec4 v000001b74c97f1c0_0, 0, 8;
    %jmp T_1.67;
T_1.66 ;
    %load/vec4 v000001b74c97f620_0;
    %cmpi/e 38, 0, 8;
    %flag_get/vec4 4;
    %jmp/0 T_1.71, 4;
    %load/vec4 v000001b74c97f4e0_0;
    %nor/r;
    %and;
T_1.71;
    %flag_set/vec4 8;
    %jmp/0xz  T_1.69, 8;
    %pushi/vec4 21, 0, 8;
    %store/vec4 v000001b74c97f1c0_0, 0, 8;
    %jmp T_1.70;
T_1.69 ;
    %load/vec4 v000001b74c97f620_0;
    %cmpi/e 39, 0, 8;
    %flag_get/vec4 4;
    %jmp/0 T_1.74, 4;
    %load/vec4 v000001b74c97fe40_0;
    %and;
T_1.74;
    %flag_set/vec4 8;
    %jmp/0xz  T_1.72, 8;
    %pushi/vec4 21, 0, 8;
    %store/vec4 v000001b74c97f1c0_0, 0, 8;
    %jmp T_1.73;
T_1.72 ;
    %load/vec4 v000001b74c97f620_0;
    %cmpi/e 40, 0, 8;
    %flag_get/vec4 4;
    %jmp/0 T_1.77, 4;
    %load/vec4 v000001b74c97fe40_0;
    %nor/r;
    %and;
T_1.77;
    %flag_set/vec4 8;
    %jmp/0xz  T_1.75, 8;
    %pushi/vec4 21, 0, 8;
    %store/vec4 v000001b74c97f1c0_0, 0, 8;
    %jmp T_1.76;
T_1.75 ;
    %pushi/vec4 0, 0, 8;
    %store/vec4 v000001b74c97f1c0_0, 0, 8;
T_1.76 ;
T_1.73 ;
T_1.70 ;
T_1.67 ;
T_1.64 ;
T_1.61 ;
T_1.58 ;
T_1.55 ;
T_1.53 ;
    %jmp T_1.23;
T_1.21 ;
    %pushi/vec4 0, 0, 8;
    %store/vec4 v000001b74c97f1c0_0, 0, 8;
    %jmp T_1.23;
T_1.23 ;
    %pop/vec4 1;
    %jmp T_1;
    .thread T_1, $push;
    .scope S_000001b74c8c2f40;
T_2 ;
    %wait E_000001b74c922150;
    %pushi/vec4 0, 0, 8;
    %split/vec4 1;
    %store/vec4 v000001b74c97f760_0, 0, 1;
    %split/vec4 1;
    %store/vec4 v000001b74c97f580_0, 0, 1;
    %split/vec4 1;
    %store/vec4 v000001b74c8f4b50_0, 0, 1;
    %split/vec4 1;
    %store/vec4 v000001b74c8f4ab0_0, 0, 1;
    %split/vec4 1;
    %store/vec4 v000001b74c97ff80_0, 0, 1;
    %split/vec4 1;
    %store/vec4 v000001b74c97fda0_0, 0, 1;
    %split/vec4 1;
    %store/vec4 v000001b74c97f440_0, 0, 1;
    %store/vec4 v000001b74c97fbc0_0, 0, 1;
    %pushi/vec4 0, 0, 3;
    %store/vec4 v000001b74c8c3260_0, 0, 3;
    %pushi/vec4 0, 0, 2;
    %store/vec4 v000001b74c8f4bf0_0, 0, 2;
    %pushi/vec4 0, 0, 2;
    %store/vec4 v000001b74c97f030_0, 0, 2;
    %load/vec4 v000001b74c97f6c0_0;
    %dup/vec4;
    %pushi/vec4 0, 0, 8;
    %cmp/u;
    %jmp/1 T_2.0, 6;
    %dup/vec4;
    %pushi/vec4 1, 0, 8;
    %cmp/u;
    %jmp/1 T_2.1, 6;
    %dup/vec4;
    %pushi/vec4 2, 0, 8;
    %cmp/u;
    %jmp/1 T_2.2, 6;
    %dup/vec4;
    %pushi/vec4 3, 0, 8;
    %cmp/u;
    %jmp/1 T_2.3, 6;
    %dup/vec4;
    %pushi/vec4 4, 0, 8;
    %cmp/u;
    %jmp/1 T_2.4, 6;
    %dup/vec4;
    %pushi/vec4 5, 0, 8;
    %cmp/u;
    %jmp/1 T_2.5, 6;
    %dup/vec4;
    %pushi/vec4 6, 0, 8;
    %cmp/u;
    %jmp/1 T_2.6, 6;
    %dup/vec4;
    %pushi/vec4 17, 0, 8;
    %cmp/u;
    %jmp/1 T_2.7, 6;
    %dup/vec4;
    %pushi/vec4 18, 0, 8;
    %cmp/u;
    %jmp/1 T_2.8, 6;
    %dup/vec4;
    %pushi/vec4 7, 0, 8;
    %cmp/u;
    %jmp/1 T_2.9, 6;
    %dup/vec4;
    %pushi/vec4 8, 0, 8;
    %cmp/u;
    %jmp/1 T_2.10, 6;
    %dup/vec4;
    %pushi/vec4 9, 0, 8;
    %cmp/u;
    %jmp/1 T_2.11, 6;
    %dup/vec4;
    %pushi/vec4 10, 0, 8;
    %cmp/u;
    %jmp/1 T_2.12, 6;
    %dup/vec4;
    %pushi/vec4 11, 0, 8;
    %cmp/u;
    %jmp/1 T_2.13, 6;
    %dup/vec4;
    %pushi/vec4 12, 0, 8;
    %cmp/u;
    %jmp/1 T_2.14, 6;
    %dup/vec4;
    %pushi/vec4 13, 0, 8;
    %cmp/u;
    %jmp/1 T_2.15, 6;
    %dup/vec4;
    %pushi/vec4 14, 0, 8;
    %cmp/u;
    %jmp/1 T_2.16, 6;
    %dup/vec4;
    %pushi/vec4 15, 0, 8;
    %cmp/u;
    %jmp/1 T_2.17, 6;
    %dup/vec4;
    %pushi/vec4 16, 0, 8;
    %cmp/u;
    %jmp/1 T_2.18, 6;
    %dup/vec4;
    %pushi/vec4 19, 0, 8;
    %cmp/u;
    %jmp/1 T_2.19, 6;
    %dup/vec4;
    %pushi/vec4 20, 0, 8;
    %cmp/u;
    %jmp/1 T_2.20, 6;
    %dup/vec4;
    %pushi/vec4 21, 0, 8;
    %cmp/u;
    %jmp/1 T_2.21, 6;
    %jmp T_2.22;
T_2.0 ;
    %pushi/vec4 1, 0, 1;
    %store/vec4 v000001b74c97f440_0, 0, 1;
    %pushi/vec4 0, 0, 2;
    %store/vec4 v000001b74c8f4bf0_0, 0, 2;
    %pushi/vec4 1, 0, 2;
    %store/vec4 v000001b74c97f030_0, 0, 2;
    %jmp T_2.22;
T_2.1 ;
    %pushi/vec4 1, 0, 1;
    %store/vec4 v000001b74c97fbc0_0, 0, 1;
    %pushi/vec4 1, 0, 1;
    %store/vec4 v000001b74c97ff80_0, 0, 1;
    %pushi/vec4 2, 0, 2;
    %store/vec4 v000001b74c97f030_0, 0, 2;
    %jmp T_2.22;
T_2.2 ;
    %pushi/vec4 1, 0, 1;
    %store/vec4 v000001b74c97f440_0, 0, 1;
    %pushi/vec4 0, 0, 2;
    %store/vec4 v000001b74c8f4bf0_0, 0, 2;
    %pushi/vec4 1, 0, 2;
    %store/vec4 v000001b74c97f030_0, 0, 2;
    %jmp T_2.22;
T_2.3 ;
    %jmp T_2.22;
T_2.4 ;
    %pushi/vec4 1, 0, 1;
    %store/vec4 v000001b74c97ff80_0, 0, 1;
    %load/vec4 v000001b74c97f620_0;
    %cmpi/e 134, 0, 8;
    %jmp/0xz  T_2.23, 4;
    %pushi/vec4 1, 0, 1;
    %store/vec4 v000001b74c8f4ab0_0, 0, 1;
T_2.23 ;
    %load/vec4 v000001b74c97f620_0;
    %cmpi/e 136, 0, 8;
    %jmp/0xz  T_2.25, 4;
    %pushi/vec4 1, 0, 1;
    %store/vec4 v000001b74c8f4b50_0, 0, 1;
T_2.25 ;
    %pushi/vec4 2, 0, 2;
    %store/vec4 v000001b74c97f030_0, 0, 2;
    %jmp T_2.22;
T_2.5 ;
    %load/vec4 v000001b74c97f620_0;
    %cmpi/e 134, 0, 8;
    %jmp/0xz  T_2.27, 4;
    %pushi/vec4 1, 0, 1;
    %store/vec4 v000001b74c8f4ab0_0, 0, 1;
T_2.27 ;
    %load/vec4 v000001b74c97f620_0;
    %cmpi/e 136, 0, 8;
    %jmp/0xz  T_2.29, 4;
    %pushi/vec4 1, 0, 1;
    %store/vec4 v000001b74c8f4b50_0, 0, 1;
T_2.29 ;
    %pushi/vec4 2, 0, 2;
    %store/vec4 v000001b74c97f030_0, 0, 2;
    %jmp T_2.22;
T_2.6 ;
    %jmp T_2.22;
T_2.7 ;
    %pushi/vec4 1, 0, 1;
    %store/vec4 v000001b74c97f580_0, 0, 1;
    %pushi/vec4 0, 0, 2;
    %store/vec4 v000001b74c97f030_0, 0, 2;
    %load/vec4 v000001b74c97f620_0;
    %dup/vec4;
    %pushi/vec4 66, 0, 8;
    %cmp/u;
    %jmp/1 T_2.31, 6;
    %dup/vec4;
    %pushi/vec4 67, 0, 8;
    %cmp/u;
    %jmp/1 T_2.32, 6;
    %dup/vec4;
    %pushi/vec4 68, 0, 8;
    %cmp/u;
    %jmp/1 T_2.33, 6;
    %dup/vec4;
    %pushi/vec4 69, 0, 8;
    %cmp/u;
    %jmp/1 T_2.34, 6;
    %dup/vec4;
    %pushi/vec4 74, 0, 8;
    %cmp/u;
    %jmp/1 T_2.35, 6;
    %dup/vec4;
    %pushi/vec4 70, 0, 8;
    %cmp/u;
    %jmp/1 T_2.36, 6;
    %dup/vec4;
    %pushi/vec4 72, 0, 8;
    %cmp/u;
    %jmp/1 T_2.37, 6;
    %dup/vec4;
    %pushi/vec4 75, 0, 8;
    %cmp/u;
    %jmp/1 T_2.38, 6;
    %dup/vec4;
    %pushi/vec4 71, 0, 8;
    %cmp/u;
    %jmp/1 T_2.39, 6;
    %dup/vec4;
    %pushi/vec4 73, 0, 8;
    %cmp/u;
    %jmp/1 T_2.40, 6;
    %dup/vec4;
    %pushi/vec4 76, 0, 8;
    %cmp/u;
    %jmp/1 T_2.41, 6;
    %jmp T_2.42;
T_2.31 ;
    %pushi/vec4 1, 0, 1;
    %store/vec4 v000001b74c8f4ab0_0, 0, 1;
    %pushi/vec4 1, 0, 2;
    %store/vec4 v000001b74c8f4bf0_0, 0, 2;
    %pushi/vec4 0, 0, 3;
    %store/vec4 v000001b74c8c3260_0, 0, 3;
    %jmp T_2.42;
T_2.32 ;
    %pushi/vec4 1, 0, 1;
    %store/vec4 v000001b74c8f4ab0_0, 0, 1;
    %pushi/vec4 1, 0, 2;
    %store/vec4 v000001b74c8f4bf0_0, 0, 2;
    %pushi/vec4 2, 0, 3;
    %store/vec4 v000001b74c8c3260_0, 0, 3;
    %jmp T_2.42;
T_2.33 ;
    %pushi/vec4 1, 0, 1;
    %store/vec4 v000001b74c8f4ab0_0, 0, 1;
    %pushi/vec4 1, 0, 2;
    %store/vec4 v000001b74c8f4bf0_0, 0, 2;
    %pushi/vec4 3, 0, 3;
    %store/vec4 v000001b74c8c3260_0, 0, 3;
    %jmp T_2.42;
T_2.34 ;
    %pushi/vec4 1, 0, 1;
    %store/vec4 v000001b74c8f4ab0_0, 0, 1;
    %pushi/vec4 1, 0, 2;
    %store/vec4 v000001b74c8f4bf0_0, 0, 2;
    %pushi/vec4 4, 0, 3;
    %store/vec4 v000001b74c8c3260_0, 0, 3;
    %jmp T_2.42;
T_2.35 ;
    %pushi/vec4 1, 0, 1;
    %store/vec4 v000001b74c8f4ab0_0, 0, 1;
    %pushi/vec4 1, 0, 2;
    %store/vec4 v000001b74c8f4bf0_0, 0, 2;
    %pushi/vec4 5, 0, 3;
    %store/vec4 v000001b74c8c3260_0, 0, 3;
    %jmp T_2.42;
T_2.36 ;
    %pushi/vec4 1, 0, 1;
    %store/vec4 v000001b74c8f4ab0_0, 0, 1;
    %pushi/vec4 1, 0, 2;
    %store/vec4 v000001b74c8f4bf0_0, 0, 2;
    %pushi/vec4 1, 0, 3;
    %store/vec4 v000001b74c8c3260_0, 0, 3;
    %jmp T_2.42;
T_2.37 ;
    %pushi/vec4 1, 0, 1;
    %store/vec4 v000001b74c8f4ab0_0, 0, 1;
    %pushi/vec4 1, 0, 2;
    %store/vec4 v000001b74c8f4bf0_0, 0, 2;
    %pushi/vec4 6, 0, 3;
    %store/vec4 v000001b74c8c3260_0, 0, 3;
    %jmp T_2.42;
T_2.38 ;
    %pushi/vec4 1, 0, 1;
    %store/vec4 v000001b74c8f4ab0_0, 0, 1;
    %pushi/vec4 1, 0, 2;
    %store/vec4 v000001b74c8f4bf0_0, 0, 2;
    %pushi/vec4 7, 0, 3;
    %store/vec4 v000001b74c8c3260_0, 0, 3;
    %jmp T_2.42;
T_2.39 ;
    %pushi/vec4 1, 0, 1;
    %store/vec4 v000001b74c8f4b50_0, 0, 1;
    %pushi/vec4 2, 0, 2;
    %store/vec4 v000001b74c8f4bf0_0, 0, 2;
    %pushi/vec4 1, 0, 3;
    %store/vec4 v000001b74c8c3260_0, 0, 3;
    %jmp T_2.42;
T_2.40 ;
    %pushi/vec4 1, 0, 1;
    %store/vec4 v000001b74c8f4b50_0, 0, 1;
    %pushi/vec4 2, 0, 2;
    %store/vec4 v000001b74c8f4bf0_0, 0, 2;
    %pushi/vec4 6, 0, 3;
    %store/vec4 v000001b74c8c3260_0, 0, 3;
    %jmp T_2.42;
T_2.41 ;
    %pushi/vec4 1, 0, 1;
    %store/vec4 v000001b74c8f4b50_0, 0, 1;
    %pushi/vec4 2, 0, 2;
    %store/vec4 v000001b74c8f4bf0_0, 0, 2;
    %pushi/vec4 7, 0, 3;
    %store/vec4 v000001b74c8c3260_0, 0, 3;
    %jmp T_2.42;
T_2.42 ;
    %pop/vec4 1;
    %jmp T_2.22;
T_2.8 ;
    %jmp T_2.22;
T_2.9 ;
    %pushi/vec4 1, 0, 1;
    %store/vec4 v000001b74c97f440_0, 0, 1;
    %pushi/vec4 1, 0, 1;
    %store/vec4 v000001b74c97ff80_0, 0, 1;
    %pushi/vec4 1, 0, 3;
    %store/vec4 v000001b74c8c3260_0, 0, 3;
    %pushi/vec4 2, 0, 2;
    %store/vec4 v000001b74c97f030_0, 0, 2;
    %jmp T_2.22;
T_2.10 ;
    %jmp T_2.22;
T_2.11 ;
    %pushi/vec4 1, 0, 3;
    %store/vec4 v000001b74c8c3260_0, 0, 3;
    %pushi/vec4 2, 0, 2;
    %store/vec4 v000001b74c97f030_0, 0, 2;
    %jmp T_2.22;
T_2.12 ;
    %jmp T_2.22;
T_2.13 ;
    %pushi/vec4 1, 0, 1;
    %store/vec4 v000001b74c97f580_0, 0, 1;
    %pushi/vec4 2, 0, 2;
    %store/vec4 v000001b74c97f030_0, 0, 2;
    %load/vec4 v000001b74c97f620_0;
    %cmpi/e 135, 0, 8;
    %jmp/0xz  T_2.43, 4;
    %pushi/vec4 1, 0, 1;
    %store/vec4 v000001b74c8f4ab0_0, 0, 1;
T_2.43 ;
    %load/vec4 v000001b74c97f620_0;
    %cmpi/e 137, 0, 8;
    %jmp/0xz  T_2.45, 4;
    %pushi/vec4 1, 0, 1;
    %store/vec4 v000001b74c8f4b50_0, 0, 1;
T_2.45 ;
    %jmp T_2.22;
T_2.14 ;
    %pushi/vec4 1, 0, 1;
    %store/vec4 v000001b74c97ff80_0, 0, 1;
    %pushi/vec4 1, 0, 3;
    %store/vec4 v000001b74c8c3260_0, 0, 3;
    %pushi/vec4 2, 0, 2;
    %store/vec4 v000001b74c97f030_0, 0, 2;
    %jmp T_2.22;
T_2.15 ;
    %jmp T_2.22;
T_2.16 ;
    %pushi/vec4 1, 0, 1;
    %store/vec4 v000001b74c97ff80_0, 0, 1;
    %pushi/vec4 1, 0, 3;
    %store/vec4 v000001b74c8c3260_0, 0, 3;
    %pushi/vec4 2, 0, 2;
    %store/vec4 v000001b74c97f030_0, 0, 2;
    %jmp T_2.22;
T_2.17 ;
    %jmp T_2.22;
T_2.18 ;
    %pushi/vec4 1, 0, 1;
    %store/vec4 v000001b74c97f760_0, 0, 1;
    %load/vec4 v000001b74c97f620_0;
    %cmpi/e 150, 0, 8;
    %jmp/0xz  T_2.47, 4;
    %pushi/vec4 1, 0, 2;
    %store/vec4 v000001b74c8f4bf0_0, 0, 2;
T_2.47 ;
    %load/vec4 v000001b74c97f620_0;
    %cmpi/e 151, 0, 8;
    %jmp/0xz  T_2.49, 4;
    %pushi/vec4 2, 0, 2;
    %store/vec4 v000001b74c8f4bf0_0, 0, 2;
T_2.49 ;
    %jmp T_2.22;
T_2.19 ;
    %pushi/vec4 1, 0, 1;
    %store/vec4 v000001b74c97f440_0, 0, 1;
    %pushi/vec4 1, 0, 1;
    %store/vec4 v000001b74c97ff80_0, 0, 1;
    %pushi/vec4 1, 0, 3;
    %store/vec4 v000001b74c8c3260_0, 0, 3;
    %pushi/vec4 2, 0, 2;
    %store/vec4 v000001b74c97f030_0, 0, 2;
    %jmp T_2.22;
T_2.20 ;
    %pushi/vec4 1, 0, 1;
    %store/vec4 v000001b74c97f440_0, 0, 1;
    %pushi/vec4 1, 0, 1;
    %store/vec4 v000001b74c97ff80_0, 0, 1;
    %pushi/vec4 1, 0, 3;
    %store/vec4 v000001b74c8c3260_0, 0, 3;
    %pushi/vec4 2, 0, 2;
    %store/vec4 v000001b74c97f030_0, 0, 2;
    %jmp T_2.22;
T_2.21 ;
    %pushi/vec4 1, 0, 1;
    %store/vec4 v000001b74c97fda0_0, 0, 1;
    %pushi/vec4 2, 0, 2;
    %store/vec4 v000001b74c97f030_0, 0, 2;
    %jmp T_2.22;
T_2.22 ;
    %pop/vec4 1;
    %jmp T_2;
    .thread T_2, $push;
# The file index is used to find the file name in the following table.
:file_names 4;
    "N/A";
    "<interactive>";
    "-";
    "APS4\APS4\control_unit_marcos.v";
