#! /c/Source/iverilog-install/bin/vvp
:ivl_version "12.0 (devel)" "(s20150603-1539-g2693dd32b)";
:ivl_delay_selection "TYPICAL";
:vpi_time_precision + 0;
:vpi_module "E:\Marcos01\iverilog\lib\ivl\system.vpi";
:vpi_module "E:\Marcos01\iverilog\lib\ivl\vhdl_sys.vpi";
:vpi_module "E:\Marcos01\iverilog\lib\ivl\vhdl_textio.vpi";
:vpi_module "E:\Marcos01\iverilog\lib\ivl\v2005_math.vpi";
:vpi_module "E:\Marcos01\iverilog\lib\ivl\va_math.vpi";
:vpi_module "E:\Marcos01\iverilog\lib\ivl\v2009.vpi";
S_0000023cdd162db0 .scope package, "$unit" "$unit" 2 1;
 .timescale 0 0;
S_0000023cdd162f40 .scope module, "control_unit" "control_unit" 3 1;
 .timescale 0 0;
    .port_info 0 /OUTPUT 1 "IR_Load";
    .port_info 1 /OUTPUT 1 "MAR_Load";
    .port_info 2 /OUTPUT 1 "PC_Load";
    .port_info 3 /OUTPUT 1 "PC_Inc";
    .port_info 4 /OUTPUT 1 "A_Load";
    .port_info 5 /OUTPUT 1 "B_Load";
    .port_info 6 /OUTPUT 1 "CCR_Load";
    .port_info 7 /OUTPUT 3 "ALU_Sel";
    .port_info 8 /OUTPUT 2 "Bus1_Sel";
    .port_info 9 /OUTPUT 2 "Bus2_Sel";
    .port_info 10 /OUTPUT 1 "write";
    .port_info 11 /INPUT 8 "IR";
    .port_info 12 /INPUT 4 "CCR_Result";
    .port_info 13 /INPUT 1 "Clk";
    .port_info 14 /INPUT 1 "Reset";
P_0000023cdd18e790 .param/l "ADD_AB" 0 3 27, C4<01000010>;
P_0000023cdd18e7c8 .param/l "BEQ" 0 3 29, C4<00100011>;
P_0000023cdd18e800 .param/l "BNE" 0 3 30, C4<00100100>;
P_0000023cdd18e838 .param/l "BRA" 0 3 28, C4<00100000>;
P_0000023cdd18e870 .param/l "LDA_DIR" 0 3 22, C4<10000111>;
P_0000023cdd18e8a8 .param/l "LDA_IMM" 0 3 21, C4<10000110>;
P_0000023cdd18e8e0 .param/l "LDB_DIR" 0 3 24, C4<10001001>;
P_0000023cdd18e918 .param/l "LDB_IMM" 0 3 23, C4<10001000>;
P_0000023cdd18e950 .param/l "S0_FETCH" 0 3 34, C4<00000000>;
P_0000023cdd18e988 .param/l "S1_FETCH_WAIT" 0 3 35, C4<00000001>;
P_0000023cdd18e9c0 .param/l "S2_FETCH_DONE" 0 3 36, C4<00000010>;
P_0000023cdd18e9f8 .param/l "S3_DECODE" 0 3 37, C4<00000011>;
P_0000023cdd18ea30 .param/l "S4_ALU" 0 3 47, C4<00001101>;
P_0000023cdd18ea68 .param/l "S4_BR_ADDR" 0 3 48, C4<00001110>;
P_0000023cdd18eaa0 .param/l "S4_DIR_ADDR_RD" 0 3 41, C4<00000111>;
P_0000023cdd18ead8 .param/l "S4_LDR_IMM_MAR" 0 3 38, C4<00000100>;
P_0000023cdd18eb10 .param/l "S5_BR_WAIT" 0 3 49, C4<00001111>;
P_0000023cdd18eb48 .param/l "S5_DIR_ADDR_WT" 0 3 42, C4<00001000>;
P_0000023cdd18eb80 .param/l "S5_LDR_IMM_WT" 0 3 39, C4<00000101>;
P_0000023cdd18ebb8 .param/l "S6_BR_DONE" 0 3 50, C4<00010000>;
P_0000023cdd18ebf0 .param/l "S6_DIR_ADDR_LD" 0 3 43, C4<00001001>;
P_0000023cdd18ec28 .param/l "S6_LDR_IMM_LD" 0 3 40, C4<00000110>;
P_0000023cdd18ec60 .param/l "S7_DIR_RW_OP" 0 3 44, C4<00001010>;
P_0000023cdd18ec98 .param/l "S8_DIR_RW_WT" 0 3 45, C4<00001011>;
P_0000023cdd18ecd0 .param/l "S9_DIR_RW_DONE" 0 3 46, C4<00001100>;
P_0000023cdd18ed08 .param/l "STA_DIR" 0 3 25, C4<10010110>;
P_0000023cdd18ed40 .param/l "STB_DIR" 0 3 26, C4<10010111>;
v0000023cdd163260_0 .var "ALU_Sel", 2 0;
v0000023cdd1942f0_0 .var "A_Load", 0 0;
v0000023cdd194390_0 .var "B_Load", 0 0;
v0000023cdd194430_0 .var "Bus1_Sel", 1 0;
v0000023cdd1944d0_0 .var "Bus2_Sel", 1 0;
v0000023cdd194570_0 .net "C", 0 0, L_0000023cdd204200;  1 drivers
v0000023cdd194610_0 .var "CCR_Load", 0 0;
o0000023cdd1b0108 .functor BUFZ 4, C4<zzzz>; HiZ drive
v0000023cdd1946b0_0 .net "CCR_Result", 3 0, o0000023cdd1b0108;  0 drivers
o0000023cdd1b0138 .functor BUFZ 1, C4<z>; HiZ drive
v0000023cdd204700_0 .net "Clk", 0 0, o0000023cdd1b0138;  0 drivers
o0000023cdd1b0168 .functor BUFZ 8, C4<zzzzzzzz>; HiZ drive
v0000023cdd204160_0 .net "IR", 7 0, o0000023cdd1b0168;  0 drivers
v0000023cdd203a80_0 .var "IR_Load", 0 0;
v0000023cdd204020_0 .var "MAR_Load", 0 0;
v0000023cdd203b20_0 .net "N", 0 0, L_0000023cdd203e40;  1 drivers
v0000023cdd203bc0_0 .var "PC_Inc", 0 0;
v0000023cdd2038a0_0 .var "PC_Load", 0 0;
o0000023cdd1b0288 .functor BUFZ 1, C4<z>; HiZ drive
v0000023cdd203c60_0 .net "Reset", 0 0, o0000023cdd1b0288;  0 drivers
v0000023cdd2047a0_0 .net "V", 0 0, L_0000023cdd2040c0;  1 drivers
v0000023cdd203d00_0 .net "Z", 0 0, L_0000023cdd204520;  1 drivers
v0000023cdd203da0_0 .var "current_state", 7 0;
v0000023cdd204340_0 .var "next_state", 7 0;
v0000023cdd2043e0_0 .var "write", 0 0;
E_0000023cdd18c110 .event anyedge, v0000023cdd203da0_0, v0000023cdd204160_0, v0000023cdd203d00_0;
E_0000023cdd18bed0 .event anyedge, v0000023cdd203da0_0, v0000023cdd204160_0;
E_0000023cdd18bf10/0 .event negedge, v0000023cdd203c60_0;
E_0000023cdd18bf10/1 .event posedge, v0000023cdd204700_0;
E_0000023cdd18bf10 .event/or E_0000023cdd18bf10/0, E_0000023cdd18bf10/1;
L_0000023cdd203e40 .part o0000023cdd1b0108, 3, 1;
L_0000023cdd204520 .part o0000023cdd1b0108, 2, 1;
L_0000023cdd2040c0 .part o0000023cdd1b0108, 1, 1;
L_0000023cdd204200 .part o0000023cdd1b0108, 0, 1;
    .scope S_0000023cdd162f40;
T_0 ;
    %wait E_0000023cdd18bf10;
    %load/vec4 v0000023cdd203c60_0;
    %nor/r;
    %flag_set/vec4 8;
    %jmp/0xz  T_0.0, 8;
    %pushi/vec4 0, 0, 8;
    %assign/vec4 v0000023cdd203da0_0, 0;
    %jmp T_0.1;
T_0.0 ;
    %load/vec4 v0000023cdd204340_0;
    %assign/vec4 v0000023cdd203da0_0, 0;
T_0.1 ;
    %jmp T_0;
    .thread T_0;
    .scope S_0000023cdd162f40;
T_1 ;
    %wait E_0000023cdd18bed0;
    %pushi/vec4 0, 0, 8;
    %store/vec4 v0000023cdd204340_0, 0, 8;
    %load/vec4 v0000023cdd203da0_0;
    %dup/vec4;
    %pushi/vec4 0, 0, 8;
    %cmp/u;
    %jmp/1 T_1.0, 6;
    %dup/vec4;
    %pushi/vec4 1, 0, 8;
    %cmp/u;
    %jmp/1 T_1.1, 6;
    %dup/vec4;
    %pushi/vec4 2, 0, 8;
    %cmp/u;
    %jmp/1 T_1.2, 6;
    %dup/vec4;
    %pushi/vec4 3, 0, 8;
    %cmp/u;
    %jmp/1 T_1.3, 6;
    %dup/vec4;
    %pushi/vec4 4, 0, 8;
    %cmp/u;
    %jmp/1 T_1.4, 6;
    %dup/vec4;
    %pushi/vec4 5, 0, 8;
    %cmp/u;
    %jmp/1 T_1.5, 6;
    %dup/vec4;
    %pushi/vec4 6, 0, 8;
    %cmp/u;
    %jmp/1 T_1.6, 6;
    %dup/vec4;
    %pushi/vec4 7, 0, 8;
    %cmp/u;
    %jmp/1 T_1.7, 6;
    %dup/vec4;
    %pushi/vec4 8, 0, 8;
    %cmp/u;
    %jmp/1 T_1.8, 6;
    %dup/vec4;
    %pushi/vec4 9, 0, 8;
    %cmp/u;
    %jmp/1 T_1.9, 6;
    %dup/vec4;
    %pushi/vec4 10, 0, 8;
    %cmp/u;
    %jmp/1 T_1.10, 6;
    %dup/vec4;
    %pushi/vec4 11, 0, 8;
    %cmp/u;
    %jmp/1 T_1.11, 6;
    %dup/vec4;
    %pushi/vec4 12, 0, 8;
    %cmp/u;
    %jmp/1 T_1.12, 6;
    %dup/vec4;
    %pushi/vec4 13, 0, 8;
    %cmp/u;
    %jmp/1 T_1.13, 6;
    %dup/vec4;
    %pushi/vec4 14, 0, 8;
    %cmp/u;
    %jmp/1 T_1.14, 6;
    %dup/vec4;
    %pushi/vec4 15, 0, 8;
    %cmp/u;
    %jmp/1 T_1.15, 6;
    %dup/vec4;
    %pushi/vec4 16, 0, 8;
    %cmp/u;
    %jmp/1 T_1.16, 6;
    %pushi/vec4 0, 0, 8;
    %store/vec4 v0000023cdd204340_0, 0, 8;
    %jmp T_1.18;
T_1.0 ;
    %pushi/vec4 1, 0, 8;
    %store/vec4 v0000023cdd204340_0, 0, 8;
    %jmp T_1.18;
T_1.1 ;
    %pushi/vec4 2, 0, 8;
    %store/vec4 v0000023cdd204340_0, 0, 8;
    %jmp T_1.18;
T_1.2 ;
    %pushi/vec4 3, 0, 8;
    %store/vec4 v0000023cdd204340_0, 0, 8;
    %jmp T_1.18;
T_1.3 ;
    %load/vec4 v0000023cdd204160_0;
    %dup/vec4;
    %pushi/vec4 134, 0, 8;
    %cmp/u;
    %jmp/1 T_1.19, 6;
    %dup/vec4;
    %pushi/vec4 136, 0, 8;
    %cmp/u;
    %jmp/1 T_1.20, 6;
    %dup/vec4;
    %pushi/vec4 135, 0, 8;
    %cmp/u;
    %jmp/1 T_1.21, 6;
    %dup/vec4;
    %pushi/vec4 137, 0, 8;
    %cmp/u;
    %jmp/1 T_1.22, 6;
    %dup/vec4;
    %pushi/vec4 150, 0, 8;
    %cmp/u;
    %jmp/1 T_1.23, 6;
    %dup/vec4;
    %pushi/vec4 151, 0, 8;
    %cmp/u;
    %jmp/1 T_1.24, 6;
    %dup/vec4;
    %pushi/vec4 66, 0, 8;
    %cmp/u;
    %jmp/1 T_1.25, 6;
    %dup/vec4;
    %pushi/vec4 32, 0, 8;
    %cmp/u;
    %jmp/1 T_1.26, 6;
    %dup/vec4;
    %pushi/vec4 35, 0, 8;
    %cmp/u;
    %jmp/1 T_1.27, 6;
    %dup/vec4;
    %pushi/vec4 36, 0, 8;
    %cmp/u;
    %jmp/1 T_1.28, 6;
    %pushi/vec4 0, 0, 8;
    %store/vec4 v0000023cdd204340_0, 0, 8;
    %jmp T_1.30;
T_1.19 ;
    %pushi/vec4 4, 0, 8;
    %store/vec4 v0000023cdd204340_0, 0, 8;
    %jmp T_1.30;
T_1.20 ;
    %pushi/vec4 4, 0, 8;
    %store/vec4 v0000023cdd204340_0, 0, 8;
    %jmp T_1.30;
T_1.21 ;
    %pushi/vec4 7, 0, 8;
    %store/vec4 v0000023cdd204340_0, 0, 8;
    %jmp T_1.30;
T_1.22 ;
    %pushi/vec4 7, 0, 8;
    %store/vec4 v0000023cdd204340_0, 0, 8;
    %jmp T_1.30;
T_1.23 ;
    %pushi/vec4 7, 0, 8;
    %store/vec4 v0000023cdd204340_0, 0, 8;
    %jmp T_1.30;
T_1.24 ;
    %pushi/vec4 7, 0, 8;
    %store/vec4 v0000023cdd204340_0, 0, 8;
    %jmp T_1.30;
T_1.25 ;
    %pushi/vec4 13, 0, 8;
    %store/vec4 v0000023cdd204340_0, 0, 8;
    %jmp T_1.30;
T_1.26 ;
    %pushi/vec4 14, 0, 8;
    %store/vec4 v0000023cdd204340_0, 0, 8;
    %jmp T_1.30;
T_1.27 ;
    %pushi/vec4 14, 0, 8;
    %store/vec4 v0000023cdd204340_0, 0, 8;
    %jmp T_1.30;
T_1.28 ;
    %pushi/vec4 14, 0, 8;
    %store/vec4 v0000023cdd204340_0, 0, 8;
    %jmp T_1.30;
T_1.30 ;
    %pop/vec4 1;
    %jmp T_1.18;
T_1.4 ;
    %pushi/vec4 5, 0, 8;
    %store/vec4 v0000023cdd204340_0, 0, 8;
    %jmp T_1.18;
T_1.5 ;
    %pushi/vec4 6, 0, 8;
    %store/vec4 v0000023cdd204340_0, 0, 8;
    %jmp T_1.18;
T_1.6 ;
    %pushi/vec4 0, 0, 8;
    %store/vec4 v0000023cdd204340_0, 0, 8;
    %jmp T_1.18;
T_1.7 ;
    %pushi/vec4 8, 0, 8;
    %store/vec4 v0000023cdd204340_0, 0, 8;
    %jmp T_1.18;
T_1.8 ;
    %pushi/vec4 9, 0, 8;
    %store/vec4 v0000023cdd204340_0, 0, 8;
    %jmp T_1.18;
T_1.9 ;
    %pushi/vec4 10, 0, 8;
    %store/vec4 v0000023cdd204340_0, 0, 8;
    %jmp T_1.18;
T_1.10 ;
    %pushi/vec4 11, 0, 8;
    %store/vec4 v0000023cdd204340_0, 0, 8;
    %jmp T_1.18;
T_1.11 ;
    %pushi/vec4 12, 0, 8;
    %store/vec4 v0000023cdd204340_0, 0, 8;
    %jmp T_1.18;
T_1.12 ;
    %pushi/vec4 0, 0, 8;
    %store/vec4 v0000023cdd204340_0, 0, 8;
    %jmp T_1.18;
T_1.13 ;
    %pushi/vec4 0, 0, 8;
    %store/vec4 v0000023cdd204340_0, 0, 8;
    %jmp T_1.18;
T_1.14 ;
    %pushi/vec4 15, 0, 8;
    %store/vec4 v0000023cdd204340_0, 0, 8;
    %jmp T_1.18;
T_1.15 ;
    %pushi/vec4 16, 0, 8;
    %store/vec4 v0000023cdd204340_0, 0, 8;
    %jmp T_1.18;
T_1.16 ;
    %pushi/vec4 0, 0, 8;
    %store/vec4 v0000023cdd204340_0, 0, 8;
    %jmp T_1.18;
T_1.18 ;
    %pop/vec4 1;
    %jmp T_1;
    .thread T_1, $push;
    .scope S_0000023cdd162f40;
T_2 ;
    %wait E_0000023cdd18c110;
    %pushi/vec4 0, 0, 8;
    %split/vec4 1;
    %store/vec4 v0000023cdd2043e0_0, 0, 1;
    %split/vec4 1;
    %store/vec4 v0000023cdd194610_0, 0, 1;
    %split/vec4 1;
    %store/vec4 v0000023cdd194390_0, 0, 1;
    %split/vec4 1;
    %store/vec4 v0000023cdd1942f0_0, 0, 1;
    %split/vec4 1;
    %store/vec4 v0000023cdd203bc0_0, 0, 1;
    %split/vec4 1;
    %store/vec4 v0000023cdd2038a0_0, 0, 1;
    %split/vec4 1;
    %store/vec4 v0000023cdd204020_0, 0, 1;
    %store/vec4 v0000023cdd203a80_0, 0, 1;
    %pushi/vec4 0, 0, 3;
    %store/vec4 v0000023cdd163260_0, 0, 3;
    %pushi/vec4 0, 0, 2;
    %store/vec4 v0000023cdd194430_0, 0, 2;
    %pushi/vec4 0, 0, 2;
    %store/vec4 v0000023cdd1944d0_0, 0, 2;
    %load/vec4 v0000023cdd203da0_0;
    %dup/vec4;
    %pushi/vec4 0, 0, 8;
    %cmp/u;
    %jmp/1 T_2.0, 6;
    %dup/vec4;
    %pushi/vec4 1, 0, 8;
    %cmp/u;
    %jmp/1 T_2.1, 6;
    %dup/vec4;
    %pushi/vec4 2, 0, 8;
    %cmp/u;
    %jmp/1 T_2.2, 6;
    %dup/vec4;
    %pushi/vec4 4, 0, 8;
    %cmp/u;
    %jmp/1 T_2.3, 6;
    %dup/vec4;
    %pushi/vec4 5, 0, 8;
    %cmp/u;
    %jmp/1 T_2.4, 6;
    %dup/vec4;
    %pushi/vec4 6, 0, 8;
    %cmp/u;
    %jmp/1 T_2.5, 6;
    %dup/vec4;
    %pushi/vec4 7, 0, 8;
    %cmp/u;
    %jmp/1 T_2.6, 6;
    %dup/vec4;
    %pushi/vec4 8, 0, 8;
    %cmp/u;
    %jmp/1 T_2.7, 6;
    %dup/vec4;
    %pushi/vec4 9, 0, 8;
    %cmp/u;
    %jmp/1 T_2.8, 6;
    %dup/vec4;
    %pushi/vec4 10, 0, 8;
    %cmp/u;
    %jmp/1 T_2.9, 6;
    %dup/vec4;
    %pushi/vec4 11, 0, 8;
    %cmp/u;
    %jmp/1 T_2.10, 6;
    %dup/vec4;
    %pushi/vec4 12, 0, 8;
    %cmp/u;
    %jmp/1 T_2.11, 6;
    %dup/vec4;
    %pushi/vec4 13, 0, 8;
    %cmp/u;
    %jmp/1 T_2.12, 6;
    %dup/vec4;
    %pushi/vec4 14, 0, 8;
    %cmp/u;
    %jmp/1 T_2.13, 6;
    %dup/vec4;
    %pushi/vec4 15, 0, 8;
    %cmp/u;
    %jmp/1 T_2.14, 6;
    %dup/vec4;
    %pushi/vec4 16, 0, 8;
    %cmp/u;
    %jmp/1 T_2.15, 6;
    %jmp T_2.16;
T_2.0 ;
    %pushi/vec4 1, 0, 1;
    %store/vec4 v0000023cdd204020_0, 0, 1;
    %pushi/vec4 0, 0, 2;
    %store/vec4 v0000023cdd194430_0, 0, 2;
    %pushi/vec4 1, 0, 2;
    %store/vec4 v0000023cdd1944d0_0, 0, 2;
    %jmp T_2.16;
T_2.1 ;
    %jmp T_2.16;
T_2.2 ;
    %pushi/vec4 1, 0, 1;
    %store/vec4 v0000023cdd203a80_0, 0, 1;
    %pushi/vec4 1, 0, 1;
    %store/vec4 v0000023cdd203bc0_0, 0, 1;
    %pushi/vec4 2, 0, 2;
    %store/vec4 v0000023cdd1944d0_0, 0, 2;
    %jmp T_2.16;
T_2.3 ;
    %pushi/vec4 1, 0, 1;
    %store/vec4 v0000023cdd204020_0, 0, 1;
    %pushi/vec4 0, 0, 2;
    %store/vec4 v0000023cdd194430_0, 0, 2;
    %pushi/vec4 1, 0, 2;
    %store/vec4 v0000023cdd1944d0_0, 0, 2;
    %jmp T_2.16;
T_2.4 ;
    %jmp T_2.16;
T_2.5 ;
    %pushi/vec4 2, 0, 2;
    %store/vec4 v0000023cdd1944d0_0, 0, 2;
    %pushi/vec4 1, 0, 1;
    %store/vec4 v0000023cdd203bc0_0, 0, 1;
    %load/vec4 v0000023cdd204160_0;
    %cmpi/e 134, 0, 8;
    %jmp/0xz  T_2.17, 4;
    %pushi/vec4 1, 0, 1;
    %store/vec4 v0000023cdd1942f0_0, 0, 1;
    %jmp T_2.18;
T_2.17 ;
    %pushi/vec4 1, 0, 1;
    %store/vec4 v0000023cdd194390_0, 0, 1;
T_2.18 ;
    %jmp T_2.16;
T_2.6 ;
    %pushi/vec4 1, 0, 1;
    %store/vec4 v0000023cdd204020_0, 0, 1;
    %pushi/vec4 0, 0, 2;
    %store/vec4 v0000023cdd194430_0, 0, 2;
    %pushi/vec4 1, 0, 2;
    %store/vec4 v0000023cdd1944d0_0, 0, 2;
    %jmp T_2.16;
T_2.7 ;
    %jmp T_2.16;
T_2.8 ;
    %pushi/vec4 1, 0, 1;
    %store/vec4 v0000023cdd204020_0, 0, 1;
    %pushi/vec4 2, 0, 2;
    %store/vec4 v0000023cdd1944d0_0, 0, 2;
    %pushi/vec4 1, 0, 1;
    %store/vec4 v0000023cdd203bc0_0, 0, 1;
    %jmp T_2.16;
T_2.9 ;
    %jmp T_2.16;
T_2.10 ;
    %load/vec4 v0000023cdd204160_0;
    %cmpi/e 135, 0, 8;
    %jmp/1 T_2.21, 4;
    %flag_mov 8, 4;
    %load/vec4 v0000023cdd204160_0;
    %cmpi/e 137, 0, 8;
    %flag_or 4, 8;
T_2.21;
    %jmp/0xz  T_2.19, 4;
    %pushi/vec4 2, 0, 2;
    %store/vec4 v0000023cdd1944d0_0, 0, 2;
    %load/vec4 v0000023cdd204160_0;
    %cmpi/e 135, 0, 8;
    %jmp/0xz  T_2.22, 4;
    %pushi/vec4 1, 0, 1;
    %store/vec4 v0000023cdd1942f0_0, 0, 1;
    %jmp T_2.23;
T_2.22 ;
    %pushi/vec4 1, 0, 1;
    %store/vec4 v0000023cdd194390_0, 0, 1;
T_2.23 ;
    %jmp T_2.20;
T_2.19 ;
    %pushi/vec4 1, 0, 1;
    %store/vec4 v0000023cdd2043e0_0, 0, 1;
    %load/vec4 v0000023cdd204160_0;
    %cmpi/e 150, 0, 8;
    %flag_mov 8, 4;
    %jmp/0 T_2.24, 8;
    %pushi/vec4 1, 0, 2;
    %jmp/1 T_2.25, 8;
T_2.24 ; End of true expr.
    %pushi/vec4 2, 0, 2;
    %jmp/0 T_2.25, 8;
 ; End of false expr.
    %blend;
T_2.25;
    %store/vec4 v0000023cdd194430_0, 0, 2;
T_2.20 ;
    %jmp T_2.16;
T_2.11 ;
    %jmp T_2.16;
T_2.12 ;
    %pushi/vec4 1, 0, 1;
    %store/vec4 v0000023cdd194610_0, 0, 1;
    %pushi/vec4 0, 0, 2;
    %store/vec4 v0000023cdd1944d0_0, 0, 2;
    %load/vec4 v0000023cdd204160_0;
    %cmpi/e 66, 0, 8;
    %jmp/0xz  T_2.26, 4;
    %pushi/vec4 1, 0, 1;
    %store/vec4 v0000023cdd1942f0_0, 0, 1;
    %pushi/vec4 0, 0, 3;
    %store/vec4 v0000023cdd163260_0, 0, 3;
    %pushi/vec4 1, 0, 2;
    %store/vec4 v0000023cdd194430_0, 0, 2;
T_2.26 ;
    %jmp T_2.16;
T_2.13 ;
    %pushi/vec4 1, 0, 1;
    %store/vec4 v0000023cdd204020_0, 0, 1;
    %pushi/vec4 0, 0, 2;
    %store/vec4 v0000023cdd194430_0, 0, 2;
    %pushi/vec4 1, 0, 2;
    %store/vec4 v0000023cdd1944d0_0, 0, 2;
    %jmp T_2.16;
T_2.14 ;
    %jmp T_2.16;
T_2.15 ;
    %load/vec4 v0000023cdd204160_0;
    %cmpi/e 32, 0, 8;
    %jmp/1 T_2.31, 4;
    %flag_mov 8, 4;
    %load/vec4 v0000023cdd204160_0;
    %cmpi/e 35, 0, 8;
    %flag_get/vec4 4;
    %jmp/0 T_2.32, 4;
    %load/vec4 v0000023cdd203d00_0;
    %and;
T_2.32;
    %flag_set/vec4 9;
    %flag_or 9, 8;
    %flag_mov 4, 9;
T_2.31;
    %jmp/1 T_2.30, 4;
    %flag_mov 8, 4;
    %load/vec4 v0000023cdd204160_0;
    %cmpi/e 36, 0, 8;
    %flag_get/vec4 4;
    %jmp/0 T_2.33, 4;
    %load/vec4 v0000023cdd203d00_0;
    %nor/r;
    %and;
T_2.33;
    %flag_set/vec4 9;
    %flag_or 9, 8;
    %flag_mov 4, 9;
T_2.30;
    %jmp/0xz  T_2.28, 4;
    %pushi/vec4 1, 0, 1;
    %store/vec4 v0000023cdd2038a0_0, 0, 1;
    %pushi/vec4 2, 0, 2;
    %store/vec4 v0000023cdd1944d0_0, 0, 2;
    %jmp T_2.29;
T_2.28 ;
    %pushi/vec4 1, 0, 1;
    %store/vec4 v0000023cdd203bc0_0, 0, 1;
T_2.29 ;
    %jmp T_2.16;
T_2.16 ;
    %pop/vec4 1;
    %jmp T_2;
    .thread T_2, $push;
# The file index is used to find the file name in the following table.
:file_names 4;
    "N/A";
    "<interactive>";
    "-";
    "APS4-Q4\control_unit.v";
